2025-08-24 20:14:38,622 - INFO - === PDF Margin Annotator Started ===
2025-08-24 20:14:38,623 - INFO - Log file: logs/pdf_margin_annotator_20250824_201438.log
2025-08-24 20:14:38,624 - INFO - Loading reference values from: margin_baseline_reference.txt
2025-08-24 20:14:38,625 - INFO - Successfully loaded 20 reference values
2025-08-24 20:14:38,627 - INFO - Found pair: 02-Exodus.pdf + 02-Exodus.xlsx -> 02-Exodus_annotated.pdf
2025-08-24 20:14:38,627 - INFO - Found 1 file pair(s) to process
2025-08-24 20:14:38,628 - INFO - === Processing 02-Exodus ===
2025-08-24 20:14:38,629 - INFO - Excel: 02-Exodus.xlsx
2025-08-24 20:14:38,630 - INFO - PDF: 02-Exodus.pdf
2025-08-24 20:14:38,630 - INFO - Output: 02-Exodus_annotated.pdf
2025-08-24 20:14:38,631 - INFO - Using center point: 3.766 inches
2025-08-24 20:14:38,632 - INFO - Using page height: 9.25 inches
2025-08-24 20:14:38,632 - INFO - Loading Excel file: 02-Exodus.xlsx
2025-08-24 20:14:38,661 - INFO - Excel file loaded successfully
2025-08-24 20:14:38,663 - INFO - Found RED cell: Page 1, Column 'Running Head Baseline (in)', Value: 7.16
2025-08-24 20:14:38,663 - INFO - Added annotation #1: RED Running Head Baseline (in). Text is 7.16 inches from the top. Normally text is 1.129
2025-08-24 20:14:38,664 - INFO - Found YELLOW cell: Page 3, Column 'Bottom Scripture Baseline Column 1 (in)', Value: 1.444
2025-08-24 20:14:38,664 - WARNING - No mapping found for column 'Bottom Scripture Baseline Column 1 (in)'
2025-08-24 20:14:38,665 - WARNING - No reference value found for 'Bottom Scripture Baseline Column 1 (in)' on Right pages, creating annotation without reference
2025-08-24 20:14:38,665 - INFO - Added annotation #2: YELLOW Bottom Scripture Baseline Column 1 (in). Text is 1.444 inches from the bottom. No reference available
2025-08-24 20:14:38,665 - INFO - Found YELLOW cell: Page 3, Column 'Bottom Scripture Baseline Column 2 (in)', Value: 1.444
2025-08-24 20:14:38,666 - WARNING - No mapping found for column 'Bottom Scripture Baseline Column 2 (in)'
2025-08-24 20:14:38,667 - WARNING - No reference value found for 'Bottom Scripture Baseline Column 2 (in)' on Right pages, creating annotation without reference
2025-08-24 20:14:38,667 - INFO - Added annotation #3: YELLOW Bottom Scripture Baseline Column 2 (in). Text is 1.444 inches from the bottom. No reference available
2025-08-24 20:14:38,667 - INFO - Found YELLOW cell: Page 3, Column 'Footnote Baseline (in)', Value: 1.011
2025-08-24 20:14:38,668 - INFO - Added annotation #4: YELLOW Footnote Baseline (in). Text is 1.011 inches from the bottom. Normally text is 0.997
2025-08-24 20:14:38,668 - INFO - Found YELLOW cell: Page 5, Column 'Bottom Scripture Baseline Column 1 (in)', Value: 1.007
2025-08-24 20:14:38,669 - WARNING - No mapping found for column 'Bottom Scripture Baseline Column 1 (in)'
2025-08-24 20:14:38,669 - WARNING - No reference value found for 'Bottom Scripture Baseline Column 1 (in)' on Right pages, creating annotation without reference
2025-08-24 20:14:38,669 - INFO - Added annotation #5: YELLOW Bottom Scripture Baseline Column 1 (in). Text is 1.007 inches from the bottom. No reference available
2025-08-24 20:14:38,670 - INFO - Found YELLOW cell: Page 5, Column 'Bottom Scripture Baseline Column 2 (in)', Value: 1.007
2025-08-24 20:14:38,670 - WARNING - No mapping found for column 'Bottom Scripture Baseline Column 2 (in)'
2025-08-24 20:14:38,670 - WARNING - No reference value found for 'Bottom Scripture Baseline Column 2 (in)' on Right pages, creating annotation without reference
2025-08-24 20:14:38,670 - INFO - Added annotation #6: YELLOW Bottom Scripture Baseline Column 2 (in). Text is 1.007 inches from the bottom. No reference available
2025-08-24 20:14:38,671 - INFO - Found YELLOW cell: Page 8, Column 'Footnote Baseline (in)', Value: 1.007
2025-08-24 20:14:38,671 - INFO - Added annotation #7: YELLOW Footnote Baseline (in). Text is 1.007 inches from the bottom. Normally text is 0.997
2025-08-24 20:14:38,672 - INFO - Found YELLOW cell: Page 10, Column 'Bottom Scripture Baseline Column 1 (in)', Value: 1.007
2025-08-24 20:14:38,672 - WARNING - No mapping found for column 'Bottom Scripture Baseline Column 1 (in)'
2025-08-24 20:14:38,672 - WARNING - No reference value found for 'Bottom Scripture Baseline Column 1 (in)' on Left pages, creating annotation without reference
2025-08-24 20:14:38,672 - INFO - Added annotation #8: YELLOW Bottom Scripture Baseline Column 1 (in). Text is 1.007 inches from the bottom. No reference available
2025-08-24 20:14:38,673 - INFO - Found YELLOW cell: Page 10, Column 'Bottom Scripture Baseline Column 2 (in)', Value: 1.007
2025-08-24 20:14:38,673 - WARNING - No mapping found for column 'Bottom Scripture Baseline Column 2 (in)'
2025-08-24 20:14:38,673 - WARNING - No reference value found for 'Bottom Scripture Baseline Column 2 (in)' on Left pages, creating annotation without reference
2025-08-24 20:14:38,674 - INFO - Added annotation #9: YELLOW Bottom Scripture Baseline Column 2 (in). Text is 1.007 inches from the bottom. No reference available
2025-08-24 20:14:38,675 - INFO - Found YELLOW cell: Page 13, Column 'Bottom Scripture Baseline Column 1 (in)', Value: 1.007
2025-08-24 20:14:38,675 - WARNING - No mapping found for column 'Bottom Scripture Baseline Column 1 (in)'
2025-08-24 20:14:38,675 - WARNING - No reference value found for 'Bottom Scripture Baseline Column 1 (in)' on Right pages, creating annotation without reference
2025-08-24 20:14:38,676 - INFO - Added annotation #10: YELLOW Bottom Scripture Baseline Column 1 (in). Text is 1.007 inches from the bottom. No reference available
2025-08-24 20:14:38,676 - INFO - Found YELLOW cell: Page 13, Column 'Bottom Scripture Baseline Column 2 (in)', Value: 1.007
2025-08-24 20:14:38,677 - WARNING - No mapping found for column 'Bottom Scripture Baseline Column 2 (in)'
2025-08-24 20:14:38,677 - WARNING - No reference value found for 'Bottom Scripture Baseline Column 2 (in)' on Right pages, creating annotation without reference
2025-08-24 20:14:38,678 - INFO - Added annotation #11: YELLOW Bottom Scripture Baseline Column 2 (in). Text is 1.007 inches from the bottom. No reference available
2025-08-24 20:14:38,679 - INFO - Found YELLOW cell: Page 14, Column 'Bottom Scripture Baseline Column 1 (in)', Value: 1.007
2025-08-24 20:14:38,679 - WARNING - No mapping found for column 'Bottom Scripture Baseline Column 1 (in)'
2025-08-24 20:14:38,679 - WARNING - No reference value found for 'Bottom Scripture Baseline Column 1 (in)' on Left pages, creating annotation without reference
2025-08-24 20:14:38,680 - INFO - Added annotation #12: YELLOW Bottom Scripture Baseline Column 1 (in). Text is 1.007 inches from the bottom. No reference available
2025-08-24 20:14:38,680 - INFO - Found YELLOW cell: Page 14, Column 'Bottom Scripture Baseline Column 2 (in)', Value: 1.007
2025-08-24 20:14:38,681 - WARNING - No mapping found for column 'Bottom Scripture Baseline Column 2 (in)'
2025-08-24 20:14:38,681 - WARNING - No reference value found for 'Bottom Scripture Baseline Column 2 (in)' on Left pages, creating annotation without reference
2025-08-24 20:14:38,681 - INFO - Added annotation #13: YELLOW Bottom Scripture Baseline Column 2 (in). Text is 1.007 inches from the bottom. No reference available
2025-08-24 20:14:38,682 - INFO - Found YELLOW cell: Page 15, Column 'Bottom Scripture Baseline Column 1 (in)', Value: 1.007
2025-08-24 20:14:38,682 - WARNING - No mapping found for column 'Bottom Scripture Baseline Column 1 (in)'
2025-08-24 20:14:38,682 - WARNING - No reference value found for 'Bottom Scripture Baseline Column 1 (in)' on Right pages, creating annotation without reference
2025-08-24 20:14:38,682 - INFO - Added annotation #14: YELLOW Bottom Scripture Baseline Column 1 (in). Text is 1.007 inches from the bottom. No reference available
2025-08-24 20:14:38,682 - INFO - Found YELLOW cell: Page 15, Column 'Bottom Scripture Baseline Column 2 (in)', Value: 1.007
2025-08-24 20:14:38,683 - WARNING - No mapping found for column 'Bottom Scripture Baseline Column 2 (in)'
2025-08-24 20:14:38,683 - WARNING - No reference value found for 'Bottom Scripture Baseline Column 2 (in)' on Right pages, creating annotation without reference
2025-08-24 20:14:38,684 - INFO - Added annotation #15: YELLOW Bottom Scripture Baseline Column 2 (in). Text is 1.007 inches from the bottom. No reference available
2025-08-24 20:14:38,684 - INFO - Found YELLOW cell: Page 19, Column 'Footnote Baseline (in)', Value: 1.007
2025-08-24 20:14:38,685 - INFO - Added annotation #16: YELLOW Footnote Baseline (in). Text is 1.007 inches from the bottom. Normally text is 0.997
2025-08-24 20:14:38,686 - INFO - Found YELLOW cell: Page 24, Column 'Bottom Scripture Baseline Column 1 (in)', Value: 1.444
2025-08-24 20:14:38,686 - WARNING - No mapping found for column 'Bottom Scripture Baseline Column 1 (in)'
2025-08-24 20:14:38,687 - WARNING - No reference value found for 'Bottom Scripture Baseline Column 1 (in)' on Left pages, creating annotation without reference
2025-08-24 20:14:38,687 - INFO - Added annotation #17: YELLOW Bottom Scripture Baseline Column 1 (in). Text is 1.444 inches from the bottom. No reference available
2025-08-24 20:14:38,688 - INFO - Found YELLOW cell: Page 24, Column 'Bottom Scripture Baseline Column 2 (in)', Value: 1.444
2025-08-24 20:14:38,688 - WARNING - No mapping found for column 'Bottom Scripture Baseline Column 2 (in)'
2025-08-24 20:14:38,688 - WARNING - No reference value found for 'Bottom Scripture Baseline Column 2 (in)' on Left pages, creating annotation without reference
2025-08-24 20:14:38,689 - INFO - Added annotation #18: YELLOW Bottom Scripture Baseline Column 2 (in). Text is 1.444 inches from the bottom. No reference available
2025-08-24 20:14:38,689 - INFO - Found YELLOW cell: Page 28, Column 'Bottom Scripture Baseline Column 1 (in)', Value: 1.007
2025-08-24 20:14:38,690 - WARNING - No mapping found for column 'Bottom Scripture Baseline Column 1 (in)'
2025-08-24 20:14:38,690 - WARNING - No reference value found for 'Bottom Scripture Baseline Column 1 (in)' on Left pages, creating annotation without reference
2025-08-24 20:14:38,690 - INFO - Added annotation #19: YELLOW Bottom Scripture Baseline Column 1 (in). Text is 1.007 inches from the bottom. No reference available
2025-08-24 20:14:38,690 - INFO - Found YELLOW cell: Page 28, Column 'Bottom Scripture Baseline Column 2 (in)', Value: 1.007
2025-08-24 20:14:38,691 - WARNING - No mapping found for column 'Bottom Scripture Baseline Column 2 (in)'
2025-08-24 20:14:38,691 - WARNING - No reference value found for 'Bottom Scripture Baseline Column 2 (in)' on Left pages, creating annotation without reference
2025-08-24 20:14:38,691 - INFO - Added annotation #20: YELLOW Bottom Scripture Baseline Column 2 (in). Text is 1.007 inches from the bottom. No reference available
2025-08-24 20:14:38,693 - INFO - Found YELLOW cell: Page 29, Column 'Bottom Scripture Baseline Column 1 (in)', Value: 1.007
2025-08-24 20:14:38,693 - WARNING - No mapping found for column 'Bottom Scripture Baseline Column 1 (in)'
2025-08-24 20:14:38,693 - WARNING - No reference value found for 'Bottom Scripture Baseline Column 1 (in)' on Right pages, creating annotation without reference
2025-08-24 20:14:38,694 - INFO - Added annotation #21: YELLOW Bottom Scripture Baseline Column 1 (in). Text is 1.007 inches from the bottom. No reference available
2025-08-24 20:14:38,694 - INFO - Found YELLOW cell: Page 29, Column 'Bottom Scripture Baseline Column 2 (in)', Value: 1.007
2025-08-24 20:14:38,695 - WARNING - No mapping found for column 'Bottom Scripture Baseline Column 2 (in)'
2025-08-24 20:14:38,695 - WARNING - No reference value found for 'Bottom Scripture Baseline Column 2 (in)' on Right pages, creating annotation without reference
2025-08-24 20:14:38,695 - INFO - Added annotation #22: YELLOW Bottom Scripture Baseline Column 2 (in). Text is 1.007 inches from the bottom. No reference available
2025-08-24 20:14:38,696 - INFO - Found YELLOW cell: Page 31, Column 'Footnote Baseline (in)', Value: 1.007
2025-08-24 20:14:38,696 - INFO - Added annotation #23: YELLOW Footnote Baseline (in). Text is 1.007 inches from the bottom. Normally text is 0.997
2025-08-24 20:14:38,697 - INFO - Found YELLOW cell: Page 32, Column 'Bottom Scripture Baseline Column 1 (in)', Value: 3.194
2025-08-24 20:14:38,698 - WARNING - No mapping found for column 'Bottom Scripture Baseline Column 1 (in)'
2025-08-24 20:14:38,698 - WARNING - No reference value found for 'Bottom Scripture Baseline Column 1 (in)' on Left pages, creating annotation without reference
2025-08-24 20:14:38,699 - INFO - Added annotation #24: YELLOW Bottom Scripture Baseline Column 1 (in). Text is 3.194 inches from the bottom. No reference available
2025-08-24 20:14:38,699 - INFO - Found YELLOW cell: Page 32, Column 'Bottom Scripture Baseline Column 2 (in)', Value: 3.194
2025-08-24 20:14:38,699 - WARNING - No mapping found for column 'Bottom Scripture Baseline Column 2 (in)'
2025-08-24 20:14:38,699 - WARNING - No reference value found for 'Bottom Scripture Baseline Column 2 (in)' on Left pages, creating annotation without reference
2025-08-24 20:14:38,700 - INFO - Added annotation #25: YELLOW Bottom Scripture Baseline Column 2 (in). Text is 3.194 inches from the bottom. No reference available
2025-08-24 20:14:38,701 - INFO - Found YELLOW cell: Page 34, Column 'Bottom Scripture Baseline Column 1 (in)', Value: 1.007
2025-08-24 20:14:38,701 - WARNING - No mapping found for column 'Bottom Scripture Baseline Column 1 (in)'
2025-08-24 20:14:38,701 - WARNING - No reference value found for 'Bottom Scripture Baseline Column 1 (in)' on Left pages, creating annotation without reference
2025-08-24 20:14:38,702 - INFO - Added annotation #26: YELLOW Bottom Scripture Baseline Column 1 (in). Text is 1.007 inches from the bottom. No reference available
2025-08-24 20:14:38,702 - INFO - Found YELLOW cell: Page 34, Column 'Bottom Scripture Baseline Column 2 (in)', Value: 1.007
2025-08-24 20:14:38,703 - WARNING - No mapping found for column 'Bottom Scripture Baseline Column 2 (in)'
2025-08-24 20:14:38,703 - WARNING - No reference value found for 'Bottom Scripture Baseline Column 2 (in)' on Left pages, creating annotation without reference
2025-08-24 20:14:38,703 - INFO - Added annotation #27: YELLOW Bottom Scripture Baseline Column 2 (in). Text is 1.007 inches from the bottom. No reference available
2025-08-24 20:14:38,704 - INFO - Found RED cell: Page 35, Column 'Footnote Baseline (in)', Value: 5.25
2025-08-24 20:14:38,705 - INFO - Added annotation #28: RED Footnote Baseline (in). Text is 5.25 inches from the bottom. Normally text is 0.997
2025-08-24 20:14:38,705 - INFO - Found YELLOW cell: Page 36, Column 'Bottom Scripture Baseline Column 1 (in)', Value: 3.34
2025-08-24 20:14:38,705 - WARNING - No mapping found for column 'Bottom Scripture Baseline Column 1 (in)'
2025-08-24 20:14:38,705 - WARNING - No reference value found for 'Bottom Scripture Baseline Column 1 (in)' on Left pages, creating annotation without reference
2025-08-24 20:14:38,706 - INFO - Added annotation #29: YELLOW Bottom Scripture Baseline Column 1 (in). Text is 3.34 inches from the bottom. No reference available
2025-08-24 20:14:38,706 - INFO - Found YELLOW cell: Page 36, Column 'Bottom Scripture Baseline Column 2 (in)', Value: 3.34
2025-08-24 20:14:38,706 - WARNING - No mapping found for column 'Bottom Scripture Baseline Column 2 (in)'
2025-08-24 20:14:38,708 - WARNING - No reference value found for 'Bottom Scripture Baseline Column 2 (in)' on Left pages, creating annotation without reference
2025-08-24 20:14:38,709 - INFO - Added annotation #30: YELLOW Bottom Scripture Baseline Column 2 (in). Text is 3.34 inches from the bottom. No reference available
2025-08-24 20:14:38,710 - INFO - Found RED cell: Page 36, Column 'Footnote Baseline (in)', Value: 3.049
2025-08-24 20:14:38,710 - INFO - Added annotation #31: RED Footnote Baseline (in). Text is 3.049 inches from the bottom. Normally text is 0.997
2025-08-24 20:14:38,711 - INFO - Found YELLOW cell: Page 37, Column 'Bottom Scripture Baseline Column 1 (in)', Value: 1.007
2025-08-24 20:14:38,711 - WARNING - No mapping found for column 'Bottom Scripture Baseline Column 1 (in)'
2025-08-24 20:14:38,711 - WARNING - No reference value found for 'Bottom Scripture Baseline Column 1 (in)' on Right pages, creating annotation without reference
2025-08-24 20:14:38,712 - INFO - Added annotation #32: YELLOW Bottom Scripture Baseline Column 1 (in). Text is 1.007 inches from the bottom. No reference available
2025-08-24 20:14:38,712 - INFO - Found YELLOW cell: Page 37, Column 'Bottom Scripture Baseline Column 2 (in)', Value: 1.007
2025-08-24 20:14:38,712 - WARNING - No mapping found for column 'Bottom Scripture Baseline Column 2 (in)'
2025-08-24 20:14:38,713 - WARNING - No reference value found for 'Bottom Scripture Baseline Column 2 (in)' on Right pages, creating annotation without reference
2025-08-24 20:14:38,713 - INFO - Added annotation #33: YELLOW Bottom Scripture Baseline Column 2 (in). Text is 1.007 inches from the bottom. No reference available
2025-08-24 20:14:38,713 - INFO - Found YELLOW cell: Page 39, Column 'Bottom Scripture Baseline Column 1 (in)', Value: 1.007
2025-08-24 20:14:38,713 - WARNING - No mapping found for column 'Bottom Scripture Baseline Column 1 (in)'
2025-08-24 20:14:38,714 - WARNING - No reference value found for 'Bottom Scripture Baseline Column 1 (in)' on Right pages, creating annotation without reference
2025-08-24 20:14:38,715 - INFO - Added annotation #34: YELLOW Bottom Scripture Baseline Column 1 (in). Text is 1.007 inches from the bottom. No reference available
2025-08-24 20:14:38,715 - INFO - Found YELLOW cell: Page 39, Column 'Bottom Scripture Baseline Column 2 (in)', Value: 1.007
2025-08-24 20:14:38,715 - WARNING - No mapping found for column 'Bottom Scripture Baseline Column 2 (in)'
2025-08-24 20:14:38,715 - WARNING - No reference value found for 'Bottom Scripture Baseline Column 2 (in)' on Right pages, creating annotation without reference
2025-08-24 20:14:38,715 - INFO - Added annotation #35: YELLOW Bottom Scripture Baseline Column 2 (in). Text is 1.007 inches from the bottom. No reference available
2025-08-24 20:14:38,716 - INFO - Found RED cell: Page 39, Column 'Column 1 Right Edge (in)', Value: 2.802
2025-08-24 20:14:38,716 - INFO - Added annotation #36: RED Column 1 Right Edge (in). Text is 2.802 inches from the side. Normally text is 3.725
2025-08-24 20:14:38,717 - INFO - Found RED cell: Page 39, Column 'Column 1 Max Width (in)', Value: 3.448
2025-08-24 20:14:38,718 - INFO - Added annotation #37: RED Column 1 Max Width (in). Text is 3.448 inches from the side. Normally text is 2.525
2025-08-24 20:14:38,718 - INFO - Found RED cell: Page 39, Column 'Column 2 Left Edge (in)', Value: 2.898
2025-08-24 20:14:38,719 - INFO - Added annotation #38: RED Column 2 Left Edge (in). Text is 2.898 inches from the side. Normally text is 3.882
2025-08-24 20:14:38,719 - INFO - Found RED cell: Page 39, Column 'Column 2 Right Edge (in)', Value: 2.802
2025-08-24 20:14:38,719 - INFO - Added annotation #39: RED Column 2 Right Edge (in). Text is 2.802 inches from the side. Normally text is 1.093
2025-08-24 20:14:38,719 - INFO - Found RED cell: Page 39, Column 'Column 2 Max Width (in)', Value: 1.801
2025-08-24 20:14:38,720 - INFO - Added annotation #40: RED Column 2 Max Width (in). Text is 1.801 inches from the side. Normally text is 2.525
2025-08-24 20:14:38,720 - INFO - Found RED cell: Page 39, Column 'Column Gap Width (in)', Value: -1.801
2025-08-24 20:14:38,720 - INFO - Added annotation #41: RED Column Gap Width (in). Text is -1.801 inches from the side. Normally text is 0.107
2025-08-24 20:14:38,721 - INFO - Found YELLOW cell: Page 41, Column 'Bottom Scripture Baseline Column 1 (in)', Value: 4.799
2025-08-24 20:14:38,721 - WARNING - No mapping found for column 'Bottom Scripture Baseline Column 1 (in)'
2025-08-24 20:14:38,722 - WARNING - No reference value found for 'Bottom Scripture Baseline Column 1 (in)' on Right pages, creating annotation without reference
2025-08-24 20:14:38,722 - INFO - Added annotation #42: YELLOW Bottom Scripture Baseline Column 1 (in). Text is 4.799 inches from the bottom. No reference available
2025-08-24 20:14:38,723 - INFO - Found YELLOW cell: Page 41, Column 'Bottom Scripture Baseline Column 2 (in)', Value: 4.799
2025-08-24 20:14:38,723 - WARNING - No mapping found for column 'Bottom Scripture Baseline Column 2 (in)'
2025-08-24 20:14:38,723 - WARNING - No reference value found for 'Bottom Scripture Baseline Column 2 (in)' on Right pages, creating annotation without reference
2025-08-24 20:14:38,724 - INFO - Added annotation #43: YELLOW Bottom Scripture Baseline Column 2 (in). Text is 4.799 inches from the bottom. No reference available
2025-08-24 20:14:38,724 - INFO - Found RED cell: Page 41, Column 'Footnote Baseline (in)', Value: 4.507
2025-08-24 20:14:38,724 - INFO - Added annotation #44: RED Footnote Baseline (in). Text is 4.507 inches from the bottom. Normally text is 0.997
2025-08-24 20:14:38,725 - INFO - Found YELLOW cell: Page 42, Column 'Bottom Scripture Baseline Column 1 (in)', Value: 1.007
2025-08-24 20:14:38,725 - WARNING - No mapping found for column 'Bottom Scripture Baseline Column 1 (in)'
2025-08-24 20:14:38,725 - WARNING - No reference value found for 'Bottom Scripture Baseline Column 1 (in)' on Left pages, creating annotation without reference
2025-08-24 20:14:38,725 - INFO - Added annotation #45: YELLOW Bottom Scripture Baseline Column 1 (in). Text is 1.007 inches from the bottom. No reference available
2025-08-24 20:14:38,726 - INFO - Found YELLOW cell: Page 42, Column 'Bottom Scripture Baseline Column 2 (in)', Value: 1.007
2025-08-24 20:14:38,726 - WARNING - No mapping found for column 'Bottom Scripture Baseline Column 2 (in)'
2025-08-24 20:14:38,726 - WARNING - No reference value found for 'Bottom Scripture Baseline Column 2 (in)' on Left pages, creating annotation without reference
2025-08-24 20:14:38,727 - INFO - Added annotation #46: YELLOW Bottom Scripture Baseline Column 2 (in). Text is 1.007 inches from the bottom. No reference available
2025-08-24 20:14:38,727 - INFO - Found YELLOW cell: Page 43, Column 'Bottom Scripture Baseline Column 1 (in)', Value: 1.007
2025-08-24 20:14:38,727 - WARNING - No mapping found for column 'Bottom Scripture Baseline Column 1 (in)'
2025-08-24 20:14:38,727 - WARNING - No reference value found for 'Bottom Scripture Baseline Column 1 (in)' on Right pages, creating annotation without reference
2025-08-24 20:14:38,728 - INFO - Added annotation #47: YELLOW Bottom Scripture Baseline Column 1 (in). Text is 1.007 inches from the bottom. No reference available
2025-08-24 20:14:38,728 - INFO - Found YELLOW cell: Page 43, Column 'Bottom Scripture Baseline Column 2 (in)', Value: 1.007
2025-08-24 20:14:38,729 - WARNING - No mapping found for column 'Bottom Scripture Baseline Column 2 (in)'
2025-08-24 20:14:38,729 - WARNING - No reference value found for 'Bottom Scripture Baseline Column 2 (in)' on Right pages, creating annotation without reference
2025-08-24 20:14:38,730 - INFO - Added annotation #48: YELLOW Bottom Scripture Baseline Column 2 (in). Text is 1.007 inches from the bottom. No reference available
2025-08-24 20:14:38,730 - INFO - Found YELLOW cell: Page 44, Column 'Footnote Baseline (in)', Value: 1.007
2025-08-24 20:14:38,730 - INFO - Added annotation #49: YELLOW Footnote Baseline (in). Text is 1.007 inches from the bottom. Normally text is 0.997
2025-08-24 20:14:38,731 - INFO - Found YELLOW cell: Page 48, Column 'Bottom Scripture Baseline Column 1 (in)', Value: 1.007
2025-08-24 20:14:38,731 - WARNING - No mapping found for column 'Bottom Scripture Baseline Column 1 (in)'
2025-08-24 20:14:38,731 - WARNING - No reference value found for 'Bottom Scripture Baseline Column 1 (in)' on Left pages, creating annotation without reference
2025-08-24 20:14:38,731 - INFO - Added annotation #50: YELLOW Bottom Scripture Baseline Column 1 (in). Text is 1.007 inches from the bottom. No reference available
2025-08-24 20:14:38,732 - INFO - Found YELLOW cell: Page 48, Column 'Bottom Scripture Baseline Column 2 (in)', Value: 1.007
2025-08-24 20:14:38,732 - WARNING - No mapping found for column 'Bottom Scripture Baseline Column 2 (in)'
2025-08-24 20:14:38,732 - WARNING - No reference value found for 'Bottom Scripture Baseline Column 2 (in)' on Left pages, creating annotation without reference
2025-08-24 20:14:38,733 - INFO - Added annotation #51: YELLOW Bottom Scripture Baseline Column 2 (in). Text is 1.007 inches from the bottom. No reference available
2025-08-24 20:14:38,733 - INFO - Found YELLOW cell: Page 49, Column 'Bottom Scripture Baseline Column 1 (in)', Value: 1.007
2025-08-24 20:14:38,734 - WARNING - No mapping found for column 'Bottom Scripture Baseline Column 1 (in)'
2025-08-24 20:14:38,734 - WARNING - No reference value found for 'Bottom Scripture Baseline Column 1 (in)' on Right pages, creating annotation without reference
2025-08-24 20:14:38,734 - INFO - Added annotation #52: YELLOW Bottom Scripture Baseline Column 1 (in). Text is 1.007 inches from the bottom. No reference available
2025-08-24 20:14:38,735 - INFO - Found YELLOW cell: Page 49, Column 'Bottom Scripture Baseline Column 2 (in)', Value: 1.007
2025-08-24 20:14:38,735 - WARNING - No mapping found for column 'Bottom Scripture Baseline Column 2 (in)'
2025-08-24 20:14:38,736 - WARNING - No reference value found for 'Bottom Scripture Baseline Column 2 (in)' on Right pages, creating annotation without reference
2025-08-24 20:14:38,736 - INFO - Added annotation #53: YELLOW Bottom Scripture Baseline Column 2 (in). Text is 1.007 inches from the bottom. No reference available
2025-08-24 20:14:38,737 - INFO - Found YELLOW cell: Page 52, Column 'Bottom Scripture Baseline Column 1 (in)', Value: 2.757
2025-08-24 20:14:38,737 - WARNING - No mapping found for column 'Bottom Scripture Baseline Column 1 (in)'
2025-08-24 20:14:38,737 - WARNING - No reference value found for 'Bottom Scripture Baseline Column 1 (in)' on Left pages, creating annotation without reference
2025-08-24 20:14:38,739 - INFO - Added annotation #54: YELLOW Bottom Scripture Baseline Column 1 (in). Text is 2.757 inches from the bottom. No reference available
2025-08-24 20:14:38,739 - INFO - Found YELLOW cell: Page 52, Column 'Bottom Scripture Baseline Column 2 (in)', Value: 2.757
2025-08-24 20:14:38,740 - WARNING - No mapping found for column 'Bottom Scripture Baseline Column 2 (in)'
2025-08-24 20:14:38,740 - WARNING - No reference value found for 'Bottom Scripture Baseline Column 2 (in)' on Left pages, creating annotation without reference
2025-08-24 20:14:38,740 - INFO - Added annotation #55: YELLOW Bottom Scripture Baseline Column 2 (in). Text is 2.757 inches from the bottom. No reference available
2025-08-24 20:14:38,741 - INFO - Total annotations prepared for 02-Exodus: 55
2025-08-24 20:14:38,741 - INFO - Opening PDF file: 02-Exodus.pdf
2025-08-24 20:14:38,742 - INFO - PDF opened successfully. Pages: 52
2025-08-24 20:14:38,745 - INFO - No column reference detected: Using center position 3.766 inches
2025-08-24 20:14:38,745 - INFO - TOP: Page 1, 7.16 inches from top = 515.52 pts from top
2025-08-24 20:14:38,749 - INFO - Added annotation to page 1 at (271.152, 515.52)
2025-08-24 20:14:38,750 - INFO - Column 1 detected: Moving comment left 1.5 inches to 2.266 inches
2025-08-24 20:14:38,750 - INFO - BOTTOM: Page 3, 1.444 inches from bottom = 652.032 pts from top (page height: 756.0 pts)
2025-08-24 20:14:38,754 - INFO - Added annotation to page 3 at (163.152, 652.032)
2025-08-24 20:14:38,755 - INFO - Column 2 detected: Moving comment right 1.5 inches to 5.266 inches
2025-08-24 20:14:38,755 - INFO - BOTTOM: Page 3, 1.444 inches from bottom = 652.032 pts from top (page height: 756.0 pts)
2025-08-24 20:14:38,758 - INFO - Added annotation to page 3 at (379.152, 652.032)
2025-08-24 20:14:38,758 - INFO - No column reference detected: Using center position 3.766 inches
2025-08-24 20:14:38,759 - INFO - BOTTOM: Page 3, 1.011 inches from bottom = 683.208 pts from top (page height: 756.0 pts)
2025-08-24 20:14:38,761 - INFO - Added annotation to page 3 at (271.152, 683.208)
2025-08-24 20:14:38,761 - INFO - Column 1 detected: Moving comment left 1.5 inches to 2.266 inches
2025-08-24 20:14:38,761 - INFO - BOTTOM: Page 5, 1.007 inches from bottom = 683.496 pts from top (page height: 756.0 pts)
2025-08-24 20:14:38,764 - INFO - Added annotation to page 5 at (163.152, 683.496)
2025-08-24 20:14:38,764 - INFO - Column 2 detected: Moving comment right 1.5 inches to 5.266 inches
2025-08-24 20:14:38,764 - INFO - BOTTOM: Page 5, 1.007 inches from bottom = 683.496 pts from top (page height: 756.0 pts)
2025-08-24 20:14:38,768 - INFO - Added annotation to page 5 at (379.152, 683.496)
2025-08-24 20:14:38,769 - INFO - No column reference detected: Using center position 3.766 inches
2025-08-24 20:14:38,769 - INFO - BOTTOM: Page 8, 1.007 inches from bottom = 683.496 pts from top (page height: 756.0 pts)
2025-08-24 20:14:38,774 - INFO - Added annotation to page 8 at (271.152, 683.496)
2025-08-24 20:14:38,774 - INFO - Column 1 detected: Moving comment left 1.5 inches to 2.266 inches
2025-08-24 20:14:38,775 - INFO - BOTTOM: Page 10, 1.007 inches from bottom = 683.496 pts from top (page height: 756.0 pts)
2025-08-24 20:14:38,777 - INFO - Added annotation to page 10 at (163.152, 683.496)
2025-08-24 20:14:38,778 - INFO - Column 2 detected: Moving comment right 1.5 inches to 5.266 inches
2025-08-24 20:14:38,778 - INFO - BOTTOM: Page 10, 1.007 inches from bottom = 683.496 pts from top (page height: 756.0 pts)
2025-08-24 20:14:38,781 - INFO - Added annotation to page 10 at (379.152, 683.496)
2025-08-24 20:14:38,781 - INFO - Column 1 detected: Moving comment left 1.5 inches to 2.266 inches
2025-08-24 20:14:38,782 - INFO - BOTTOM: Page 13, 1.007 inches from bottom = 683.496 pts from top (page height: 756.0 pts)
2025-08-24 20:14:38,786 - INFO - Added annotation to page 13 at (163.152, 683.496)
2025-08-24 20:14:38,787 - INFO - Column 2 detected: Moving comment right 1.5 inches to 5.266 inches
2025-08-24 20:14:38,787 - INFO - BOTTOM: Page 13, 1.007 inches from bottom = 683.496 pts from top (page height: 756.0 pts)
2025-08-24 20:14:38,790 - INFO - Added annotation to page 13 at (379.152, 683.496)
2025-08-24 20:14:38,791 - INFO - Column 1 detected: Moving comment left 1.5 inches to 2.266 inches
2025-08-24 20:14:38,791 - INFO - BOTTOM: Page 14, 1.007 inches from bottom = 683.496 pts from top (page height: 756.0 pts)
2025-08-24 20:14:38,794 - INFO - Added annotation to page 14 at (163.152, 683.496)
2025-08-24 20:14:38,794 - INFO - Column 2 detected: Moving comment right 1.5 inches to 5.266 inches
2025-08-24 20:14:38,794 - INFO - BOTTOM: Page 14, 1.007 inches from bottom = 683.496 pts from top (page height: 756.0 pts)
2025-08-24 20:14:38,796 - INFO - Added annotation to page 14 at (379.152, 683.496)
2025-08-24 20:14:38,797 - INFO - Column 1 detected: Moving comment left 1.5 inches to 2.266 inches
2025-08-24 20:14:38,797 - INFO - BOTTOM: Page 15, 1.007 inches from bottom = 683.496 pts from top (page height: 756.0 pts)
2025-08-24 20:14:38,802 - INFO - Added annotation to page 15 at (163.152, 683.496)
2025-08-24 20:14:38,803 - INFO - Column 2 detected: Moving comment right 1.5 inches to 5.266 inches
2025-08-24 20:14:38,803 - INFO - BOTTOM: Page 15, 1.007 inches from bottom = 683.496 pts from top (page height: 756.0 pts)
2025-08-24 20:14:38,807 - INFO - Added annotation to page 15 at (379.152, 683.496)
2025-08-24 20:14:38,808 - INFO - No column reference detected: Using center position 3.766 inches
2025-08-24 20:14:38,808 - INFO - BOTTOM: Page 19, 1.007 inches from bottom = 683.496 pts from top (page height: 756.0 pts)
2025-08-24 20:14:38,812 - INFO - Added annotation to page 19 at (271.152, 683.496)
2025-08-24 20:14:38,812 - INFO - Column 1 detected: Moving comment left 1.5 inches to 2.266 inches
2025-08-24 20:14:38,813 - INFO - BOTTOM: Page 24, 1.444 inches from bottom = 652.032 pts from top (page height: 756.0 pts)
2025-08-24 20:14:38,817 - INFO - Added annotation to page 24 at (163.152, 652.032)
2025-08-24 20:14:38,818 - INFO - Column 2 detected: Moving comment right 1.5 inches to 5.266 inches
2025-08-24 20:14:38,818 - INFO - BOTTOM: Page 24, 1.444 inches from bottom = 652.032 pts from top (page height: 756.0 pts)
2025-08-24 20:14:38,823 - INFO - Added annotation to page 24 at (379.152, 652.032)
2025-08-24 20:14:38,823 - INFO - Column 1 detected: Moving comment left 1.5 inches to 2.266 inches
2025-08-24 20:14:38,824 - INFO - BOTTOM: Page 28, 1.007 inches from bottom = 683.496 pts from top (page height: 756.0 pts)
2025-08-24 20:14:38,827 - INFO - Added annotation to page 28 at (163.152, 683.496)
2025-08-24 20:14:38,827 - INFO - Column 2 detected: Moving comment right 1.5 inches to 5.266 inches
2025-08-24 20:14:38,828 - INFO - BOTTOM: Page 28, 1.007 inches from bottom = 683.496 pts from top (page height: 756.0 pts)
2025-08-24 20:14:38,830 - INFO - Added annotation to page 28 at (379.152, 683.496)
2025-08-24 20:14:38,831 - INFO - Column 1 detected: Moving comment left 1.5 inches to 2.266 inches
2025-08-24 20:14:38,831 - INFO - BOTTOM: Page 29, 1.007 inches from bottom = 683.496 pts from top (page height: 756.0 pts)
2025-08-24 20:14:38,835 - INFO - Added annotation to page 29 at (163.152, 683.496)
2025-08-24 20:14:38,835 - INFO - Column 2 detected: Moving comment right 1.5 inches to 5.266 inches
2025-08-24 20:14:38,835 - INFO - BOTTOM: Page 29, 1.007 inches from bottom = 683.496 pts from top (page height: 756.0 pts)
2025-08-24 20:14:38,839 - INFO - Added annotation to page 29 at (379.152, 683.496)
2025-08-24 20:14:38,840 - INFO - No column reference detected: Using center position 3.766 inches
2025-08-24 20:14:38,840 - INFO - BOTTOM: Page 31, 1.007 inches from bottom = 683.496 pts from top (page height: 756.0 pts)
2025-08-24 20:14:38,842 - INFO - Added annotation to page 31 at (271.152, 683.496)
2025-08-24 20:14:38,843 - INFO - Column 1 detected: Moving comment left 1.5 inches to 2.266 inches
2025-08-24 20:14:38,843 - INFO - BOTTOM: Page 32, 3.194 inches from bottom = 526.032 pts from top (page height: 756.0 pts)
2025-08-24 20:14:38,845 - INFO - Added annotation to page 32 at (163.152, 526.032)
2025-08-24 20:14:38,846 - INFO - Column 2 detected: Moving comment right 1.5 inches to 5.266 inches
2025-08-24 20:14:38,847 - INFO - BOTTOM: Page 32, 3.194 inches from bottom = 526.032 pts from top (page height: 756.0 pts)
2025-08-24 20:14:38,849 - INFO - Added annotation to page 32 at (379.152, 526.032)
2025-08-24 20:14:38,850 - INFO - Column 1 detected: Moving comment left 1.5 inches to 2.266 inches
2025-08-24 20:14:38,851 - INFO - BOTTOM: Page 34, 1.007 inches from bottom = 683.496 pts from top (page height: 756.0 pts)
2025-08-24 20:14:38,854 - INFO - Added annotation to page 34 at (163.152, 683.496)
2025-08-24 20:14:38,855 - INFO - Column 2 detected: Moving comment right 1.5 inches to 5.266 inches
2025-08-24 20:14:38,855 - INFO - BOTTOM: Page 34, 1.007 inches from bottom = 683.496 pts from top (page height: 756.0 pts)
2025-08-24 20:14:38,858 - INFO - Added annotation to page 34 at (379.152, 683.496)
2025-08-24 20:14:38,859 - INFO - No column reference detected: Using center position 3.766 inches
2025-08-24 20:14:38,859 - INFO - BOTTOM: Page 35, 5.25 inches from bottom = 378.0 pts from top (page height: 756.0 pts)
2025-08-24 20:14:38,861 - INFO - Added annotation to page 35 at (271.152, 378.0)
2025-08-24 20:14:38,862 - INFO - Column 1 detected: Moving comment left 1.5 inches to 2.266 inches
2025-08-24 20:14:38,862 - INFO - BOTTOM: Page 36, 3.34 inches from bottom = 515.52 pts from top (page height: 756.0 pts)
2025-08-24 20:14:38,864 - INFO - Added annotation to page 36 at (163.152, 515.52)
2025-08-24 20:14:38,864 - INFO - Column 2 detected: Moving comment right 1.5 inches to 5.266 inches
2025-08-24 20:14:38,865 - INFO - BOTTOM: Page 36, 3.34 inches from bottom = 515.52 pts from top (page height: 756.0 pts)
2025-08-24 20:14:38,867 - INFO - Added annotation to page 36 at (379.152, 515.52)
2025-08-24 20:14:38,868 - INFO - No column reference detected: Using center position 3.766 inches
2025-08-24 20:14:38,868 - INFO - BOTTOM: Page 36, 3.049 inches from bottom = 536.472 pts from top (page height: 756.0 pts)
2025-08-24 20:14:38,870 - INFO - Added annotation to page 36 at (271.152, 536.472)
2025-08-24 20:14:38,871 - INFO - Column 1 detected: Moving comment left 1.5 inches to 2.266 inches
2025-08-24 20:14:38,871 - INFO - BOTTOM: Page 37, 1.007 inches from bottom = 683.496 pts from top (page height: 756.0 pts)
2025-08-24 20:14:38,875 - INFO - Added annotation to page 37 at (163.152, 683.496)
2025-08-24 20:14:38,875 - INFO - Column 2 detected: Moving comment right 1.5 inches to 5.266 inches
2025-08-24 20:14:38,875 - INFO - BOTTOM: Page 37, 1.007 inches from bottom = 683.496 pts from top (page height: 756.0 pts)
2025-08-24 20:14:38,880 - INFO - Added annotation to page 37 at (379.152, 683.496)
2025-08-24 20:14:38,880 - INFO - Column 1 detected: Moving comment left 1.5 inches to 2.266 inches
2025-08-24 20:14:38,881 - INFO - BOTTOM: Page 39, 1.007 inches from bottom = 683.496 pts from top (page height: 756.0 pts)
2025-08-24 20:14:38,885 - INFO - Added annotation to page 39 at (163.152, 683.496)
2025-08-24 20:14:38,886 - INFO - Column 2 detected: Moving comment right 1.5 inches to 5.266 inches
2025-08-24 20:14:38,886 - INFO - BOTTOM: Page 39, 1.007 inches from bottom = 683.496 pts from top (page height: 756.0 pts)
2025-08-24 20:14:38,890 - INFO - Added annotation to page 39 at (379.152, 683.496)
2025-08-24 20:14:38,891 - INFO - Column 1 detected: Moving comment left 1.5 inches to 2.266 inches
2025-08-24 20:14:38,892 - INFO - TOP: Page 39, 2.802 inches from top = 201.744 pts from top
2025-08-24 20:14:38,894 - INFO - Added annotation to page 39 at (163.152, 201.744)
2025-08-24 20:14:38,894 - INFO - Column 1 detected: Moving comment left 1.5 inches to 2.266 inches
2025-08-24 20:14:38,895 - INFO - TOP: Page 39, 3.448 inches from top = 248.256 pts from top
2025-08-24 20:14:38,897 - INFO - Added annotation to page 39 at (163.152, 248.256)
2025-08-24 20:14:38,897 - INFO - Column 2 detected: Moving comment right 1.5 inches to 5.266 inches
2025-08-24 20:14:38,898 - INFO - TOP: Page 39, 2.898 inches from top = 208.656 pts from top
2025-08-24 20:14:38,902 - INFO - Added annotation to page 39 at (379.152, 208.656)
2025-08-24 20:14:38,903 - INFO - Column 2 detected: Moving comment right 1.5 inches to 5.266 inches
2025-08-24 20:14:38,903 - INFO - TOP: Page 39, 2.802 inches from top = 201.744 pts from top
2025-08-24 20:14:38,909 - INFO - Added annotation to page 39 at (379.152, 201.744)
2025-08-24 20:14:38,909 - INFO - Column 2 detected: Moving comment right 1.5 inches to 5.266 inches
2025-08-24 20:14:38,910 - INFO - TOP: Page 39, 1.801 inches from top = 129.672 pts from top
2025-08-24 20:14:38,915 - INFO - Added annotation to page 39 at (379.152, 129.672)
2025-08-24 20:14:38,916 - INFO - No column reference detected: Using center position 3.766 inches
2025-08-24 20:14:38,916 - INFO - TOP: Page 39, -1.801 inches from top = -129.672 pts from top
2025-08-24 20:14:38,917 - WARNING - Annotation Y coordinate -129.672 is above page, clamping to 0
2025-08-24 20:14:38,922 - INFO - Added annotation to page 39 at (271.152, 0)
2025-08-24 20:14:38,924 - INFO - Column 1 detected: Moving comment left 1.5 inches to 2.266 inches
2025-08-24 20:14:38,924 - INFO - BOTTOM: Page 41, 4.799 inches from bottom = 410.472 pts from top (page height: 756.0 pts)
2025-08-24 20:14:38,929 - INFO - Added annotation to page 41 at (163.152, 410.472)
2025-08-24 20:14:38,930 - INFO - Column 2 detected: Moving comment right 1.5 inches to 5.266 inches
2025-08-24 20:14:38,930 - INFO - BOTTOM: Page 41, 4.799 inches from bottom = 410.472 pts from top (page height: 756.0 pts)
2025-08-24 20:14:38,934 - INFO - Added annotation to page 41 at (379.152, 410.472)
2025-08-24 20:14:38,935 - INFO - No column reference detected: Using center position 3.766 inches
2025-08-24 20:14:38,935 - INFO - BOTTOM: Page 41, 4.507 inches from bottom = 431.49600000000004 pts from top (page height: 756.0 pts)
2025-08-24 20:14:38,940 - INFO - Added annotation to page 41 at (271.152, 431.49600000000004)
2025-08-24 20:14:38,941 - INFO - Column 1 detected: Moving comment left 1.5 inches to 2.266 inches
2025-08-24 20:14:38,941 - INFO - BOTTOM: Page 42, 1.007 inches from bottom = 683.496 pts from top (page height: 756.0 pts)
2025-08-24 20:14:38,944 - INFO - Added annotation to page 42 at (163.152, 683.496)
2025-08-24 20:14:38,945 - INFO - Column 2 detected: Moving comment right 1.5 inches to 5.266 inches
2025-08-24 20:14:38,945 - INFO - BOTTOM: Page 42, 1.007 inches from bottom = 683.496 pts from top (page height: 756.0 pts)
2025-08-24 20:14:38,949 - INFO - Added annotation to page 42 at (379.152, 683.496)
2025-08-24 20:14:38,950 - INFO - Column 1 detected: Moving comment left 1.5 inches to 2.266 inches
2025-08-24 20:14:38,950 - INFO - BOTTOM: Page 43, 1.007 inches from bottom = 683.496 pts from top (page height: 756.0 pts)
2025-08-24 20:14:38,956 - INFO - Added annotation to page 43 at (163.152, 683.496)
2025-08-24 20:14:38,957 - INFO - Column 2 detected: Moving comment right 1.5 inches to 5.266 inches
2025-08-24 20:14:38,957 - INFO - BOTTOM: Page 43, 1.007 inches from bottom = 683.496 pts from top (page height: 756.0 pts)
2025-08-24 20:14:38,962 - INFO - Added annotation to page 43 at (379.152, 683.496)
2025-08-24 20:14:38,963 - INFO - No column reference detected: Using center position 3.766 inches
2025-08-24 20:14:38,963 - INFO - BOTTOM: Page 44, 1.007 inches from bottom = 683.496 pts from top (page height: 756.0 pts)
2025-08-24 20:14:38,967 - INFO - Added annotation to page 44 at (271.152, 683.496)
2025-08-24 20:14:38,968 - INFO - Column 1 detected: Moving comment left 1.5 inches to 2.266 inches
2025-08-24 20:14:38,968 - INFO - BOTTOM: Page 48, 1.007 inches from bottom = 683.496 pts from top (page height: 756.0 pts)
2025-08-24 20:14:38,976 - INFO - Added annotation to page 48 at (163.152, 683.496)
2025-08-24 20:14:38,977 - INFO - Column 2 detected: Moving comment right 1.5 inches to 5.266 inches
2025-08-24 20:14:38,977 - INFO - BOTTOM: Page 48, 1.007 inches from bottom = 683.496 pts from top (page height: 756.0 pts)
2025-08-24 20:14:38,981 - INFO - Added annotation to page 48 at (379.152, 683.496)
2025-08-24 20:14:38,981 - INFO - Column 1 detected: Moving comment left 1.5 inches to 2.266 inches
2025-08-24 20:14:38,982 - INFO - BOTTOM: Page 49, 1.007 inches from bottom = 683.496 pts from top (page height: 756.0 pts)
2025-08-24 20:14:38,985 - INFO - Added annotation to page 49 at (163.152, 683.496)
2025-08-24 20:14:38,986 - INFO - Column 2 detected: Moving comment right 1.5 inches to 5.266 inches
2025-08-24 20:14:38,987 - INFO - BOTTOM: Page 49, 1.007 inches from bottom = 683.496 pts from top (page height: 756.0 pts)
2025-08-24 20:14:38,992 - INFO - Added annotation to page 49 at (379.152, 683.496)
2025-08-24 20:14:38,993 - INFO - Column 1 detected: Moving comment left 1.5 inches to 2.266 inches
2025-08-24 20:14:38,993 - INFO - BOTTOM: Page 52, 2.757 inches from bottom = 557.496 pts from top (page height: 756.0 pts)
2025-08-24 20:14:38,998 - INFO - Added annotation to page 52 at (163.152, 557.496)
2025-08-24 20:14:38,998 - INFO - Column 2 detected: Moving comment right 1.5 inches to 5.266 inches
2025-08-24 20:14:38,999 - INFO - BOTTOM: Page 52, 2.757 inches from bottom = 557.496 pts from top (page height: 756.0 pts)
2025-08-24 20:14:39,005 - INFO - Added annotation to page 52 at (379.152, 557.496)
2025-08-24 20:14:39,006 - INFO - Saving annotated PDF to: 02-Exodus_annotated.pdf
2025-08-24 20:14:39,081 - INFO - PDF saved successfully
2025-08-24 20:14:39,082 - INFO - === 02-Exodus Complete: 55 annotations added ===
2025-08-24 20:14:39,084 - INFO - === BATCH PROCESSING COMPLETE ===
2025-08-24 20:14:39,085 - INFO - Successfully processed: 1
2025-08-24 20:14:39,086 - INFO - Failed: 0
