2025-08-24 23:20:22,078 - INFO - === PDF Margin Annotator Started ===
2025-08-24 23:20:22,079 - INFO - Log file: logs/pdf_margin_annotator_20250824_232022.log
2025-08-24 23:20:22,079 - INFO - Loading reference values from: margin_baseline_reference.txt
2025-08-24 23:20:22,080 - INFO - Successfully loaded 20 reference values
2025-08-24 23:20:22,081 - INFO - Found pair: 02-Exodus.pdf + 02-Exodus.xlsx -> 02-Exodus_annotated.pdf
2025-08-24 23:20:22,081 - WARNING - PDF found but no matching Excel file: 02-Exodus_annotated.pdf (looking for 02-Exodus_annotated.xlsx)
2025-08-24 23:20:22,083 - INFO - Found 1 file pair(s) to process
2025-08-24 23:20:22,083 - INFO - === Processing 02-Exodus ===
2025-08-24 23:20:22,084 - INFO - Excel: 02-Exodus.xlsx
2025-08-24 23:20:22,084 - INFO - PDF: 02-Exodus.pdf
2025-08-24 23:20:22,084 - INFO - Output: 02-Exodus_annotated.pdf
2025-08-24 23:20:22,084 - INFO - Using center point: 3.766 inches
2025-08-24 23:20:22,085 - INFO - Using page height: 10.5 inches
2025-08-24 23:20:22,085 - INFO - Loading Excel file: 02-Exodus.xlsx
2025-08-24 23:20:22,105 - INFO - Excel file loaded successfully
2025-08-24 23:20:22,106 - INFO - Found PURPLE cell: Page 1, Column 'Top Scripture Baseline Column 1 (in)', Value: 7.306
2025-08-24 23:20:22,106 - INFO - Added annotation #1: The two columns on this page do not align and they are not at their typical location.
2025-08-24 23:20:22,107 - INFO - Found PURPLE cell: Page 1, Column 'Top Scripture Baseline Column 2 (in)', Value: 7.16
2025-08-24 23:20:22,107 - INFO - Added annotation #2: The two columns on this page do not align and they are not at their typical location.
2025-08-24 23:20:22,108 - INFO - Found RED cell: Page 1, Column 'Running Head Baseline (in)', Value: 7.16
2025-08-24 23:20:22,108 - INFO - Added annotation #3: RED Running Head Baseline (in). Text is 7.16 inches from the top. Normally text is 1.129
2025-08-24 23:20:22,109 - INFO - Found YELLOW cell: Page 3, Column 'Bottom Scripture Baseline Column 1 (in)', Value: 1.444
2025-08-24 23:20:22,109 - INFO - Added annotation #4: YELLOW Bottom Scripture Baseline Column 1 (in). Text is 1.444 inches from the bottom. Normally text is 1.299
2025-08-24 23:20:22,109 - INFO - Found YELLOW cell: Page 3, Column 'Bottom Scripture Baseline Column 2 (in)', Value: 1.444
2025-08-24 23:20:22,109 - INFO - Added annotation #5: YELLOW Bottom Scripture Baseline Column 2 (in). Text is 1.444 inches from the bottom. Normally text is 1.299
2025-08-24 23:20:22,110 - INFO - Found YELLOW cell: Page 3, Column 'Footnote Baseline (in)', Value: 1.011
2025-08-24 23:20:22,110 - INFO - Added annotation #6: YELLOW Footnote Baseline (in). Text is 1.011 inches from the bottom. Normally text is 0.997
2025-08-24 23:20:22,111 - INFO - Found YELLOW cell: Page 5, Column 'Bottom Scripture Baseline Column 1 (in)', Value: 1.007
2025-08-24 23:20:22,111 - INFO - Added annotation #7: YELLOW Bottom Scripture Baseline Column 1 (in). Text is 1.007 inches from the bottom. Normally text is 1.299
2025-08-24 23:20:22,112 - INFO - Found YELLOW cell: Page 5, Column 'Bottom Scripture Baseline Column 2 (in)', Value: 1.007
2025-08-24 23:20:22,112 - INFO - Added annotation #8: YELLOW Bottom Scripture Baseline Column 2 (in). Text is 1.007 inches from the bottom. Normally text is 1.299
2025-08-24 23:20:22,113 - INFO - Found YELLOW cell: Page 8, Column 'Footnote Baseline (in)', Value: 1.007
2025-08-24 23:20:22,113 - INFO - Added annotation #9: YELLOW Footnote Baseline (in). Text is 1.007 inches from the bottom. Normally text is 0.997
2025-08-24 23:20:22,114 - INFO - Found YELLOW cell: Page 10, Column 'Bottom Scripture Baseline Column 1 (in)', Value: 1.007
2025-08-24 23:20:22,114 - INFO - Added annotation #10: YELLOW Bottom Scripture Baseline Column 1 (in). Text is 1.007 inches from the bottom. Normally text is 1.299
2025-08-24 23:20:22,114 - INFO - Found YELLOW cell: Page 10, Column 'Bottom Scripture Baseline Column 2 (in)', Value: 1.007
2025-08-24 23:20:22,115 - INFO - Added annotation #11: YELLOW Bottom Scripture Baseline Column 2 (in). Text is 1.007 inches from the bottom. Normally text is 1.299
2025-08-24 23:20:22,116 - INFO - Found YELLOW cell: Page 13, Column 'Bottom Scripture Baseline Column 1 (in)', Value: 1.007
2025-08-24 23:20:22,116 - INFO - Added annotation #12: YELLOW Bottom Scripture Baseline Column 1 (in). Text is 1.007 inches from the bottom. Normally text is 1.299
2025-08-24 23:20:22,116 - INFO - Found YELLOW cell: Page 13, Column 'Bottom Scripture Baseline Column 2 (in)', Value: 1.007
2025-08-24 23:20:22,117 - INFO - Added annotation #13: YELLOW Bottom Scripture Baseline Column 2 (in). Text is 1.007 inches from the bottom. Normally text is 1.299
2025-08-24 23:20:22,117 - INFO - Found YELLOW cell: Page 14, Column 'Bottom Scripture Baseline Column 1 (in)', Value: 1.007
2025-08-24 23:20:22,118 - INFO - Added annotation #14: YELLOW Bottom Scripture Baseline Column 1 (in). Text is 1.007 inches from the bottom. Normally text is 1.299
2025-08-24 23:20:22,118 - INFO - Found YELLOW cell: Page 14, Column 'Bottom Scripture Baseline Column 2 (in)', Value: 1.007
2025-08-24 23:20:22,118 - INFO - Added annotation #15: YELLOW Bottom Scripture Baseline Column 2 (in). Text is 1.007 inches from the bottom. Normally text is 1.299
2025-08-24 23:20:22,118 - INFO - Found YELLOW cell: Page 15, Column 'Bottom Scripture Baseline Column 1 (in)', Value: 1.007
2025-08-24 23:20:22,119 - INFO - Added annotation #16: YELLOW Bottom Scripture Baseline Column 1 (in). Text is 1.007 inches from the bottom. Normally text is 1.299
2025-08-24 23:20:22,119 - INFO - Found YELLOW cell: Page 15, Column 'Bottom Scripture Baseline Column 2 (in)', Value: 1.007
2025-08-24 23:20:22,119 - INFO - Added annotation #17: YELLOW Bottom Scripture Baseline Column 2 (in). Text is 1.007 inches from the bottom. Normally text is 1.299
2025-08-24 23:20:22,120 - INFO - Found YELLOW cell: Page 19, Column 'Footnote Baseline (in)', Value: 1.007
2025-08-24 23:20:22,121 - INFO - Added annotation #18: YELLOW Footnote Baseline (in). Text is 1.007 inches from the bottom. Normally text is 0.997
2025-08-24 23:20:22,122 - INFO - Found YELLOW cell: Page 24, Column 'Bottom Scripture Baseline Column 1 (in)', Value: 1.444
2025-08-24 23:20:22,122 - INFO - Added annotation #19: YELLOW Bottom Scripture Baseline Column 1 (in). Text is 1.444 inches from the bottom. Normally text is 1.299
2025-08-24 23:20:22,122 - INFO - Found YELLOW cell: Page 24, Column 'Bottom Scripture Baseline Column 2 (in)', Value: 1.444
2025-08-24 23:20:22,122 - INFO - Added annotation #20: YELLOW Bottom Scripture Baseline Column 2 (in). Text is 1.444 inches from the bottom. Normally text is 1.299
2025-08-24 23:20:22,123 - INFO - Found PURPLE cell: Page 27, Column 'Bottom Scripture Baseline Column 2 (in)', Value: 3.049
2025-08-24 23:20:22,124 - INFO - Added annotation #21: The two columns on this page do not align and they are not at their typical location.
2025-08-24 23:20:22,124 - INFO - Found YELLOW cell: Page 28, Column 'Bottom Scripture Baseline Column 1 (in)', Value: 1.007
2025-08-24 23:20:22,124 - INFO - Added annotation #22: YELLOW Bottom Scripture Baseline Column 1 (in). Text is 1.007 inches from the bottom. Normally text is 1.299
2025-08-24 23:20:22,125 - INFO - Found YELLOW cell: Page 28, Column 'Bottom Scripture Baseline Column 2 (in)', Value: 1.007
2025-08-24 23:20:22,125 - INFO - Added annotation #23: YELLOW Bottom Scripture Baseline Column 2 (in). Text is 1.007 inches from the bottom. Normally text is 1.299
2025-08-24 23:20:22,126 - INFO - Found YELLOW cell: Page 29, Column 'Bottom Scripture Baseline Column 1 (in)', Value: 1.007
2025-08-24 23:20:22,126 - INFO - Added annotation #24: YELLOW Bottom Scripture Baseline Column 1 (in). Text is 1.007 inches from the bottom. Normally text is 1.299
2025-08-24 23:20:22,126 - INFO - Found YELLOW cell: Page 29, Column 'Bottom Scripture Baseline Column 2 (in)', Value: 1.007
2025-08-24 23:20:22,126 - INFO - Added annotation #25: YELLOW Bottom Scripture Baseline Column 2 (in). Text is 1.007 inches from the bottom. Normally text is 1.299
2025-08-24 23:20:22,127 - INFO - Found YELLOW cell: Page 31, Column 'Footnote Baseline (in)', Value: 1.007
2025-08-24 23:20:22,127 - INFO - Added annotation #26: YELLOW Footnote Baseline (in). Text is 1.007 inches from the bottom. Normally text is 0.997
2025-08-24 23:20:22,128 - INFO - Found YELLOW cell: Page 32, Column 'Bottom Scripture Baseline Column 1 (in)', Value: 3.194
2025-08-24 23:20:22,128 - INFO - Added annotation #27: YELLOW Bottom Scripture Baseline Column 1 (in). Text is 3.194 inches from the bottom. Normally text is 1.299
2025-08-24 23:20:22,128 - INFO - Found YELLOW cell: Page 32, Column 'Bottom Scripture Baseline Column 2 (in)', Value: 3.194
2025-08-24 23:20:22,128 - INFO - Added annotation #28: YELLOW Bottom Scripture Baseline Column 2 (in). Text is 3.194 inches from the bottom. Normally text is 1.299
2025-08-24 23:20:22,129 - INFO - Found PURPLE cell: Page 33, Column 'Top Scripture Baseline Column 1 (in)', Value: 3.222
2025-08-24 23:20:22,129 - INFO - Added annotation #29: The two columns on this page do not align and they are not at their typical location.
2025-08-24 23:20:22,129 - INFO - Found PURPLE cell: Page 33, Column 'Top Scripture Baseline Column 2 (in)', Value: 3.514
2025-08-24 23:20:22,130 - INFO - Added annotation #30: The two columns on this page do not align and they are not at their typical location.
2025-08-24 23:20:22,130 - INFO - Found PURPLE cell: Page 33, Column 'Bottom Scripture Baseline Column 1 (in)', Value: 2.903
2025-08-24 23:20:22,130 - INFO - Added annotation #31: The two columns on this page do not align and they are not at their typical location.
2025-08-24 23:20:22,130 - INFO - Found YELLOW cell: Page 34, Column 'Bottom Scripture Baseline Column 1 (in)', Value: 1.007
2025-08-24 23:20:22,131 - INFO - Added annotation #32: YELLOW Bottom Scripture Baseline Column 1 (in). Text is 1.007 inches from the bottom. Normally text is 1.299
2025-08-24 23:20:22,131 - INFO - Found YELLOW cell: Page 34, Column 'Bottom Scripture Baseline Column 2 (in)', Value: 1.007
2025-08-24 23:20:22,132 - INFO - Added annotation #33: YELLOW Bottom Scripture Baseline Column 2 (in). Text is 1.007 inches from the bottom. Normally text is 1.299
2025-08-24 23:20:22,133 - INFO - Found PURPLE cell: Page 35, Column 'Bottom Scripture Baseline Column 1 (in)', Value: 5.528
2025-08-24 23:20:22,133 - INFO - Added annotation #34: The two columns on this page do not align and they are not at their typical location.
2025-08-24 23:20:22,134 - INFO - Found PURPLE cell: Page 35, Column 'Bottom Scripture Baseline Column 2 (in)', Value: 5.819
2025-08-24 23:20:22,134 - INFO - Added annotation #35: The two columns on this page do not align and they are not at their typical location.
2025-08-24 23:20:22,135 - INFO - Found RED cell: Page 35, Column 'Footnote Baseline (in)', Value: 5.25
2025-08-24 23:20:22,135 - INFO - Added annotation #36: RED Footnote Baseline (in). Text is 5.25 inches from the bottom. Normally text is 0.997
2025-08-24 23:20:22,136 - INFO - Found YELLOW cell: Page 36, Column 'Bottom Scripture Baseline Column 1 (in)', Value: 3.34
2025-08-24 23:20:22,136 - INFO - Added annotation #37: YELLOW Bottom Scripture Baseline Column 1 (in). Text is 3.34 inches from the bottom. Normally text is 1.299
2025-08-24 23:20:22,136 - INFO - Found YELLOW cell: Page 36, Column 'Bottom Scripture Baseline Column 2 (in)', Value: 3.34
2025-08-24 23:20:22,136 - INFO - Added annotation #38: YELLOW Bottom Scripture Baseline Column 2 (in). Text is 3.34 inches from the bottom. Normally text is 1.299
2025-08-24 23:20:22,137 - INFO - Found RED cell: Page 36, Column 'Footnote Baseline (in)', Value: 3.049
2025-08-24 23:20:22,137 - INFO - Added annotation #39: RED Footnote Baseline (in). Text is 3.049 inches from the bottom. Normally text is 0.997
2025-08-24 23:20:22,137 - INFO - Found YELLOW cell: Page 37, Column 'Bottom Scripture Baseline Column 1 (in)', Value: 1.007
2025-08-24 23:20:22,137 - INFO - Added annotation #40: YELLOW Bottom Scripture Baseline Column 1 (in). Text is 1.007 inches from the bottom. Normally text is 1.299
2025-08-24 23:20:22,138 - INFO - Found YELLOW cell: Page 37, Column 'Bottom Scripture Baseline Column 2 (in)', Value: 1.007
2025-08-24 23:20:22,138 - INFO - Added annotation #41: YELLOW Bottom Scripture Baseline Column 2 (in). Text is 1.007 inches from the bottom. Normally text is 1.299
2025-08-24 23:20:22,139 - INFO - Found PURPLE cell: Page 39, Column 'Top Scripture Baseline Column 2 (in)', Value: 1.91
2025-08-24 23:20:22,139 - INFO - Added annotation #42: The two columns on this page do not align and they are not at their typical location.
2025-08-24 23:20:22,139 - INFO - Found YELLOW cell: Page 39, Column 'Bottom Scripture Baseline Column 1 (in)', Value: 1.007
2025-08-24 23:20:22,140 - INFO - Added annotation #43: YELLOW Bottom Scripture Baseline Column 1 (in). Text is 1.007 inches from the bottom. Normally text is 1.299
2025-08-24 23:20:22,140 - INFO - Found YELLOW cell: Page 39, Column 'Bottom Scripture Baseline Column 2 (in)', Value: 1.007
2025-08-24 23:20:22,140 - INFO - Added annotation #44: YELLOW Bottom Scripture Baseline Column 2 (in). Text is 1.007 inches from the bottom. Normally text is 1.299
2025-08-24 23:20:22,141 - INFO - Found RED cell: Page 39, Column 'Column 1 Right Edge (in)', Value: 2.802
2025-08-24 23:20:22,141 - INFO - Added annotation #45: RED Column 1 Right Edge (in). Text is 2.802 inches from the side. Normally text is 3.725
2025-08-24 23:20:22,141 - INFO - Found RED cell: Page 39, Column 'Column 1 Max Width (in)', Value: 3.448
2025-08-24 23:20:22,141 - INFO - Added annotation #46: RED Column 1 Max Width (in). Text is 3.448 inches from the side. Normally text is 2.525
2025-08-24 23:20:22,141 - INFO - Found RED cell: Page 39, Column 'Column 2 Left Edge (in)', Value: 2.898
2025-08-24 23:20:22,142 - INFO - Added annotation #47: RED Column 2 Left Edge (in). Text is 2.898 inches from the side. Normally text is 3.882
2025-08-24 23:20:22,142 - INFO - Found RED cell: Page 39, Column 'Column 2 Right Edge (in)', Value: 2.802
2025-08-24 23:20:22,142 - INFO - Added annotation #48: RED Column 2 Right Edge (in). Text is 2.802 inches from the side. Normally text is 1.093
2025-08-24 23:20:22,142 - INFO - Found RED cell: Page 39, Column 'Column 2 Max Width (in)', Value: 1.801
2025-08-24 23:20:22,143 - INFO - Added annotation #49: RED Column 2 Max Width (in). Text is 1.801 inches from the side. Normally text is 2.525
2025-08-24 23:20:22,143 - INFO - Found RED cell: Page 39, Column 'Column Gap Width (in)', Value: -1.801
2025-08-24 23:20:22,143 - INFO - Added annotation #50: RED Column Gap Width (in). Text is -1.801 inches from the side. Normally text is 0.107
2025-08-24 23:20:22,143 - INFO - Found YELLOW cell: Page 41, Column 'Bottom Scripture Baseline Column 1 (in)', Value: 4.799
2025-08-24 23:20:22,144 - INFO - Added annotation #51: YELLOW Bottom Scripture Baseline Column 1 (in). Text is 4.799 inches from the bottom. Normally text is 1.299
2025-08-24 23:20:22,144 - INFO - Found YELLOW cell: Page 41, Column 'Bottom Scripture Baseline Column 2 (in)', Value: 4.799
2025-08-24 23:20:22,144 - INFO - Added annotation #52: YELLOW Bottom Scripture Baseline Column 2 (in). Text is 4.799 inches from the bottom. Normally text is 1.299
2025-08-24 23:20:22,144 - INFO - Found RED cell: Page 41, Column 'Footnote Baseline (in)', Value: 4.507
2025-08-24 23:20:22,144 - INFO - Added annotation #53: RED Footnote Baseline (in). Text is 4.507 inches from the bottom. Normally text is 0.997
2025-08-24 23:20:22,145 - INFO - Found YELLOW cell: Page 42, Column 'Bottom Scripture Baseline Column 1 (in)', Value: 1.007
2025-08-24 23:20:22,145 - INFO - Added annotation #54: YELLOW Bottom Scripture Baseline Column 1 (in). Text is 1.007 inches from the bottom. Normally text is 1.299
2025-08-24 23:20:22,145 - INFO - Found YELLOW cell: Page 42, Column 'Bottom Scripture Baseline Column 2 (in)', Value: 1.007
2025-08-24 23:20:22,145 - INFO - Added annotation #55: YELLOW Bottom Scripture Baseline Column 2 (in). Text is 1.007 inches from the bottom. Normally text is 1.299
2025-08-24 23:20:22,146 - INFO - Found YELLOW cell: Page 43, Column 'Bottom Scripture Baseline Column 1 (in)', Value: 1.007
2025-08-24 23:20:22,146 - INFO - Added annotation #56: YELLOW Bottom Scripture Baseline Column 1 (in). Text is 1.007 inches from the bottom. Normally text is 1.299
2025-08-24 23:20:22,146 - INFO - Found YELLOW cell: Page 43, Column 'Bottom Scripture Baseline Column 2 (in)', Value: 1.007
2025-08-24 23:20:22,146 - INFO - Added annotation #57: YELLOW Bottom Scripture Baseline Column 2 (in). Text is 1.007 inches from the bottom. Normally text is 1.299
2025-08-24 23:20:22,147 - INFO - Found YELLOW cell: Page 44, Column 'Footnote Baseline (in)', Value: 1.007
2025-08-24 23:20:22,147 - INFO - Added annotation #58: YELLOW Footnote Baseline (in). Text is 1.007 inches from the bottom. Normally text is 0.997
2025-08-24 23:20:22,147 - INFO - Found YELLOW cell: Page 48, Column 'Bottom Scripture Baseline Column 1 (in)', Value: 1.007
2025-08-24 23:20:22,147 - INFO - Added annotation #59: YELLOW Bottom Scripture Baseline Column 1 (in). Text is 1.007 inches from the bottom. Normally text is 1.299
2025-08-24 23:20:22,148 - INFO - Found YELLOW cell: Page 48, Column 'Bottom Scripture Baseline Column 2 (in)', Value: 1.007
2025-08-24 23:20:22,149 - INFO - Added annotation #60: YELLOW Bottom Scripture Baseline Column 2 (in). Text is 1.007 inches from the bottom. Normally text is 1.299
2025-08-24 23:20:22,150 - INFO - Found PURPLE cell: Page 49, Column 'Top Scripture Baseline Column 2 (in)', Value: 1.764
2025-08-24 23:20:22,150 - INFO - Added annotation #61: The two columns on this page do not align and they are not at their typical location.
2025-08-24 23:20:22,150 - INFO - Found YELLOW cell: Page 49, Column 'Bottom Scripture Baseline Column 1 (in)', Value: 1.007
2025-08-24 23:20:22,151 - INFO - Added annotation #62: YELLOW Bottom Scripture Baseline Column 1 (in). Text is 1.007 inches from the bottom. Normally text is 1.299
2025-08-24 23:20:22,151 - INFO - Found YELLOW cell: Page 49, Column 'Bottom Scripture Baseline Column 2 (in)', Value: 1.007
2025-08-24 23:20:22,152 - INFO - Added annotation #63: YELLOW Bottom Scripture Baseline Column 2 (in). Text is 1.007 inches from the bottom. Normally text is 1.299
2025-08-24 23:20:22,152 - INFO - Found YELLOW cell: Page 52, Column 'Bottom Scripture Baseline Column 1 (in)', Value: 2.757
2025-08-24 23:20:22,153 - INFO - Added annotation #64: YELLOW Bottom Scripture Baseline Column 1 (in). Text is 2.757 inches from the bottom. Normally text is 1.299
2025-08-24 23:20:22,153 - INFO - Found YELLOW cell: Page 52, Column 'Bottom Scripture Baseline Column 2 (in)', Value: 2.757
2025-08-24 23:20:22,153 - INFO - Added annotation #65: YELLOW Bottom Scripture Baseline Column 2 (in). Text is 2.757 inches from the bottom. Normally text is 1.299
2025-08-24 23:20:22,154 - INFO - Total annotations prepared for 02-Exodus: 65
2025-08-24 23:20:22,154 - INFO - Opening PDF file: 02-Exodus.pdf
2025-08-24 23:20:22,156 - INFO - PDF opened successfully. Pages: 52
2025-08-24 23:20:22,158 - INFO - No column reference detected: Using center position 3.766 inches
2025-08-24 23:20:22,158 - INFO - TOP: Page 1, 7.306 inches from top = 526.032 pts from top
2025-08-24 23:20:22,163 - INFO - Added annotation to page 1 at (271.152, 526.032)
2025-08-24 23:20:22,163 - INFO - No column reference detected: Using center position 3.766 inches
2025-08-24 23:20:22,163 - INFO - TOP: Page 1, 7.16 inches from top = 515.52 pts from top
2025-08-24 23:20:22,166 - INFO - Added annotation to page 1 at (271.152, 515.52)
2025-08-24 23:20:22,167 - INFO - No column reference detected: Using center position 3.766 inches
2025-08-24 23:20:22,167 - INFO - TOP: Page 1, 7.16 inches from top = 515.52 pts from top
2025-08-24 23:20:22,171 - INFO - Added annotation to page 1 at (271.152, 515.52)
2025-08-24 23:20:22,171 - INFO - Column 1 detected: Moving comment left 1.5 inches to 2.266 inches
2025-08-24 23:20:22,172 - INFO - BOTTOM: Page 3, 1.444 inches from bottom = 652.032 pts from top (page height: 756.0 pts)
2025-08-24 23:20:22,174 - INFO - Added annotation to page 3 at (163.152, 652.032)
2025-08-24 23:20:22,174 - INFO - Column 2 detected: Moving comment right 1.5 inches to 5.266 inches
2025-08-24 23:20:22,174 - INFO - BOTTOM: Page 3, 1.444 inches from bottom = 652.032 pts from top (page height: 756.0 pts)
2025-08-24 23:20:22,177 - INFO - Added annotation to page 3 at (379.152, 652.032)
2025-08-24 23:20:22,177 - INFO - No column reference detected: Using center position 3.766 inches
2025-08-24 23:20:22,178 - INFO - BOTTOM: Page 3, 1.011 inches from bottom = 683.208 pts from top (page height: 756.0 pts)
2025-08-24 23:20:22,181 - INFO - Added annotation to page 3 at (271.152, 683.208)
2025-08-24 23:20:22,182 - INFO - Column 1 detected: Moving comment left 1.5 inches to 2.266 inches
2025-08-24 23:20:22,182 - INFO - BOTTOM: Page 5, 1.007 inches from bottom = 683.496 pts from top (page height: 756.0 pts)
2025-08-24 23:20:22,187 - INFO - Added annotation to page 5 at (163.152, 683.496)
2025-08-24 23:20:22,188 - INFO - Column 2 detected: Moving comment right 1.5 inches to 5.266 inches
2025-08-24 23:20:22,188 - INFO - BOTTOM: Page 5, 1.007 inches from bottom = 683.496 pts from top (page height: 756.0 pts)
2025-08-24 23:20:22,192 - INFO - Added annotation to page 5 at (379.152, 683.496)
2025-08-24 23:20:22,193 - INFO - No column reference detected: Using center position 3.766 inches
2025-08-24 23:20:22,193 - INFO - BOTTOM: Page 8, 1.007 inches from bottom = 683.496 pts from top (page height: 756.0 pts)
2025-08-24 23:20:22,197 - INFO - Added annotation to page 8 at (271.152, 683.496)
2025-08-24 23:20:22,201 - INFO - Column 1 detected: Moving comment left 1.5 inches to 2.266 inches
2025-08-24 23:20:22,203 - INFO - BOTTOM: Page 10, 1.007 inches from bottom = 683.496 pts from top (page height: 756.0 pts)
2025-08-24 23:20:22,207 - INFO - Added annotation to page 10 at (163.152, 683.496)
2025-08-24 23:20:22,207 - INFO - Column 2 detected: Moving comment right 1.5 inches to 5.266 inches
2025-08-24 23:20:22,207 - INFO - BOTTOM: Page 10, 1.007 inches from bottom = 683.496 pts from top (page height: 756.0 pts)
2025-08-24 23:20:22,211 - INFO - Added annotation to page 10 at (379.152, 683.496)
2025-08-24 23:20:22,212 - INFO - Column 1 detected: Moving comment left 1.5 inches to 2.266 inches
2025-08-24 23:20:22,212 - INFO - BOTTOM: Page 13, 1.007 inches from bottom = 683.496 pts from top (page height: 756.0 pts)
2025-08-24 23:20:22,217 - INFO - Added annotation to page 13 at (163.152, 683.496)
2025-08-24 23:20:22,218 - INFO - Column 2 detected: Moving comment right 1.5 inches to 5.266 inches
2025-08-24 23:20:22,218 - INFO - BOTTOM: Page 13, 1.007 inches from bottom = 683.496 pts from top (page height: 756.0 pts)
2025-08-24 23:20:22,221 - INFO - Added annotation to page 13 at (379.152, 683.496)
2025-08-24 23:20:22,221 - INFO - Column 1 detected: Moving comment left 1.5 inches to 2.266 inches
2025-08-24 23:20:22,221 - INFO - BOTTOM: Page 14, 1.007 inches from bottom = 683.496 pts from top (page height: 756.0 pts)
2025-08-24 23:20:22,224 - INFO - Added annotation to page 14 at (163.152, 683.496)
2025-08-24 23:20:22,224 - INFO - Column 2 detected: Moving comment right 1.5 inches to 5.266 inches
2025-08-24 23:20:22,224 - INFO - BOTTOM: Page 14, 1.007 inches from bottom = 683.496 pts from top (page height: 756.0 pts)
2025-08-24 23:20:22,226 - INFO - Added annotation to page 14 at (379.152, 683.496)
2025-08-24 23:20:22,226 - INFO - Column 1 detected: Moving comment left 1.5 inches to 2.266 inches
2025-08-24 23:20:22,226 - INFO - BOTTOM: Page 15, 1.007 inches from bottom = 683.496 pts from top (page height: 756.0 pts)
2025-08-24 23:20:22,229 - INFO - Added annotation to page 15 at (163.152, 683.496)
2025-08-24 23:20:22,229 - INFO - Column 2 detected: Moving comment right 1.5 inches to 5.266 inches
2025-08-24 23:20:22,230 - INFO - BOTTOM: Page 15, 1.007 inches from bottom = 683.496 pts from top (page height: 756.0 pts)
2025-08-24 23:20:22,234 - INFO - Added annotation to page 15 at (379.152, 683.496)
2025-08-24 23:20:22,235 - INFO - No column reference detected: Using center position 3.766 inches
2025-08-24 23:20:22,236 - INFO - BOTTOM: Page 19, 1.007 inches from bottom = 683.496 pts from top (page height: 756.0 pts)
2025-08-24 23:20:22,239 - INFO - Added annotation to page 19 at (271.152, 683.496)
2025-08-24 23:20:22,239 - INFO - Column 1 detected: Moving comment left 1.5 inches to 2.266 inches
2025-08-24 23:20:22,240 - INFO - BOTTOM: Page 24, 1.444 inches from bottom = 652.032 pts from top (page height: 756.0 pts)
2025-08-24 23:20:22,242 - INFO - Added annotation to page 24 at (163.152, 652.032)
2025-08-24 23:20:22,242 - INFO - Column 2 detected: Moving comment right 1.5 inches to 5.266 inches
2025-08-24 23:20:22,243 - INFO - BOTTOM: Page 24, 1.444 inches from bottom = 652.032 pts from top (page height: 756.0 pts)
2025-08-24 23:20:22,245 - INFO - Added annotation to page 24 at (379.152, 652.032)
2025-08-24 23:20:22,246 - INFO - No column reference detected: Using center position 3.766 inches
2025-08-24 23:20:22,246 - INFO - BOTTOM: Page 27, 3.049 inches from bottom = 536.472 pts from top (page height: 756.0 pts)
2025-08-24 23:20:22,250 - INFO - Added annotation to page 27 at (271.152, 536.472)
2025-08-24 23:20:22,251 - INFO - Column 1 detected: Moving comment left 1.5 inches to 2.266 inches
2025-08-24 23:20:22,251 - INFO - BOTTOM: Page 28, 1.007 inches from bottom = 683.496 pts from top (page height: 756.0 pts)
2025-08-24 23:20:22,256 - INFO - Added annotation to page 28 at (163.152, 683.496)
2025-08-24 23:20:22,256 - INFO - Column 2 detected: Moving comment right 1.5 inches to 5.266 inches
2025-08-24 23:20:22,256 - INFO - BOTTOM: Page 28, 1.007 inches from bottom = 683.496 pts from top (page height: 756.0 pts)
2025-08-24 23:20:22,260 - INFO - Added annotation to page 28 at (379.152, 683.496)
2025-08-24 23:20:22,260 - INFO - Column 1 detected: Moving comment left 1.5 inches to 2.266 inches
2025-08-24 23:20:22,260 - INFO - BOTTOM: Page 29, 1.007 inches from bottom = 683.496 pts from top (page height: 756.0 pts)
2025-08-24 23:20:22,264 - INFO - Added annotation to page 29 at (163.152, 683.496)
2025-08-24 23:20:22,264 - INFO - Column 2 detected: Moving comment right 1.5 inches to 5.266 inches
2025-08-24 23:20:22,266 - INFO - BOTTOM: Page 29, 1.007 inches from bottom = 683.496 pts from top (page height: 756.0 pts)
2025-08-24 23:20:22,271 - INFO - Added annotation to page 29 at (379.152, 683.496)
2025-08-24 23:20:22,272 - INFO - No column reference detected: Using center position 3.766 inches
2025-08-24 23:20:22,272 - INFO - BOTTOM: Page 31, 1.007 inches from bottom = 683.496 pts from top (page height: 756.0 pts)
2025-08-24 23:20:22,276 - INFO - Added annotation to page 31 at (271.152, 683.496)
2025-08-24 23:20:22,276 - INFO - Column 1 detected: Moving comment left 1.5 inches to 2.266 inches
2025-08-24 23:20:22,277 - INFO - BOTTOM: Page 32, 3.194 inches from bottom = 526.032 pts from top (page height: 756.0 pts)
2025-08-24 23:20:22,280 - INFO - Added annotation to page 32 at (163.152, 526.032)
2025-08-24 23:20:22,280 - INFO - Column 2 detected: Moving comment right 1.5 inches to 5.266 inches
2025-08-24 23:20:22,280 - INFO - BOTTOM: Page 32, 3.194 inches from bottom = 526.032 pts from top (page height: 756.0 pts)
2025-08-24 23:20:22,286 - INFO - Added annotation to page 32 at (379.152, 526.032)
2025-08-24 23:20:22,286 - INFO - No column reference detected: Using center position 3.766 inches
2025-08-24 23:20:22,287 - INFO - TOP: Page 33, 3.222 inches from top = 231.984 pts from top
2025-08-24 23:20:22,289 - INFO - Added annotation to page 33 at (271.152, 231.984)
2025-08-24 23:20:22,289 - INFO - No column reference detected: Using center position 3.766 inches
2025-08-24 23:20:22,289 - INFO - TOP: Page 33, 3.514 inches from top = 253.00799999999998 pts from top
2025-08-24 23:20:22,291 - INFO - Added annotation to page 33 at (271.152, 253.00799999999998)
2025-08-24 23:20:22,292 - INFO - No column reference detected: Using center position 3.766 inches
2025-08-24 23:20:22,292 - INFO - BOTTOM: Page 33, 2.903 inches from bottom = 546.984 pts from top (page height: 756.0 pts)
2025-08-24 23:20:22,294 - INFO - Added annotation to page 33 at (271.152, 546.984)
2025-08-24 23:20:22,295 - INFO - Column 1 detected: Moving comment left 1.5 inches to 2.266 inches
2025-08-24 23:20:22,295 - INFO - BOTTOM: Page 34, 1.007 inches from bottom = 683.496 pts from top (page height: 756.0 pts)
2025-08-24 23:20:22,297 - INFO - Added annotation to page 34 at (163.152, 683.496)
2025-08-24 23:20:22,297 - INFO - Column 2 detected: Moving comment right 1.5 inches to 5.266 inches
2025-08-24 23:20:22,298 - INFO - BOTTOM: Page 34, 1.007 inches from bottom = 683.496 pts from top (page height: 756.0 pts)
2025-08-24 23:20:22,302 - INFO - Added annotation to page 34 at (379.152, 683.496)
2025-08-24 23:20:22,303 - INFO - No column reference detected: Using center position 3.766 inches
2025-08-24 23:20:22,304 - INFO - BOTTOM: Page 35, 5.528 inches from bottom = 357.98400000000004 pts from top (page height: 756.0 pts)
2025-08-24 23:20:22,306 - INFO - Added annotation to page 35 at (271.152, 357.98400000000004)
2025-08-24 23:20:22,307 - INFO - No column reference detected: Using center position 3.766 inches
2025-08-24 23:20:22,307 - INFO - BOTTOM: Page 35, 5.819 inches from bottom = 337.032 pts from top (page height: 756.0 pts)
2025-08-24 23:20:22,310 - INFO - Added annotation to page 35 at (271.152, 337.032)
2025-08-24 23:20:22,310 - INFO - No column reference detected: Using center position 3.766 inches
2025-08-24 23:20:22,310 - INFO - BOTTOM: Page 35, 5.25 inches from bottom = 378.0 pts from top (page height: 756.0 pts)
2025-08-24 23:20:22,313 - INFO - Added annotation to page 35 at (271.152, 378.0)
2025-08-24 23:20:22,313 - INFO - Column 1 detected: Moving comment left 1.5 inches to 2.266 inches
2025-08-24 23:20:22,313 - INFO - BOTTOM: Page 36, 3.34 inches from bottom = 515.52 pts from top (page height: 756.0 pts)
2025-08-24 23:20:22,316 - INFO - Added annotation to page 36 at (163.152, 515.52)
2025-08-24 23:20:22,316 - INFO - Column 2 detected: Moving comment right 1.5 inches to 5.266 inches
2025-08-24 23:20:22,317 - INFO - BOTTOM: Page 36, 3.34 inches from bottom = 515.52 pts from top (page height: 756.0 pts)
2025-08-24 23:20:22,322 - INFO - Added annotation to page 36 at (379.152, 515.52)
2025-08-24 23:20:22,322 - INFO - No column reference detected: Using center position 3.766 inches
2025-08-24 23:20:22,323 - INFO - BOTTOM: Page 36, 3.049 inches from bottom = 536.472 pts from top (page height: 756.0 pts)
2025-08-24 23:20:22,326 - INFO - Added annotation to page 36 at (271.152, 536.472)
2025-08-24 23:20:22,326 - INFO - Column 1 detected: Moving comment left 1.5 inches to 2.266 inches
2025-08-24 23:20:22,327 - INFO - BOTTOM: Page 37, 1.007 inches from bottom = 683.496 pts from top (page height: 756.0 pts)
2025-08-24 23:20:22,330 - INFO - Added annotation to page 37 at (163.152, 683.496)
2025-08-24 23:20:22,330 - INFO - Column 2 detected: Moving comment right 1.5 inches to 5.266 inches
2025-08-24 23:20:22,331 - INFO - BOTTOM: Page 37, 1.007 inches from bottom = 683.496 pts from top (page height: 756.0 pts)
2025-08-24 23:20:22,334 - INFO - Added annotation to page 37 at (379.152, 683.496)
2025-08-24 23:20:22,335 - INFO - No column reference detected: Using center position 3.766 inches
2025-08-24 23:20:22,335 - INFO - TOP: Page 39, 1.91 inches from top = 137.51999999999998 pts from top
2025-08-24 23:20:22,338 - INFO - Added annotation to page 39 at (271.152, 137.51999999999998)
2025-08-24 23:20:22,338 - INFO - Column 1 detected: Moving comment left 1.5 inches to 2.266 inches
2025-08-24 23:20:22,338 - INFO - BOTTOM: Page 39, 1.007 inches from bottom = 683.496 pts from top (page height: 756.0 pts)
2025-08-24 23:20:22,340 - INFO - Added annotation to page 39 at (163.152, 683.496)
2025-08-24 23:20:22,341 - INFO - Column 2 detected: Moving comment right 1.5 inches to 5.266 inches
2025-08-24 23:20:22,341 - INFO - BOTTOM: Page 39, 1.007 inches from bottom = 683.496 pts from top (page height: 756.0 pts)
2025-08-24 23:20:22,343 - INFO - Added annotation to page 39 at (379.152, 683.496)
2025-08-24 23:20:22,343 - INFO - Column 1 detected: Moving comment left 1.5 inches to 2.266 inches
2025-08-24 23:20:22,344 - INFO - TOP: Page 39, 2.802 inches from top = 201.744 pts from top
2025-08-24 23:20:22,346 - INFO - Added annotation to page 39 at (163.152, 201.744)
2025-08-24 23:20:22,346 - INFO - Column 1 detected: Moving comment left 1.5 inches to 2.266 inches
2025-08-24 23:20:22,346 - INFO - TOP: Page 39, 3.448 inches from top = 248.256 pts from top
2025-08-24 23:20:22,348 - INFO - Added annotation to page 39 at (163.152, 248.256)
2025-08-24 23:20:22,349 - INFO - Column 2 detected: Moving comment right 1.5 inches to 5.266 inches
2025-08-24 23:20:22,349 - INFO - TOP: Page 39, 2.898 inches from top = 208.656 pts from top
2025-08-24 23:20:22,354 - INFO - Added annotation to page 39 at (379.152, 208.656)
2025-08-24 23:20:22,355 - INFO - Column 2 detected: Moving comment right 1.5 inches to 5.266 inches
2025-08-24 23:20:22,355 - INFO - TOP: Page 39, 2.802 inches from top = 201.744 pts from top
2025-08-24 23:20:22,357 - INFO - Added annotation to page 39 at (379.152, 201.744)
2025-08-24 23:20:22,358 - INFO - Column 2 detected: Moving comment right 1.5 inches to 5.266 inches
2025-08-24 23:20:22,358 - INFO - TOP: Page 39, 1.801 inches from top = 129.672 pts from top
2025-08-24 23:20:22,361 - INFO - Added annotation to page 39 at (379.152, 129.672)
2025-08-24 23:20:22,361 - INFO - No column reference detected: Using center position 3.766 inches
2025-08-24 23:20:22,362 - INFO - TOP: Page 39, -1.801 inches from top = -129.672 pts from top
2025-08-24 23:20:22,362 - WARNING - Annotation Y coordinate -129.672 is above page, clamping to 0
2025-08-24 23:20:22,365 - INFO - Added annotation to page 39 at (271.152, 0)
2025-08-24 23:20:22,366 - INFO - Column 1 detected: Moving comment left 1.5 inches to 2.266 inches
2025-08-24 23:20:22,366 - INFO - BOTTOM: Page 41, 4.799 inches from bottom = 410.472 pts from top (page height: 756.0 pts)
2025-08-24 23:20:22,369 - INFO - Added annotation to page 41 at (163.152, 410.472)
2025-08-24 23:20:22,370 - INFO - Column 2 detected: Moving comment right 1.5 inches to 5.266 inches
2025-08-24 23:20:22,371 - INFO - BOTTOM: Page 41, 4.799 inches from bottom = 410.472 pts from top (page height: 756.0 pts)
2025-08-24 23:20:22,373 - INFO - Added annotation to page 41 at (379.152, 410.472)
2025-08-24 23:20:22,373 - INFO - No column reference detected: Using center position 3.766 inches
2025-08-24 23:20:22,374 - INFO - BOTTOM: Page 41, 4.507 inches from bottom = 431.49600000000004 pts from top (page height: 756.0 pts)
2025-08-24 23:20:22,377 - INFO - Added annotation to page 41 at (271.152, 431.49600000000004)
2025-08-24 23:20:22,377 - INFO - Column 1 detected: Moving comment left 1.5 inches to 2.266 inches
2025-08-24 23:20:22,378 - INFO - BOTTOM: Page 42, 1.007 inches from bottom = 683.496 pts from top (page height: 756.0 pts)
2025-08-24 23:20:22,380 - INFO - Added annotation to page 42 at (163.152, 683.496)
2025-08-24 23:20:22,380 - INFO - Column 2 detected: Moving comment right 1.5 inches to 5.266 inches
2025-08-24 23:20:22,381 - INFO - BOTTOM: Page 42, 1.007 inches from bottom = 683.496 pts from top (page height: 756.0 pts)
2025-08-24 23:20:22,383 - INFO - Added annotation to page 42 at (379.152, 683.496)
2025-08-24 23:20:22,384 - INFO - Column 1 detected: Moving comment left 1.5 inches to 2.266 inches
2025-08-24 23:20:22,385 - INFO - BOTTOM: Page 43, 1.007 inches from bottom = 683.496 pts from top (page height: 756.0 pts)
2025-08-24 23:20:22,390 - INFO - Added annotation to page 43 at (163.152, 683.496)
2025-08-24 23:20:22,390 - INFO - Column 2 detected: Moving comment right 1.5 inches to 5.266 inches
2025-08-24 23:20:22,390 - INFO - BOTTOM: Page 43, 1.007 inches from bottom = 683.496 pts from top (page height: 756.0 pts)
2025-08-24 23:20:22,394 - INFO - Added annotation to page 43 at (379.152, 683.496)
2025-08-24 23:20:22,394 - INFO - No column reference detected: Using center position 3.766 inches
2025-08-24 23:20:22,395 - INFO - BOTTOM: Page 44, 1.007 inches from bottom = 683.496 pts from top (page height: 756.0 pts)
2025-08-24 23:20:22,398 - INFO - Added annotation to page 44 at (271.152, 683.496)
2025-08-24 23:20:22,399 - INFO - Column 1 detected: Moving comment left 1.5 inches to 2.266 inches
2025-08-24 23:20:22,399 - INFO - BOTTOM: Page 48, 1.007 inches from bottom = 683.496 pts from top (page height: 756.0 pts)
2025-08-24 23:20:22,403 - INFO - Added annotation to page 48 at (163.152, 683.496)
2025-08-24 23:20:22,404 - INFO - Column 2 detected: Moving comment right 1.5 inches to 5.266 inches
2025-08-24 23:20:22,404 - INFO - BOTTOM: Page 48, 1.007 inches from bottom = 683.496 pts from top (page height: 756.0 pts)
2025-08-24 23:20:22,406 - INFO - Added annotation to page 48 at (379.152, 683.496)
2025-08-24 23:20:22,407 - INFO - No column reference detected: Using center position 3.766 inches
2025-08-24 23:20:22,407 - INFO - TOP: Page 49, 1.764 inches from top = 127.008 pts from top
2025-08-24 23:20:22,409 - INFO - Added annotation to page 49 at (271.152, 127.008)
2025-08-24 23:20:22,409 - INFO - Column 1 detected: Moving comment left 1.5 inches to 2.266 inches
2025-08-24 23:20:22,409 - INFO - BOTTOM: Page 49, 1.007 inches from bottom = 683.496 pts from top (page height: 756.0 pts)
2025-08-24 23:20:22,412 - INFO - Added annotation to page 49 at (163.152, 683.496)
2025-08-24 23:20:22,412 - INFO - Column 2 detected: Moving comment right 1.5 inches to 5.266 inches
2025-08-24 23:20:22,412 - INFO - BOTTOM: Page 49, 1.007 inches from bottom = 683.496 pts from top (page height: 756.0 pts)
2025-08-24 23:20:22,416 - INFO - Added annotation to page 49 at (379.152, 683.496)
2025-08-24 23:20:22,416 - INFO - Column 1 detected: Moving comment left 1.5 inches to 2.266 inches
2025-08-24 23:20:22,416 - INFO - BOTTOM: Page 52, 2.757 inches from bottom = 557.496 pts from top (page height: 756.0 pts)
2025-08-24 23:20:22,420 - INFO - Added annotation to page 52 at (163.152, 557.496)
2025-08-24 23:20:22,420 - INFO - Column 2 detected: Moving comment right 1.5 inches to 5.266 inches
2025-08-24 23:20:22,421 - INFO - BOTTOM: Page 52, 2.757 inches from bottom = 557.496 pts from top (page height: 756.0 pts)
2025-08-24 23:20:22,423 - INFO - Added annotation to page 52 at (379.152, 557.496)
2025-08-24 23:20:22,423 - INFO - Saving annotated PDF to: 02-Exodus_annotated.pdf
2025-08-24 23:20:22,489 - INFO - PDF saved successfully
2025-08-24 23:20:22,489 - INFO - === 02-Exodus Complete: 65 annotations added ===
2025-08-24 23:20:22,490 - INFO - Adding summary annotation to first page: All RED annotations written successfully.
All YELLOW annotations written successfully.
All PURPLE annotations written successfully.
All ORANGE annotations written successfully.
2025-08-24 23:20:22,490 - ERROR - Error adding summary annotation to first page: document closed
2025-08-24 23:20:22,491 - INFO - === BATCH PROCESSING COMPLETE ===
2025-08-24 23:20:22,491 - INFO - Successfully processed: 0
2025-08-24 23:20:22,491 - INFO - Failed: 1
