2025-08-24 18:26:13,602 - INFO - === PDF Margin Annotator Started ===
2025-08-24 18:26:13,603 - INFO - Log file: logs/pdf_margin_annotator_20250824_182613.log
2025-08-24 18:26:13,603 - INFO - Loading reference values from: margin_baseline_reference.txt
2025-08-24 18:26:13,603 - INFO - Successfully loaded 20 reference values
2025-08-24 18:26:13,604 - INFO - Found pair: 02-Exodus.pdf + 02-Exodus.xlsx -> 02-Exodus_annotated.pdf
2025-08-24 18:26:13,604 - WARNING - PDF found but no matching Excel file: 02-Exodus_annotated.pdf (looking for 02-Exodus_annotated.xlsx)
2025-08-24 18:26:13,605 - INFO - Found 1 file pair(s) to process
2025-08-24 18:26:13,605 - INFO - === Processing 02-Exodus ===
2025-08-24 18:26:13,605 - INFO - Excel: 02-Exodus.xlsx
2025-08-24 18:26:13,606 - INFO - PDF: 02-Exodus.pdf
2025-08-24 18:26:13,606 - INFO - Output: 02-Exodus_annotated.pdf
2025-08-24 18:26:13,606 - INFO - Using center point: 3.766 inches
2025-08-24 18:26:13,606 - INFO - Using page height: 9.25 inches
2025-08-24 18:26:13,606 - INFO - Loading Excel file: 02-Exodus.xlsx
2025-08-24 18:26:13,617 - INFO - Excel file loaded successfully
2025-08-24 18:26:13,618 - INFO - Found RED cell: Page 1, Column 'Running Head Baseline (in)', Value: 7.16
2025-08-24 18:26:13,618 - INFO - Added RED annotation: RED Running Head Baseline (in). Text is 7.16 inches from the top. Normally text is 1.129
2025-08-24 18:26:13,618 - INFO - Found YELLOW cell: Page 3, Column 'Bottom Scripture Baseline Column 1 (in)', Value: 1.444
2025-08-24 18:26:13,618 - INFO - Added YELLOW annotation: YELLOW Bottom Scripture Baseline Column 1 (in). Text is 1.444 inches from the bottom. Normally text is 1.299
2025-08-24 18:26:13,618 - INFO - Found YELLOW cell: Page 3, Column 'Bottom Scripture Baseline Column 2 (in)', Value: 1.444
2025-08-24 18:26:13,618 - INFO - Added YELLOW annotation: YELLOW Bottom Scripture Baseline Column 2 (in). Text is 1.444 inches from the bottom. Normally text is 1.299
2025-08-24 18:26:13,618 - INFO - Found YELLOW cell: Page 3, Column 'Footnote Baseline (in)', Value: 1.011
2025-08-24 18:26:13,618 - INFO - Added YELLOW annotation: YELLOW Footnote Baseline (in). Text is 1.011 inches from the bottom. Normally text is 0.997
2025-08-24 18:26:13,619 - INFO - Found YELLOW cell: Page 5, Column 'Bottom Scripture Baseline Column 1 (in)', Value: 1.007
2025-08-24 18:26:13,619 - INFO - Added YELLOW annotation: YELLOW Bottom Scripture Baseline Column 1 (in). Text is 1.007 inches from the bottom. Normally text is 1.299
2025-08-24 18:26:13,619 - INFO - Found YELLOW cell: Page 5, Column 'Bottom Scripture Baseline Column 2 (in)', Value: 1.007
2025-08-24 18:26:13,619 - INFO - Added YELLOW annotation: YELLOW Bottom Scripture Baseline Column 2 (in). Text is 1.007 inches from the bottom. Normally text is 1.299
2025-08-24 18:26:13,619 - INFO - Found YELLOW cell: Page 8, Column 'Footnote Baseline (in)', Value: 1.007
2025-08-24 18:26:13,619 - INFO - Added YELLOW annotation: YELLOW Footnote Baseline (in). Text is 1.007 inches from the bottom. Normally text is 0.997
2025-08-24 18:26:13,619 - INFO - Found YELLOW cell: Page 10, Column 'Bottom Scripture Baseline Column 1 (in)', Value: 1.007
2025-08-24 18:26:13,619 - INFO - Added YELLOW annotation: YELLOW Bottom Scripture Baseline Column 1 (in). Text is 1.007 inches from the bottom. Normally text is 1.299
2025-08-24 18:26:13,620 - INFO - Found YELLOW cell: Page 10, Column 'Bottom Scripture Baseline Column 2 (in)', Value: 1.007
2025-08-24 18:26:13,620 - INFO - Added YELLOW annotation: YELLOW Bottom Scripture Baseline Column 2 (in). Text is 1.007 inches from the bottom. Normally text is 1.299
2025-08-24 18:26:13,620 - INFO - Found YELLOW cell: Page 13, Column 'Bottom Scripture Baseline Column 1 (in)', Value: 1.007
2025-08-24 18:26:13,620 - INFO - Added YELLOW annotation: YELLOW Bottom Scripture Baseline Column 1 (in). Text is 1.007 inches from the bottom. Normally text is 1.299
2025-08-24 18:26:13,621 - INFO - Found YELLOW cell: Page 13, Column 'Bottom Scripture Baseline Column 2 (in)', Value: 1.007
2025-08-24 18:26:13,621 - INFO - Added YELLOW annotation: YELLOW Bottom Scripture Baseline Column 2 (in). Text is 1.007 inches from the bottom. Normally text is 1.299
2025-08-24 18:26:13,621 - INFO - Found YELLOW cell: Page 14, Column 'Bottom Scripture Baseline Column 1 (in)', Value: 1.007
2025-08-24 18:26:13,621 - INFO - Added YELLOW annotation: YELLOW Bottom Scripture Baseline Column 1 (in). Text is 1.007 inches from the bottom. Normally text is 1.299
2025-08-24 18:26:13,621 - INFO - Found YELLOW cell: Page 14, Column 'Bottom Scripture Baseline Column 2 (in)', Value: 1.007
2025-08-24 18:26:13,621 - INFO - Added YELLOW annotation: YELLOW Bottom Scripture Baseline Column 2 (in). Text is 1.007 inches from the bottom. Normally text is 1.299
2025-08-24 18:26:13,622 - INFO - Found YELLOW cell: Page 15, Column 'Bottom Scripture Baseline Column 1 (in)', Value: 1.007
2025-08-24 18:26:13,622 - INFO - Added YELLOW annotation: YELLOW Bottom Scripture Baseline Column 1 (in). Text is 1.007 inches from the bottom. Normally text is 1.299
2025-08-24 18:26:13,622 - INFO - Found YELLOW cell: Page 15, Column 'Bottom Scripture Baseline Column 2 (in)', Value: 1.007
2025-08-24 18:26:13,622 - INFO - Added YELLOW annotation: YELLOW Bottom Scripture Baseline Column 2 (in). Text is 1.007 inches from the bottom. Normally text is 1.299
2025-08-24 18:26:13,622 - INFO - Found YELLOW cell: Page 19, Column 'Footnote Baseline (in)', Value: 1.007
2025-08-24 18:26:13,623 - INFO - Added YELLOW annotation: YELLOW Footnote Baseline (in). Text is 1.007 inches from the bottom. Normally text is 0.997
2025-08-24 18:26:13,624 - INFO - Found YELLOW cell: Page 24, Column 'Bottom Scripture Baseline Column 1 (in)', Value: 1.444
2025-08-24 18:26:13,624 - INFO - Added YELLOW annotation: YELLOW Bottom Scripture Baseline Column 1 (in). Text is 1.444 inches from the bottom. Normally text is 1.299
2025-08-24 18:26:13,624 - INFO - Found YELLOW cell: Page 24, Column 'Bottom Scripture Baseline Column 2 (in)', Value: 1.444
2025-08-24 18:26:13,624 - INFO - Added YELLOW annotation: YELLOW Bottom Scripture Baseline Column 2 (in). Text is 1.444 inches from the bottom. Normally text is 1.299
2025-08-24 18:26:13,625 - INFO - Found YELLOW cell: Page 28, Column 'Bottom Scripture Baseline Column 1 (in)', Value: 1.007
2025-08-24 18:26:13,625 - INFO - Added YELLOW annotation: YELLOW Bottom Scripture Baseline Column 1 (in). Text is 1.007 inches from the bottom. Normally text is 1.299
2025-08-24 18:26:13,625 - INFO - Found YELLOW cell: Page 28, Column 'Bottom Scripture Baseline Column 2 (in)', Value: 1.007
2025-08-24 18:26:13,625 - INFO - Added YELLOW annotation: YELLOW Bottom Scripture Baseline Column 2 (in). Text is 1.007 inches from the bottom. Normally text is 1.299
2025-08-24 18:26:13,625 - INFO - Found YELLOW cell: Page 29, Column 'Bottom Scripture Baseline Column 1 (in)', Value: 1.007
2025-08-24 18:26:13,626 - INFO - Added YELLOW annotation: YELLOW Bottom Scripture Baseline Column 1 (in). Text is 1.007 inches from the bottom. Normally text is 1.299
2025-08-24 18:26:13,626 - INFO - Found YELLOW cell: Page 29, Column 'Bottom Scripture Baseline Column 2 (in)', Value: 1.007
2025-08-24 18:26:13,626 - INFO - Added YELLOW annotation: YELLOW Bottom Scripture Baseline Column 2 (in). Text is 1.007 inches from the bottom. Normally text is 1.299
2025-08-24 18:26:13,626 - INFO - Found YELLOW cell: Page 31, Column 'Footnote Baseline (in)', Value: 1.007
2025-08-24 18:26:13,626 - INFO - Added YELLOW annotation: YELLOW Footnote Baseline (in). Text is 1.007 inches from the bottom. Normally text is 0.997
2025-08-24 18:26:13,627 - INFO - Found YELLOW cell: Page 32, Column 'Bottom Scripture Baseline Column 1 (in)', Value: 3.194
2025-08-24 18:26:13,627 - INFO - Added YELLOW annotation: YELLOW Bottom Scripture Baseline Column 1 (in). Text is 3.194 inches from the bottom. Normally text is 1.299
2025-08-24 18:26:13,627 - INFO - Found YELLOW cell: Page 32, Column 'Bottom Scripture Baseline Column 2 (in)', Value: 3.194
2025-08-24 18:26:13,627 - INFO - Added YELLOW annotation: YELLOW Bottom Scripture Baseline Column 2 (in). Text is 3.194 inches from the bottom. Normally text is 1.299
2025-08-24 18:26:13,628 - INFO - Found YELLOW cell: Page 34, Column 'Bottom Scripture Baseline Column 1 (in)', Value: 1.007
2025-08-24 18:26:13,628 - INFO - Added YELLOW annotation: YELLOW Bottom Scripture Baseline Column 1 (in). Text is 1.007 inches from the bottom. Normally text is 1.299
2025-08-24 18:26:13,628 - INFO - Found YELLOW cell: Page 34, Column 'Bottom Scripture Baseline Column 2 (in)', Value: 1.007
2025-08-24 18:26:13,629 - INFO - Added YELLOW annotation: YELLOW Bottom Scripture Baseline Column 2 (in). Text is 1.007 inches from the bottom. Normally text is 1.299
2025-08-24 18:26:13,629 - INFO - Found RED cell: Page 35, Column 'Footnote Baseline (in)', Value: 5.25
2025-08-24 18:26:13,629 - INFO - Added RED annotation: RED Footnote Baseline (in). Text is 5.25 inches from the bottom. Normally text is 0.997
2025-08-24 18:26:13,629 - INFO - Found YELLOW cell: Page 36, Column 'Bottom Scripture Baseline Column 1 (in)', Value: 3.34
2025-08-24 18:26:13,630 - INFO - Added YELLOW annotation: YELLOW Bottom Scripture Baseline Column 1 (in). Text is 3.34 inches from the bottom. Normally text is 1.299
2025-08-24 18:26:13,630 - INFO - Found YELLOW cell: Page 36, Column 'Bottom Scripture Baseline Column 2 (in)', Value: 3.34
2025-08-24 18:26:13,630 - INFO - Added YELLOW annotation: YELLOW Bottom Scripture Baseline Column 2 (in). Text is 3.34 inches from the bottom. Normally text is 1.299
2025-08-24 18:26:13,630 - INFO - Found RED cell: Page 36, Column 'Footnote Baseline (in)', Value: 3.049
2025-08-24 18:26:13,630 - INFO - Added RED annotation: RED Footnote Baseline (in). Text is 3.049 inches from the bottom. Normally text is 0.997
2025-08-24 18:26:13,630 - INFO - Found YELLOW cell: Page 37, Column 'Bottom Scripture Baseline Column 1 (in)', Value: 1.007
2025-08-24 18:26:13,630 - INFO - Added YELLOW annotation: YELLOW Bottom Scripture Baseline Column 1 (in). Text is 1.007 inches from the bottom. Normally text is 1.299
2025-08-24 18:26:13,631 - INFO - Found YELLOW cell: Page 37, Column 'Bottom Scripture Baseline Column 2 (in)', Value: 1.007
2025-08-24 18:26:13,631 - INFO - Added YELLOW annotation: YELLOW Bottom Scripture Baseline Column 2 (in). Text is 1.007 inches from the bottom. Normally text is 1.299
2025-08-24 18:26:13,631 - INFO - Found YELLOW cell: Page 39, Column 'Bottom Scripture Baseline Column 1 (in)', Value: 1.007
2025-08-24 18:26:13,631 - INFO - Added YELLOW annotation: YELLOW Bottom Scripture Baseline Column 1 (in). Text is 1.007 inches from the bottom. Normally text is 1.299
2025-08-24 18:26:13,631 - INFO - Found YELLOW cell: Page 39, Column 'Bottom Scripture Baseline Column 2 (in)', Value: 1.007
2025-08-24 18:26:13,632 - INFO - Added YELLOW annotation: YELLOW Bottom Scripture Baseline Column 2 (in). Text is 1.007 inches from the bottom. Normally text is 1.299
2025-08-24 18:26:13,632 - INFO - Found RED cell: Page 39, Column 'Column 1 Right Edge (in)', Value: 2.802
2025-08-24 18:26:13,632 - INFO - Added RED annotation: RED Column 1 Right Edge (in). Text is 2.802 inches from the side. Normally text is 3.725
2025-08-24 18:26:13,632 - INFO - Found RED cell: Page 39, Column 'Column 1 Max Width (in)', Value: 3.448
2025-08-24 18:26:13,632 - INFO - Added RED annotation: RED Column 1 Max Width (in). Text is 3.448 inches from the side. Normally text is 2.525
2025-08-24 18:26:13,633 - INFO - Found RED cell: Page 39, Column 'Column 2 Left Edge (in)', Value: 2.898
2025-08-24 18:26:13,634 - INFO - Added RED annotation: RED Column 2 Left Edge (in). Text is 2.898 inches from the side. Normally text is 3.882
2025-08-24 18:26:13,634 - INFO - Found RED cell: Page 39, Column 'Column 2 Right Edge (in)', Value: 2.802
2025-08-24 18:26:13,634 - INFO - Added RED annotation: RED Column 2 Right Edge (in). Text is 2.802 inches from the side. Normally text is 1.093
2025-08-24 18:26:13,634 - INFO - Found RED cell: Page 39, Column 'Column 2 Max Width (in)', Value: 1.801
2025-08-24 18:26:13,634 - INFO - Added RED annotation: RED Column 2 Max Width (in). Text is 1.801 inches from the side. Normally text is 2.525
2025-08-24 18:26:13,634 - INFO - Found RED cell: Page 39, Column 'Column Gap Width (in)', Value: -1.801
2025-08-24 18:26:13,634 - INFO - Added RED annotation: RED Column Gap Width (in). Text is -1.801 inches from the side. Normally text is 0.107
2025-08-24 18:26:13,635 - INFO - Found YELLOW cell: Page 41, Column 'Bottom Scripture Baseline Column 1 (in)', Value: 4.799
2025-08-24 18:26:13,635 - INFO - Added YELLOW annotation: YELLOW Bottom Scripture Baseline Column 1 (in). Text is 4.799 inches from the bottom. Normally text is 1.299
2025-08-24 18:26:13,635 - INFO - Found YELLOW cell: Page 41, Column 'Bottom Scripture Baseline Column 2 (in)', Value: 4.799
2025-08-24 18:26:13,635 - INFO - Added YELLOW annotation: YELLOW Bottom Scripture Baseline Column 2 (in). Text is 4.799 inches from the bottom. Normally text is 1.299
2025-08-24 18:26:13,635 - INFO - Found RED cell: Page 41, Column 'Footnote Baseline (in)', Value: 4.507
2025-08-24 18:26:13,635 - INFO - Added RED annotation: RED Footnote Baseline (in). Text is 4.507 inches from the bottom. Normally text is 0.997
2025-08-24 18:26:13,656 - INFO - Found YELLOW cell: Page 42, Column 'Bottom Scripture Baseline Column 1 (in)', Value: 1.007
2025-08-24 18:26:13,657 - INFO - Added YELLOW annotation: YELLOW Bottom Scripture Baseline Column 1 (in). Text is 1.007 inches from the bottom. Normally text is 1.299
2025-08-24 18:26:13,658 - INFO - Found YELLOW cell: Page 42, Column 'Bottom Scripture Baseline Column 2 (in)', Value: 1.007
2025-08-24 18:26:13,658 - INFO - Added YELLOW annotation: YELLOW Bottom Scripture Baseline Column 2 (in). Text is 1.007 inches from the bottom. Normally text is 1.299
2025-08-24 18:26:13,659 - INFO - Found YELLOW cell: Page 43, Column 'Bottom Scripture Baseline Column 1 (in)', Value: 1.007
2025-08-24 18:26:13,659 - INFO - Added YELLOW annotation: YELLOW Bottom Scripture Baseline Column 1 (in). Text is 1.007 inches from the bottom. Normally text is 1.299
2025-08-24 18:26:13,660 - INFO - Found YELLOW cell: Page 43, Column 'Bottom Scripture Baseline Column 2 (in)', Value: 1.007
2025-08-24 18:26:13,660 - INFO - Added YELLOW annotation: YELLOW Bottom Scripture Baseline Column 2 (in). Text is 1.007 inches from the bottom. Normally text is 1.299
2025-08-24 18:26:13,671 - INFO - Found YELLOW cell: Page 44, Column 'Footnote Baseline (in)', Value: 1.007
2025-08-24 18:26:13,671 - INFO - Added YELLOW annotation: YELLOW Footnote Baseline (in). Text is 1.007 inches from the bottom. Normally text is 0.997
2025-08-24 18:26:13,672 - INFO - Found YELLOW cell: Page 48, Column 'Bottom Scripture Baseline Column 1 (in)', Value: 1.007
2025-08-24 18:26:13,672 - INFO - Added YELLOW annotation: YELLOW Bottom Scripture Baseline Column 1 (in). Text is 1.007 inches from the bottom. Normally text is 1.299
2025-08-24 18:26:13,672 - INFO - Found YELLOW cell: Page 48, Column 'Bottom Scripture Baseline Column 2 (in)', Value: 1.007
2025-08-24 18:26:13,673 - INFO - Added YELLOW annotation: YELLOW Bottom Scripture Baseline Column 2 (in). Text is 1.007 inches from the bottom. Normally text is 1.299
2025-08-24 18:26:13,673 - INFO - Found YELLOW cell: Page 49, Column 'Bottom Scripture Baseline Column 1 (in)', Value: 1.007
2025-08-24 18:26:13,674 - INFO - Added YELLOW annotation: YELLOW Bottom Scripture Baseline Column 1 (in). Text is 1.007 inches from the bottom. Normally text is 1.299
2025-08-24 18:26:13,674 - INFO - Found YELLOW cell: Page 49, Column 'Bottom Scripture Baseline Column 2 (in)', Value: 1.007
2025-08-24 18:26:13,674 - INFO - Added YELLOW annotation: YELLOW Bottom Scripture Baseline Column 2 (in). Text is 1.007 inches from the bottom. Normally text is 1.299
2025-08-24 18:26:13,675 - INFO - Found YELLOW cell: Page 52, Column 'Bottom Scripture Baseline Column 1 (in)', Value: 2.757
2025-08-24 18:26:13,675 - INFO - Added YELLOW annotation: YELLOW Bottom Scripture Baseline Column 1 (in). Text is 2.757 inches from the bottom. Normally text is 1.299
2025-08-24 18:26:13,675 - INFO - Found YELLOW cell: Page 52, Column 'Bottom Scripture Baseline Column 2 (in)', Value: 2.757
2025-08-24 18:26:13,675 - INFO - Added YELLOW annotation: YELLOW Bottom Scripture Baseline Column 2 (in). Text is 2.757 inches from the bottom. Normally text is 1.299
2025-08-24 18:26:13,675 - INFO - Total annotations prepared for 02-Exodus: 55
2025-08-24 18:26:13,676 - INFO - Color breakdown: {'RED': 10, 'YELLOW': 45}
2025-08-24 18:26:13,676 - INFO - Opening PDF file: 02-Exodus.pdf
2025-08-24 18:26:13,677 - INFO - PDF opened successfully. Pages: 52
2025-08-24 18:26:13,679 - INFO - No column reference detected: Using center position 3.766 inches
2025-08-24 18:26:13,679 - INFO - TOP: Page 1, 7.16 inches from top = 515.52 pts from top
2025-08-24 18:26:13,683 - INFO - Added red annotation to page 1 at (271.152, 515.52)
2025-08-24 18:26:13,683 - INFO - Column 1 detected: Moving comment left 1.5 inches to 2.266 inches
2025-08-24 18:26:13,684 - INFO - BOTTOM: Page 3, 1.444 inches from bottom = 652.032 pts from top (page height: 756.0 pts)
2025-08-24 18:26:13,690 - INFO - Added yellow annotation to page 3 at (163.152, 652.032)
2025-08-24 18:26:13,690 - INFO - Column 2 detected: Moving comment right 1.5 inches to 5.266 inches
2025-08-24 18:26:13,691 - INFO - BOTTOM: Page 3, 1.444 inches from bottom = 652.032 pts from top (page height: 756.0 pts)
2025-08-24 18:26:13,693 - INFO - Added yellow annotation to page 3 at (379.152, 652.032)
2025-08-24 18:26:13,694 - INFO - No column reference detected: Using center position 3.766 inches
2025-08-24 18:26:13,694 - INFO - BOTTOM: Page 3, 1.011 inches from bottom = 683.208 pts from top (page height: 756.0 pts)
2025-08-24 18:26:13,696 - INFO - Added yellow annotation to page 3 at (271.152, 683.208)
2025-08-24 18:26:13,697 - INFO - Column 1 detected: Moving comment left 1.5 inches to 2.266 inches
2025-08-24 18:26:13,697 - INFO - BOTTOM: Page 5, 1.007 inches from bottom = 683.496 pts from top (page height: 756.0 pts)
2025-08-24 18:26:13,699 - INFO - Added yellow annotation to page 5 at (163.152, 683.496)
2025-08-24 18:26:13,699 - INFO - Column 2 detected: Moving comment right 1.5 inches to 5.266 inches
2025-08-24 18:26:13,699 - INFO - BOTTOM: Page 5, 1.007 inches from bottom = 683.496 pts from top (page height: 756.0 pts)
2025-08-24 18:26:13,702 - INFO - Added yellow annotation to page 5 at (379.152, 683.496)
2025-08-24 18:26:13,702 - INFO - No column reference detected: Using center position 3.766 inches
2025-08-24 18:26:13,703 - INFO - BOTTOM: Page 8, 1.007 inches from bottom = 683.496 pts from top (page height: 756.0 pts)
2025-08-24 18:26:13,705 - INFO - Added yellow annotation to page 8 at (271.152, 683.496)
2025-08-24 18:26:13,705 - INFO - Column 1 detected: Moving comment left 1.5 inches to 2.266 inches
2025-08-24 18:26:13,706 - INFO - BOTTOM: Page 10, 1.007 inches from bottom = 683.496 pts from top (page height: 756.0 pts)
2025-08-24 18:26:13,707 - INFO - Added yellow annotation to page 10 at (163.152, 683.496)
2025-08-24 18:26:13,708 - INFO - Column 2 detected: Moving comment right 1.5 inches to 5.266 inches
2025-08-24 18:26:13,708 - INFO - BOTTOM: Page 10, 1.007 inches from bottom = 683.496 pts from top (page height: 756.0 pts)
2025-08-24 18:26:13,709 - INFO - Added yellow annotation to page 10 at (379.152, 683.496)
2025-08-24 18:26:13,710 - INFO - Column 1 detected: Moving comment left 1.5 inches to 2.266 inches
2025-08-24 18:26:13,710 - INFO - BOTTOM: Page 13, 1.007 inches from bottom = 683.496 pts from top (page height: 756.0 pts)
2025-08-24 18:26:13,711 - INFO - Added yellow annotation to page 13 at (163.152, 683.496)
2025-08-24 18:26:13,712 - INFO - Column 2 detected: Moving comment right 1.5 inches to 5.266 inches
2025-08-24 18:26:13,712 - INFO - BOTTOM: Page 13, 1.007 inches from bottom = 683.496 pts from top (page height: 756.0 pts)
2025-08-24 18:26:13,713 - INFO - Added yellow annotation to page 13 at (379.152, 683.496)
2025-08-24 18:26:13,713 - INFO - Column 1 detected: Moving comment left 1.5 inches to 2.266 inches
2025-08-24 18:26:13,713 - INFO - BOTTOM: Page 14, 1.007 inches from bottom = 683.496 pts from top (page height: 756.0 pts)
2025-08-24 18:26:13,715 - INFO - Added yellow annotation to page 14 at (163.152, 683.496)
2025-08-24 18:26:13,715 - INFO - Column 2 detected: Moving comment right 1.5 inches to 5.266 inches
2025-08-24 18:26:13,715 - INFO - BOTTOM: Page 14, 1.007 inches from bottom = 683.496 pts from top (page height: 756.0 pts)
2025-08-24 18:26:13,716 - INFO - Added yellow annotation to page 14 at (379.152, 683.496)
2025-08-24 18:26:13,717 - INFO - Column 1 detected: Moving comment left 1.5 inches to 2.266 inches
2025-08-24 18:26:13,717 - INFO - BOTTOM: Page 15, 1.007 inches from bottom = 683.496 pts from top (page height: 756.0 pts)
2025-08-24 18:26:13,719 - INFO - Added yellow annotation to page 15 at (163.152, 683.496)
2025-08-24 18:26:13,719 - INFO - Column 2 detected: Moving comment right 1.5 inches to 5.266 inches
2025-08-24 18:26:13,719 - INFO - BOTTOM: Page 15, 1.007 inches from bottom = 683.496 pts from top (page height: 756.0 pts)
2025-08-24 18:26:13,721 - INFO - Added yellow annotation to page 15 at (379.152, 683.496)
2025-08-24 18:26:13,722 - INFO - No column reference detected: Using center position 3.766 inches
2025-08-24 18:26:13,722 - INFO - BOTTOM: Page 19, 1.007 inches from bottom = 683.496 pts from top (page height: 756.0 pts)
2025-08-24 18:26:13,724 - INFO - Added yellow annotation to page 19 at (271.152, 683.496)
2025-08-24 18:26:13,724 - INFO - Column 1 detected: Moving comment left 1.5 inches to 2.266 inches
2025-08-24 18:26:13,724 - INFO - BOTTOM: Page 24, 1.444 inches from bottom = 652.032 pts from top (page height: 756.0 pts)
2025-08-24 18:26:13,726 - INFO - Added yellow annotation to page 24 at (163.152, 652.032)
2025-08-24 18:26:13,726 - INFO - Column 2 detected: Moving comment right 1.5 inches to 5.266 inches
2025-08-24 18:26:13,726 - INFO - BOTTOM: Page 24, 1.444 inches from bottom = 652.032 pts from top (page height: 756.0 pts)
2025-08-24 18:26:13,728 - INFO - Added yellow annotation to page 24 at (379.152, 652.032)
2025-08-24 18:26:13,728 - INFO - Column 1 detected: Moving comment left 1.5 inches to 2.266 inches
2025-08-24 18:26:13,728 - INFO - BOTTOM: Page 28, 1.007 inches from bottom = 683.496 pts from top (page height: 756.0 pts)
2025-08-24 18:26:13,730 - INFO - Added yellow annotation to page 28 at (163.152, 683.496)
2025-08-24 18:26:13,730 - INFO - Column 2 detected: Moving comment right 1.5 inches to 5.266 inches
2025-08-24 18:26:13,730 - INFO - BOTTOM: Page 28, 1.007 inches from bottom = 683.496 pts from top (page height: 756.0 pts)
2025-08-24 18:26:13,731 - INFO - Added yellow annotation to page 28 at (379.152, 683.496)
2025-08-24 18:26:13,731 - INFO - Column 1 detected: Moving comment left 1.5 inches to 2.266 inches
2025-08-24 18:26:13,732 - INFO - BOTTOM: Page 29, 1.007 inches from bottom = 683.496 pts from top (page height: 756.0 pts)
2025-08-24 18:26:13,733 - INFO - Added yellow annotation to page 29 at (163.152, 683.496)
2025-08-24 18:26:13,734 - INFO - Column 2 detected: Moving comment right 1.5 inches to 5.266 inches
2025-08-24 18:26:13,734 - INFO - BOTTOM: Page 29, 1.007 inches from bottom = 683.496 pts from top (page height: 756.0 pts)
2025-08-24 18:26:13,735 - INFO - Added yellow annotation to page 29 at (379.152, 683.496)
2025-08-24 18:26:13,735 - INFO - No column reference detected: Using center position 3.766 inches
2025-08-24 18:26:13,735 - INFO - BOTTOM: Page 31, 1.007 inches from bottom = 683.496 pts from top (page height: 756.0 pts)
2025-08-24 18:26:13,738 - INFO - Added yellow annotation to page 31 at (271.152, 683.496)
2025-08-24 18:26:13,738 - INFO - Column 1 detected: Moving comment left 1.5 inches to 2.266 inches
2025-08-24 18:26:13,740 - INFO - BOTTOM: Page 32, 3.194 inches from bottom = 526.032 pts from top (page height: 756.0 pts)
2025-08-24 18:26:13,742 - INFO - Added yellow annotation to page 32 at (163.152, 526.032)
2025-08-24 18:26:13,742 - INFO - Column 2 detected: Moving comment right 1.5 inches to 5.266 inches
2025-08-24 18:26:13,742 - INFO - BOTTOM: Page 32, 3.194 inches from bottom = 526.032 pts from top (page height: 756.0 pts)
2025-08-24 18:26:13,744 - INFO - Added yellow annotation to page 32 at (379.152, 526.032)
2025-08-24 18:26:13,744 - INFO - Column 1 detected: Moving comment left 1.5 inches to 2.266 inches
2025-08-24 18:26:13,744 - INFO - BOTTOM: Page 34, 1.007 inches from bottom = 683.496 pts from top (page height: 756.0 pts)
2025-08-24 18:26:13,746 - INFO - Added yellow annotation to page 34 at (163.152, 683.496)
2025-08-24 18:26:13,746 - INFO - Column 2 detected: Moving comment right 1.5 inches to 5.266 inches
2025-08-24 18:26:13,746 - INFO - BOTTOM: Page 34, 1.007 inches from bottom = 683.496 pts from top (page height: 756.0 pts)
2025-08-24 18:26:13,748 - INFO - Added yellow annotation to page 34 at (379.152, 683.496)
2025-08-24 18:26:13,748 - INFO - No column reference detected: Using center position 3.766 inches
2025-08-24 18:26:13,748 - INFO - BOTTOM: Page 35, 5.25 inches from bottom = 378.0 pts from top (page height: 756.0 pts)
2025-08-24 18:26:13,749 - INFO - Added red annotation to page 35 at (271.152, 378.0)
2025-08-24 18:26:13,750 - INFO - Column 1 detected: Moving comment left 1.5 inches to 2.266 inches
2025-08-24 18:26:13,750 - INFO - BOTTOM: Page 36, 3.34 inches from bottom = 515.52 pts from top (page height: 756.0 pts)
2025-08-24 18:26:13,751 - INFO - Added yellow annotation to page 36 at (163.152, 515.52)
2025-08-24 18:26:13,751 - INFO - Column 2 detected: Moving comment right 1.5 inches to 5.266 inches
2025-08-24 18:26:13,752 - INFO - BOTTOM: Page 36, 3.34 inches from bottom = 515.52 pts from top (page height: 756.0 pts)
2025-08-24 18:26:13,753 - INFO - Added yellow annotation to page 36 at (379.152, 515.52)
2025-08-24 18:26:13,753 - INFO - No column reference detected: Using center position 3.766 inches
2025-08-24 18:26:13,753 - INFO - BOTTOM: Page 36, 3.049 inches from bottom = 536.472 pts from top (page height: 756.0 pts)
2025-08-24 18:26:13,756 - INFO - Added red annotation to page 36 at (271.152, 536.472)
2025-08-24 18:26:13,756 - INFO - Column 1 detected: Moving comment left 1.5 inches to 2.266 inches
2025-08-24 18:26:13,756 - INFO - BOTTOM: Page 37, 1.007 inches from bottom = 683.496 pts from top (page height: 756.0 pts)
2025-08-24 18:26:13,758 - INFO - Added yellow annotation to page 37 at (163.152, 683.496)
2025-08-24 18:26:13,758 - INFO - Column 2 detected: Moving comment right 1.5 inches to 5.266 inches
2025-08-24 18:26:13,758 - INFO - BOTTOM: Page 37, 1.007 inches from bottom = 683.496 pts from top (page height: 756.0 pts)
2025-08-24 18:26:13,760 - INFO - Added yellow annotation to page 37 at (379.152, 683.496)
2025-08-24 18:26:13,760 - INFO - Column 1 detected: Moving comment left 1.5 inches to 2.266 inches
2025-08-24 18:26:13,761 - INFO - BOTTOM: Page 39, 1.007 inches from bottom = 683.496 pts from top (page height: 756.0 pts)
2025-08-24 18:26:13,762 - INFO - Added yellow annotation to page 39 at (163.152, 683.496)
2025-08-24 18:26:13,762 - INFO - Column 2 detected: Moving comment right 1.5 inches to 5.266 inches
2025-08-24 18:26:13,762 - INFO - BOTTOM: Page 39, 1.007 inches from bottom = 683.496 pts from top (page height: 756.0 pts)
2025-08-24 18:26:13,764 - INFO - Added yellow annotation to page 39 at (379.152, 683.496)
2025-08-24 18:26:13,764 - INFO - Column 1 detected: Moving comment left 1.5 inches to 2.266 inches
2025-08-24 18:26:13,764 - INFO - TOP: Page 39, 2.802 inches from top = 201.744 pts from top
2025-08-24 18:26:13,766 - INFO - Added red annotation to page 39 at (163.152, 201.744)
2025-08-24 18:26:13,766 - INFO - Column 1 detected: Moving comment left 1.5 inches to 2.266 inches
2025-08-24 18:26:13,766 - INFO - TOP: Page 39, 3.448 inches from top = 248.256 pts from top
2025-08-24 18:26:13,768 - INFO - Added red annotation to page 39 at (163.152, 248.256)
2025-08-24 18:26:13,768 - INFO - Column 2 detected: Moving comment right 1.5 inches to 5.266 inches
2025-08-24 18:26:13,768 - INFO - TOP: Page 39, 2.898 inches from top = 208.656 pts from top
2025-08-24 18:26:13,771 - INFO - Added red annotation to page 39 at (379.152, 208.656)
2025-08-24 18:26:13,771 - INFO - Column 2 detected: Moving comment right 1.5 inches to 5.266 inches
2025-08-24 18:26:13,771 - INFO - TOP: Page 39, 2.802 inches from top = 201.744 pts from top
2025-08-24 18:26:13,774 - INFO - Added red annotation to page 39 at (379.152, 201.744)
2025-08-24 18:26:13,774 - INFO - Column 2 detected: Moving comment right 1.5 inches to 5.266 inches
2025-08-24 18:26:13,774 - INFO - TOP: Page 39, 1.801 inches from top = 129.672 pts from top
2025-08-24 18:26:13,776 - INFO - Added red annotation to page 39 at (379.152, 129.672)
2025-08-24 18:26:13,776 - INFO - No column reference detected: Using center position 3.766 inches
2025-08-24 18:26:13,776 - INFO - TOP: Page 39, -1.801 inches from top = -129.672 pts from top
2025-08-24 18:26:13,776 - WARNING - Annotation Y coordinate -129.672 is above page, clamping to 0
2025-08-24 18:26:13,778 - INFO - Added red annotation to page 39 at (271.152, 0)
2025-08-24 18:26:13,778 - INFO - Column 1 detected: Moving comment left 1.5 inches to 2.266 inches
2025-08-24 18:26:13,778 - INFO - BOTTOM: Page 41, 4.799 inches from bottom = 410.472 pts from top (page height: 756.0 pts)
2025-08-24 18:26:13,780 - INFO - Added yellow annotation to page 41 at (163.152, 410.472)
2025-08-24 18:26:13,781 - INFO - Column 2 detected: Moving comment right 1.5 inches to 5.266 inches
2025-08-24 18:26:13,781 - INFO - BOTTOM: Page 41, 4.799 inches from bottom = 410.472 pts from top (page height: 756.0 pts)
2025-08-24 18:26:13,783 - INFO - Added yellow annotation to page 41 at (379.152, 410.472)
2025-08-24 18:26:13,783 - INFO - No column reference detected: Using center position 3.766 inches
2025-08-24 18:26:13,783 - INFO - BOTTOM: Page 41, 4.507 inches from bottom = 431.49600000000004 pts from top (page height: 756.0 pts)
2025-08-24 18:26:13,785 - INFO - Added red annotation to page 41 at (271.152, 431.49600000000004)
2025-08-24 18:26:13,785 - INFO - Column 1 detected: Moving comment left 1.5 inches to 2.266 inches
2025-08-24 18:26:13,785 - INFO - BOTTOM: Page 42, 1.007 inches from bottom = 683.496 pts from top (page height: 756.0 pts)
2025-08-24 18:26:13,787 - INFO - Added yellow annotation to page 42 at (163.152, 683.496)
2025-08-24 18:26:13,788 - INFO - Column 2 detected: Moving comment right 1.5 inches to 5.266 inches
2025-08-24 18:26:13,788 - INFO - BOTTOM: Page 42, 1.007 inches from bottom = 683.496 pts from top (page height: 756.0 pts)
2025-08-24 18:26:13,791 - INFO - Added yellow annotation to page 42 at (379.152, 683.496)
2025-08-24 18:26:13,791 - INFO - Column 1 detected: Moving comment left 1.5 inches to 2.266 inches
2025-08-24 18:26:13,791 - INFO - BOTTOM: Page 43, 1.007 inches from bottom = 683.496 pts from top (page height: 756.0 pts)
2025-08-24 18:26:13,793 - INFO - Added yellow annotation to page 43 at (163.152, 683.496)
2025-08-24 18:26:13,794 - INFO - Column 2 detected: Moving comment right 1.5 inches to 5.266 inches
2025-08-24 18:26:13,794 - INFO - BOTTOM: Page 43, 1.007 inches from bottom = 683.496 pts from top (page height: 756.0 pts)
2025-08-24 18:26:13,795 - INFO - Added yellow annotation to page 43 at (379.152, 683.496)
2025-08-24 18:26:13,796 - INFO - No column reference detected: Using center position 3.766 inches
2025-08-24 18:26:13,796 - INFO - BOTTOM: Page 44, 1.007 inches from bottom = 683.496 pts from top (page height: 756.0 pts)
2025-08-24 18:26:13,797 - INFO - Added yellow annotation to page 44 at (271.152, 683.496)
2025-08-24 18:26:13,798 - INFO - Column 1 detected: Moving comment left 1.5 inches to 2.266 inches
2025-08-24 18:26:13,798 - INFO - BOTTOM: Page 48, 1.007 inches from bottom = 683.496 pts from top (page height: 756.0 pts)
2025-08-24 18:26:13,800 - INFO - Added yellow annotation to page 48 at (163.152, 683.496)
2025-08-24 18:26:13,800 - INFO - Column 2 detected: Moving comment right 1.5 inches to 5.266 inches
2025-08-24 18:26:13,800 - INFO - BOTTOM: Page 48, 1.007 inches from bottom = 683.496 pts from top (page height: 756.0 pts)
2025-08-24 18:26:13,802 - INFO - Added yellow annotation to page 48 at (379.152, 683.496)
2025-08-24 18:26:13,802 - INFO - Column 1 detected: Moving comment left 1.5 inches to 2.266 inches
2025-08-24 18:26:13,802 - INFO - BOTTOM: Page 49, 1.007 inches from bottom = 683.496 pts from top (page height: 756.0 pts)
2025-08-24 18:26:13,804 - INFO - Added yellow annotation to page 49 at (163.152, 683.496)
2025-08-24 18:26:13,804 - INFO - Column 2 detected: Moving comment right 1.5 inches to 5.266 inches
2025-08-24 18:26:13,804 - INFO - BOTTOM: Page 49, 1.007 inches from bottom = 683.496 pts from top (page height: 756.0 pts)
2025-08-24 18:26:13,807 - INFO - Added yellow annotation to page 49 at (379.152, 683.496)
2025-08-24 18:26:13,807 - INFO - Column 1 detected: Moving comment left 1.5 inches to 2.266 inches
2025-08-24 18:26:13,807 - INFO - BOTTOM: Page 52, 2.757 inches from bottom = 557.496 pts from top (page height: 756.0 pts)
2025-08-24 18:26:13,808 - INFO - Added yellow annotation to page 52 at (163.152, 557.496)
2025-08-24 18:26:13,809 - INFO - Column 2 detected: Moving comment right 1.5 inches to 5.266 inches
2025-08-24 18:26:13,809 - INFO - BOTTOM: Page 52, 2.757 inches from bottom = 557.496 pts from top (page height: 756.0 pts)
2025-08-24 18:26:13,810 - INFO - Added yellow annotation to page 52 at (379.152, 557.496)
2025-08-24 18:26:13,812 - INFO - Added summary annotation to first page
2025-08-24 18:26:13,812 - INFO - Saving annotated PDF to: 02-Exodus_annotated.pdf
2025-08-24 18:26:13,849 - INFO - PDF saved successfully
2025-08-24 18:26:13,849 - INFO - === 02-Exodus Complete: 55 annotations added ===
2025-08-24 18:26:13,849 - INFO - Color breakdown: {'RED': 10, 'YELLOW': 45}
2025-08-24 18:26:13,849 - INFO - === BATCH PROCESSING COMPLETE ===
2025-08-24 18:26:13,849 - INFO - Successfully processed: 1
2025-08-24 18:26:13,849 - INFO - Failed: 0
