2025-08-24 23:13:08,666 - INFO - === PDF Margin Annotator Started ===
2025-08-24 23:13:08,667 - INFO - Log file: logs/pdf_margin_annotator_20250824_231308.log
2025-08-24 23:13:08,667 - INFO - Loading reference values from: margin_baseline_reference.txt
2025-08-24 23:13:08,668 - INFO - Successfully loaded 20 reference values
2025-08-24 23:13:08,668 - INFO - Found pair: 02-Exodus.pdf + 02-Exodus.xlsx -> 02-Exodus_annotated.pdf
2025-08-24 23:13:08,669 - WARNING - PDF found but no matching Excel file: 02-Exodus_annotated.pdf (looking for 02-Exodus_annotated.xlsx)
2025-08-24 23:13:08,670 - INFO - Found 1 file pair(s) to process
2025-08-24 23:13:08,670 - INFO - === Processing 02-Exodus ===
2025-08-24 23:13:08,671 - INFO - Excel: 02-Exodus.xlsx
2025-08-24 23:13:08,671 - INFO - PDF: 02-Exodus.pdf
2025-08-24 23:13:08,671 - INFO - Output: 02-Exodus_annotated.pdf
2025-08-24 23:13:08,672 - INFO - Using center point: 3.766 inches
2025-08-24 23:13:08,672 - INFO - Using page height: 10.5 inches
2025-08-24 23:13:08,672 - INFO - Loading Excel file: 02-Exodus.xlsx
2025-08-24 23:13:08,696 - INFO - Excel file loaded successfully
2025-08-24 23:13:08,698 - INFO - Found RED cell: Page 1, Column 'Running Head Baseline (in)', Value: 7.16
2025-08-24 23:13:08,699 - INFO - Added annotation #1: RED Running Head Baseline (in). Text is 7.16 inches from the top. Normally text is 1.129
2025-08-24 23:13:08,701 - INFO - Found YELLOW cell: Page 3, Column 'Bottom Scripture Baseline Column 1 (in)', Value: 1.444
2025-08-24 23:13:08,702 - INFO - Added annotation #2: YELLOW Bottom Scripture Baseline Column 1 (in). Text is 1.444 inches from the bottom. Normally text is 1.299
2025-08-24 23:13:08,702 - INFO - Found YELLOW cell: Page 3, Column 'Bottom Scripture Baseline Column 2 (in)', Value: 1.444
2025-08-24 23:13:08,703 - INFO - Added annotation #3: YELLOW Bottom Scripture Baseline Column 2 (in). Text is 1.444 inches from the bottom. Normally text is 1.299
2025-08-24 23:13:08,703 - INFO - Found YELLOW cell: Page 3, Column 'Footnote Baseline (in)', Value: 1.011
2025-08-24 23:13:08,704 - INFO - Added annotation #4: YELLOW Footnote Baseline (in). Text is 1.011 inches from the bottom. Normally text is 0.997
2025-08-24 23:13:08,706 - INFO - Found YELLOW cell: Page 5, Column 'Bottom Scripture Baseline Column 1 (in)', Value: 1.007
2025-08-24 23:13:08,707 - INFO - Added annotation #5: YELLOW Bottom Scripture Baseline Column 1 (in). Text is 1.007 inches from the bottom. Normally text is 1.299
2025-08-24 23:13:08,707 - INFO - Found YELLOW cell: Page 5, Column 'Bottom Scripture Baseline Column 2 (in)', Value: 1.007
2025-08-24 23:13:08,708 - INFO - Added annotation #6: YELLOW Bottom Scripture Baseline Column 2 (in). Text is 1.007 inches from the bottom. Normally text is 1.299
2025-08-24 23:13:08,712 - INFO - Found YELLOW cell: Page 8, Column 'Footnote Baseline (in)', Value: 1.007
2025-08-24 23:13:08,713 - INFO - Added annotation #7: YELLOW Footnote Baseline (in). Text is 1.007 inches from the bottom. Normally text is 0.997
2025-08-24 23:13:08,716 - INFO - Found YELLOW cell: Page 10, Column 'Bottom Scripture Baseline Column 1 (in)', Value: 1.007
2025-08-24 23:13:08,717 - INFO - Added annotation #8: YELLOW Bottom Scripture Baseline Column 1 (in). Text is 1.007 inches from the bottom. Normally text is 1.299
2025-08-24 23:13:08,718 - INFO - Found YELLOW cell: Page 10, Column 'Bottom Scripture Baseline Column 2 (in)', Value: 1.007
2025-08-24 23:13:08,718 - INFO - Added annotation #9: YELLOW Bottom Scripture Baseline Column 2 (in). Text is 1.007 inches from the bottom. Normally text is 1.299
2025-08-24 23:13:08,721 - INFO - Found YELLOW cell: Page 13, Column 'Bottom Scripture Baseline Column 1 (in)', Value: 1.007
2025-08-24 23:13:08,722 - INFO - Added annotation #10: YELLOW Bottom Scripture Baseline Column 1 (in). Text is 1.007 inches from the bottom. Normally text is 1.299
2025-08-24 23:13:08,723 - INFO - Found YELLOW cell: Page 13, Column 'Bottom Scripture Baseline Column 2 (in)', Value: 1.007
2025-08-24 23:13:08,723 - INFO - Added annotation #11: YELLOW Bottom Scripture Baseline Column 2 (in). Text is 1.007 inches from the bottom. Normally text is 1.299
2025-08-24 23:13:08,725 - INFO - Found YELLOW cell: Page 14, Column 'Bottom Scripture Baseline Column 1 (in)', Value: 1.007
2025-08-24 23:13:08,726 - INFO - Added annotation #12: YELLOW Bottom Scripture Baseline Column 1 (in). Text is 1.007 inches from the bottom. Normally text is 1.299
2025-08-24 23:13:08,727 - INFO - Found YELLOW cell: Page 14, Column 'Bottom Scripture Baseline Column 2 (in)', Value: 1.007
2025-08-24 23:13:08,728 - INFO - Added annotation #13: YELLOW Bottom Scripture Baseline Column 2 (in). Text is 1.007 inches from the bottom. Normally text is 1.299
2025-08-24 23:13:08,730 - INFO - Found YELLOW cell: Page 15, Column 'Bottom Scripture Baseline Column 1 (in)', Value: 1.007
2025-08-24 23:13:08,730 - INFO - Added annotation #14: YELLOW Bottom Scripture Baseline Column 1 (in). Text is 1.007 inches from the bottom. Normally text is 1.299
2025-08-24 23:13:08,731 - INFO - Found YELLOW cell: Page 15, Column 'Bottom Scripture Baseline Column 2 (in)', Value: 1.007
2025-08-24 23:13:08,732 - INFO - Added annotation #15: YELLOW Bottom Scripture Baseline Column 2 (in). Text is 1.007 inches from the bottom. Normally text is 1.299
2025-08-24 23:13:08,735 - INFO - Found YELLOW cell: Page 19, Column 'Footnote Baseline (in)', Value: 1.007
2025-08-24 23:13:08,736 - INFO - Added annotation #16: YELLOW Footnote Baseline (in). Text is 1.007 inches from the bottom. Normally text is 0.997
2025-08-24 23:13:08,739 - INFO - Found YELLOW cell: Page 24, Column 'Bottom Scripture Baseline Column 1 (in)', Value: 1.444
2025-08-24 23:13:08,740 - INFO - Added annotation #17: YELLOW Bottom Scripture Baseline Column 1 (in). Text is 1.444 inches from the bottom. Normally text is 1.299
2025-08-24 23:13:08,740 - INFO - Found YELLOW cell: Page 24, Column 'Bottom Scripture Baseline Column 2 (in)', Value: 1.444
2025-08-24 23:13:08,741 - INFO - Added annotation #18: YELLOW Bottom Scripture Baseline Column 2 (in). Text is 1.444 inches from the bottom. Normally text is 1.299
2025-08-24 23:13:08,746 - INFO - Found YELLOW cell: Page 28, Column 'Bottom Scripture Baseline Column 1 (in)', Value: 1.007
2025-08-24 23:13:08,747 - INFO - Added annotation #19: YELLOW Bottom Scripture Baseline Column 1 (in). Text is 1.007 inches from the bottom. Normally text is 1.299
2025-08-24 23:13:08,748 - INFO - Found YELLOW cell: Page 28, Column 'Bottom Scripture Baseline Column 2 (in)', Value: 1.007
2025-08-24 23:13:08,749 - INFO - Added annotation #20: YELLOW Bottom Scripture Baseline Column 2 (in). Text is 1.007 inches from the bottom. Normally text is 1.299
2025-08-24 23:13:08,750 - INFO - Found YELLOW cell: Page 29, Column 'Bottom Scripture Baseline Column 1 (in)', Value: 1.007
2025-08-24 23:13:08,751 - INFO - Added annotation #21: YELLOW Bottom Scripture Baseline Column 1 (in). Text is 1.007 inches from the bottom. Normally text is 1.299
2025-08-24 23:13:08,752 - INFO - Found YELLOW cell: Page 29, Column 'Bottom Scripture Baseline Column 2 (in)', Value: 1.007
2025-08-24 23:13:08,752 - INFO - Added annotation #22: YELLOW Bottom Scripture Baseline Column 2 (in). Text is 1.007 inches from the bottom. Normally text is 1.299
2025-08-24 23:13:08,756 - INFO - Found YELLOW cell: Page 31, Column 'Footnote Baseline (in)', Value: 1.007
2025-08-24 23:13:08,757 - INFO - Added annotation #23: YELLOW Footnote Baseline (in). Text is 1.007 inches from the bottom. Normally text is 0.997
2025-08-24 23:13:08,759 - INFO - Found YELLOW cell: Page 32, Column 'Bottom Scripture Baseline Column 1 (in)', Value: 3.194
2025-08-24 23:13:08,760 - INFO - Added annotation #24: YELLOW Bottom Scripture Baseline Column 1 (in). Text is 3.194 inches from the bottom. Normally text is 1.299
2025-08-24 23:13:08,760 - INFO - Found YELLOW cell: Page 32, Column 'Bottom Scripture Baseline Column 2 (in)', Value: 3.194
2025-08-24 23:13:08,761 - INFO - Added annotation #25: YELLOW Bottom Scripture Baseline Column 2 (in). Text is 3.194 inches from the bottom. Normally text is 1.299
2025-08-24 23:13:08,764 - INFO - Found YELLOW cell: Page 34, Column 'Bottom Scripture Baseline Column 1 (in)', Value: 1.007
2025-08-24 23:13:08,764 - INFO - Added annotation #26: YELLOW Bottom Scripture Baseline Column 1 (in). Text is 1.007 inches from the bottom. Normally text is 1.299
2025-08-24 23:13:08,766 - INFO - Found YELLOW cell: Page 34, Column 'Bottom Scripture Baseline Column 2 (in)', Value: 1.007
2025-08-24 23:13:08,766 - INFO - Added annotation #27: YELLOW Bottom Scripture Baseline Column 2 (in). Text is 1.007 inches from the bottom. Normally text is 1.299
2025-08-24 23:13:08,768 - INFO - Found RED cell: Page 35, Column 'Footnote Baseline (in)', Value: 5.25
2025-08-24 23:13:08,769 - INFO - Added annotation #28: RED Footnote Baseline (in). Text is 5.25 inches from the bottom. Normally text is 0.997
2025-08-24 23:13:08,770 - INFO - Found YELLOW cell: Page 36, Column 'Bottom Scripture Baseline Column 1 (in)', Value: 3.34
2025-08-24 23:13:08,770 - INFO - Added annotation #29: YELLOW Bottom Scripture Baseline Column 1 (in). Text is 3.34 inches from the bottom. Normally text is 1.299
2025-08-24 23:13:08,771 - INFO - Found YELLOW cell: Page 36, Column 'Bottom Scripture Baseline Column 2 (in)', Value: 3.34
2025-08-24 23:13:08,771 - INFO - Added annotation #30: YELLOW Bottom Scripture Baseline Column 2 (in). Text is 3.34 inches from the bottom. Normally text is 1.299
2025-08-24 23:13:08,772 - INFO - Found RED cell: Page 36, Column 'Footnote Baseline (in)', Value: 3.049
2025-08-24 23:13:08,773 - INFO - Added annotation #31: RED Footnote Baseline (in). Text is 3.049 inches from the bottom. Normally text is 0.997
2025-08-24 23:13:08,774 - INFO - Found YELLOW cell: Page 37, Column 'Bottom Scripture Baseline Column 1 (in)', Value: 1.007
2025-08-24 23:13:08,775 - INFO - Added annotation #32: YELLOW Bottom Scripture Baseline Column 1 (in). Text is 1.007 inches from the bottom. Normally text is 1.299
2025-08-24 23:13:08,775 - INFO - Found YELLOW cell: Page 37, Column 'Bottom Scripture Baseline Column 2 (in)', Value: 1.007
2025-08-24 23:13:08,776 - INFO - Added annotation #33: YELLOW Bottom Scripture Baseline Column 2 (in). Text is 1.007 inches from the bottom. Normally text is 1.299
2025-08-24 23:13:08,779 - INFO - Found YELLOW cell: Page 39, Column 'Bottom Scripture Baseline Column 1 (in)', Value: 1.007
2025-08-24 23:13:08,780 - INFO - Added annotation #34: YELLOW Bottom Scripture Baseline Column 1 (in). Text is 1.007 inches from the bottom. Normally text is 1.299
2025-08-24 23:13:08,780 - INFO - Found YELLOW cell: Page 39, Column 'Bottom Scripture Baseline Column 2 (in)', Value: 1.007
2025-08-24 23:13:08,781 - INFO - Added annotation #35: YELLOW Bottom Scripture Baseline Column 2 (in). Text is 1.007 inches from the bottom. Normally text is 1.299
2025-08-24 23:13:08,782 - INFO - Found RED cell: Page 39, Column 'Column 1 Right Edge (in)', Value: 2.802
2025-08-24 23:13:08,783 - INFO - Added annotation #36: RED Column 1 Right Edge (in). Text is 2.802 inches from the side. Normally text is 3.725
2025-08-24 23:13:08,783 - INFO - Found RED cell: Page 39, Column 'Column 1 Max Width (in)', Value: 3.448
2025-08-24 23:13:08,784 - INFO - Added annotation #37: RED Column 1 Max Width (in). Text is 3.448 inches from the side. Normally text is 2.525
2025-08-24 23:13:08,785 - INFO - Found RED cell: Page 39, Column 'Column 2 Left Edge (in)', Value: 2.898
2025-08-24 23:13:08,785 - INFO - Added annotation #38: RED Column 2 Left Edge (in). Text is 2.898 inches from the side. Normally text is 3.882
2025-08-24 23:13:08,786 - INFO - Found RED cell: Page 39, Column 'Column 2 Right Edge (in)', Value: 2.802
2025-08-24 23:13:08,786 - INFO - Added annotation #39: RED Column 2 Right Edge (in). Text is 2.802 inches from the side. Normally text is 1.093
2025-08-24 23:13:08,787 - INFO - Found RED cell: Page 39, Column 'Column 2 Max Width (in)', Value: 1.801
2025-08-24 23:13:08,787 - INFO - Added annotation #40: RED Column 2 Max Width (in). Text is 1.801 inches from the side. Normally text is 2.525
2025-08-24 23:13:08,788 - INFO - Found RED cell: Page 39, Column 'Column Gap Width (in)', Value: -1.801
2025-08-24 23:13:08,789 - INFO - Added annotation #41: RED Column Gap Width (in). Text is -1.801 inches from the side. Normally text is 0.107
2025-08-24 23:13:08,791 - INFO - Found YELLOW cell: Page 41, Column 'Bottom Scripture Baseline Column 1 (in)', Value: 4.799
2025-08-24 23:13:08,791 - INFO - Added annotation #42: YELLOW Bottom Scripture Baseline Column 1 (in). Text is 4.799 inches from the bottom. Normally text is 1.299
2025-08-24 23:13:08,792 - INFO - Found YELLOW cell: Page 41, Column 'Bottom Scripture Baseline Column 2 (in)', Value: 4.799
2025-08-24 23:13:08,792 - INFO - Added annotation #43: YELLOW Bottom Scripture Baseline Column 2 (in). Text is 4.799 inches from the bottom. Normally text is 1.299
2025-08-24 23:13:08,793 - INFO - Found RED cell: Page 41, Column 'Footnote Baseline (in)', Value: 4.507
2025-08-24 23:13:08,793 - INFO - Added annotation #44: RED Footnote Baseline (in). Text is 4.507 inches from the bottom. Normally text is 0.997
2025-08-24 23:13:08,794 - INFO - Found YELLOW cell: Page 42, Column 'Bottom Scripture Baseline Column 1 (in)', Value: 1.007
2025-08-24 23:13:08,795 - INFO - Added annotation #45: YELLOW Bottom Scripture Baseline Column 1 (in). Text is 1.007 inches from the bottom. Normally text is 1.299
2025-08-24 23:13:08,795 - INFO - Found YELLOW cell: Page 42, Column 'Bottom Scripture Baseline Column 2 (in)', Value: 1.007
2025-08-24 23:13:08,796 - INFO - Added annotation #46: YELLOW Bottom Scripture Baseline Column 2 (in). Text is 1.007 inches from the bottom. Normally text is 1.299
2025-08-24 23:13:08,798 - INFO - Found YELLOW cell: Page 43, Column 'Bottom Scripture Baseline Column 1 (in)', Value: 1.007
2025-08-24 23:13:08,798 - INFO - Added annotation #47: YELLOW Bottom Scripture Baseline Column 1 (in). Text is 1.007 inches from the bottom. Normally text is 1.299
2025-08-24 23:13:08,799 - INFO - Found YELLOW cell: Page 43, Column 'Bottom Scripture Baseline Column 2 (in)', Value: 1.007
2025-08-24 23:13:08,800 - INFO - Added annotation #48: YELLOW Bottom Scripture Baseline Column 2 (in). Text is 1.007 inches from the bottom. Normally text is 1.299
2025-08-24 23:13:08,802 - INFO - Found YELLOW cell: Page 44, Column 'Footnote Baseline (in)', Value: 1.007
2025-08-24 23:13:08,802 - INFO - Added annotation #49: YELLOW Footnote Baseline (in). Text is 1.007 inches from the bottom. Normally text is 0.997
2025-08-24 23:13:08,806 - INFO - Found YELLOW cell: Page 48, Column 'Bottom Scripture Baseline Column 1 (in)', Value: 1.007
2025-08-24 23:13:08,807 - INFO - Added annotation #50: YELLOW Bottom Scripture Baseline Column 1 (in). Text is 1.007 inches from the bottom. Normally text is 1.299
2025-08-24 23:13:08,807 - INFO - Found YELLOW cell: Page 48, Column 'Bottom Scripture Baseline Column 2 (in)', Value: 1.007
2025-08-24 23:13:08,807 - INFO - Added annotation #51: YELLOW Bottom Scripture Baseline Column 2 (in). Text is 1.007 inches from the bottom. Normally text is 1.299
2025-08-24 23:13:08,809 - INFO - Found YELLOW cell: Page 49, Column 'Bottom Scripture Baseline Column 1 (in)', Value: 1.007
2025-08-24 23:13:08,809 - INFO - Added annotation #52: YELLOW Bottom Scripture Baseline Column 1 (in). Text is 1.007 inches from the bottom. Normally text is 1.299
2025-08-24 23:13:08,809 - INFO - Found YELLOW cell: Page 49, Column 'Bottom Scripture Baseline Column 2 (in)', Value: 1.007
2025-08-24 23:13:08,810 - INFO - Added annotation #53: YELLOW Bottom Scripture Baseline Column 2 (in). Text is 1.007 inches from the bottom. Normally text is 1.299
2025-08-24 23:13:08,813 - INFO - Found YELLOW cell: Page 52, Column 'Bottom Scripture Baseline Column 1 (in)', Value: 2.757
2025-08-24 23:13:08,814 - INFO - Added annotation #54: YELLOW Bottom Scripture Baseline Column 1 (in). Text is 2.757 inches from the bottom. Normally text is 1.299
2025-08-24 23:13:08,815 - INFO - Found YELLOW cell: Page 52, Column 'Bottom Scripture Baseline Column 2 (in)', Value: 2.757
2025-08-24 23:13:08,815 - INFO - Added annotation #55: YELLOW Bottom Scripture Baseline Column 2 (in). Text is 2.757 inches from the bottom. Normally text is 1.299
2025-08-24 23:13:08,816 - INFO - Total annotations prepared for 02-Exodus: 55
2025-08-24 23:13:08,817 - INFO - Color counts: RED=10, YELLOW=45, PURPLE=0, ORANGE=0
2025-08-24 23:13:08,817 - INFO - Opening PDF file: 02-Exodus.pdf
2025-08-24 23:13:08,820 - INFO - PDF opened successfully. Pages: 52
2025-08-24 23:13:08,824 - INFO - No column reference detected: Using center position 3.766 inches
2025-08-24 23:13:08,825 - INFO - TOP: Page 1, 7.16 inches from top = 515.52 pts from top
2025-08-24 23:13:08,834 - INFO - Added annotation to page 1 at (271.152, 515.52)
2025-08-24 23:13:08,835 - INFO - Column 1 detected: Moving comment left 1.5 inches to 2.266 inches
2025-08-24 23:13:08,835 - INFO - BOTTOM: Page 3, 1.444 inches from bottom = 652.032 pts from top (page height: 756.0 pts)
2025-08-24 23:13:08,838 - INFO - Added annotation to page 3 at (163.152, 652.032)
2025-08-24 23:13:08,839 - INFO - Column 2 detected: Moving comment right 1.5 inches to 5.266 inches
2025-08-24 23:13:08,839 - INFO - BOTTOM: Page 3, 1.444 inches from bottom = 652.032 pts from top (page height: 756.0 pts)
2025-08-24 23:13:08,842 - INFO - Added annotation to page 3 at (379.152, 652.032)
2025-08-24 23:13:08,842 - INFO - No column reference detected: Using center position 3.766 inches
2025-08-24 23:13:08,842 - INFO - BOTTOM: Page 3, 1.011 inches from bottom = 683.208 pts from top (page height: 756.0 pts)
2025-08-24 23:13:08,846 - INFO - Added annotation to page 3 at (271.152, 683.208)
2025-08-24 23:13:08,847 - INFO - Column 1 detected: Moving comment left 1.5 inches to 2.266 inches
2025-08-24 23:13:08,848 - INFO - BOTTOM: Page 5, 1.007 inches from bottom = 683.496 pts from top (page height: 756.0 pts)
2025-08-24 23:13:08,851 - INFO - Added annotation to page 5 at (163.152, 683.496)
2025-08-24 23:13:08,851 - INFO - Column 2 detected: Moving comment right 1.5 inches to 5.266 inches
2025-08-24 23:13:08,852 - INFO - BOTTOM: Page 5, 1.007 inches from bottom = 683.496 pts from top (page height: 756.0 pts)
2025-08-24 23:13:08,854 - INFO - Added annotation to page 5 at (379.152, 683.496)
2025-08-24 23:13:08,855 - INFO - No column reference detected: Using center position 3.766 inches
2025-08-24 23:13:08,855 - INFO - BOTTOM: Page 8, 1.007 inches from bottom = 683.496 pts from top (page height: 756.0 pts)
2025-08-24 23:13:08,857 - INFO - Added annotation to page 8 at (271.152, 683.496)
2025-08-24 23:13:08,857 - INFO - Column 1 detected: Moving comment left 1.5 inches to 2.266 inches
2025-08-24 23:13:08,857 - INFO - BOTTOM: Page 10, 1.007 inches from bottom = 683.496 pts from top (page height: 756.0 pts)
2025-08-24 23:13:08,860 - INFO - Added annotation to page 10 at (163.152, 683.496)
2025-08-24 23:13:08,860 - INFO - Column 2 detected: Moving comment right 1.5 inches to 5.266 inches
2025-08-24 23:13:08,860 - INFO - BOTTOM: Page 10, 1.007 inches from bottom = 683.496 pts from top (page height: 756.0 pts)
2025-08-24 23:13:08,863 - INFO - Added annotation to page 10 at (379.152, 683.496)
2025-08-24 23:13:08,864 - INFO - Column 1 detected: Moving comment left 1.5 inches to 2.266 inches
2025-08-24 23:13:08,865 - INFO - BOTTOM: Page 13, 1.007 inches from bottom = 683.496 pts from top (page height: 756.0 pts)
2025-08-24 23:13:08,869 - INFO - Added annotation to page 13 at (163.152, 683.496)
2025-08-24 23:13:08,870 - INFO - Column 2 detected: Moving comment right 1.5 inches to 5.266 inches
2025-08-24 23:13:08,871 - INFO - BOTTOM: Page 13, 1.007 inches from bottom = 683.496 pts from top (page height: 756.0 pts)
2025-08-24 23:13:08,874 - INFO - Added annotation to page 13 at (379.152, 683.496)
2025-08-24 23:13:08,874 - INFO - Column 1 detected: Moving comment left 1.5 inches to 2.266 inches
2025-08-24 23:13:08,875 - INFO - BOTTOM: Page 14, 1.007 inches from bottom = 683.496 pts from top (page height: 756.0 pts)
2025-08-24 23:13:08,877 - INFO - Added annotation to page 14 at (163.152, 683.496)
2025-08-24 23:13:08,877 - INFO - Column 2 detected: Moving comment right 1.5 inches to 5.266 inches
2025-08-24 23:13:08,877 - INFO - BOTTOM: Page 14, 1.007 inches from bottom = 683.496 pts from top (page height: 756.0 pts)
2025-08-24 23:13:08,881 - INFO - Added annotation to page 14 at (379.152, 683.496)
2025-08-24 23:13:08,882 - INFO - Column 1 detected: Moving comment left 1.5 inches to 2.266 inches
2025-08-24 23:13:08,882 - INFO - BOTTOM: Page 15, 1.007 inches from bottom = 683.496 pts from top (page height: 756.0 pts)
2025-08-24 23:13:08,885 - INFO - Added annotation to page 15 at (163.152, 683.496)
2025-08-24 23:13:08,885 - INFO - Column 2 detected: Moving comment right 1.5 inches to 5.266 inches
2025-08-24 23:13:08,885 - INFO - BOTTOM: Page 15, 1.007 inches from bottom = 683.496 pts from top (page height: 756.0 pts)
2025-08-24 23:13:08,888 - INFO - Added annotation to page 15 at (379.152, 683.496)
2025-08-24 23:13:08,889 - INFO - No column reference detected: Using center position 3.766 inches
2025-08-24 23:13:08,889 - INFO - BOTTOM: Page 19, 1.007 inches from bottom = 683.496 pts from top (page height: 756.0 pts)
2025-08-24 23:13:08,892 - INFO - Added annotation to page 19 at (271.152, 683.496)
2025-08-24 23:13:08,892 - INFO - Column 1 detected: Moving comment left 1.5 inches to 2.266 inches
2025-08-24 23:13:08,892 - INFO - BOTTOM: Page 24, 1.444 inches from bottom = 652.032 pts from top (page height: 756.0 pts)
2025-08-24 23:13:08,896 - INFO - Added annotation to page 24 at (163.152, 652.032)
2025-08-24 23:13:08,897 - INFO - Column 2 detected: Moving comment right 1.5 inches to 5.266 inches
2025-08-24 23:13:08,897 - INFO - BOTTOM: Page 24, 1.444 inches from bottom = 652.032 pts from top (page height: 756.0 pts)
2025-08-24 23:13:08,900 - INFO - Added annotation to page 24 at (379.152, 652.032)
2025-08-24 23:13:08,901 - INFO - Column 1 detected: Moving comment left 1.5 inches to 2.266 inches
2025-08-24 23:13:08,901 - INFO - BOTTOM: Page 28, 1.007 inches from bottom = 683.496 pts from top (page height: 756.0 pts)
2025-08-24 23:13:08,904 - INFO - Added annotation to page 28 at (163.152, 683.496)
2025-08-24 23:13:08,905 - INFO - Column 2 detected: Moving comment right 1.5 inches to 5.266 inches
2025-08-24 23:13:08,905 - INFO - BOTTOM: Page 28, 1.007 inches from bottom = 683.496 pts from top (page height: 756.0 pts)
2025-08-24 23:13:08,908 - INFO - Added annotation to page 28 at (379.152, 683.496)
2025-08-24 23:13:08,908 - INFO - Column 1 detected: Moving comment left 1.5 inches to 2.266 inches
2025-08-24 23:13:08,909 - INFO - BOTTOM: Page 29, 1.007 inches from bottom = 683.496 pts from top (page height: 756.0 pts)
2025-08-24 23:13:08,914 - INFO - Added annotation to page 29 at (163.152, 683.496)
2025-08-24 23:13:08,915 - INFO - Column 2 detected: Moving comment right 1.5 inches to 5.266 inches
2025-08-24 23:13:08,915 - INFO - BOTTOM: Page 29, 1.007 inches from bottom = 683.496 pts from top (page height: 756.0 pts)
2025-08-24 23:13:08,919 - INFO - Added annotation to page 29 at (379.152, 683.496)
2025-08-24 23:13:08,920 - INFO - No column reference detected: Using center position 3.766 inches
2025-08-24 23:13:08,920 - INFO - BOTTOM: Page 31, 1.007 inches from bottom = 683.496 pts from top (page height: 756.0 pts)
2025-08-24 23:13:08,924 - INFO - Added annotation to page 31 at (271.152, 683.496)
2025-08-24 23:13:08,926 - INFO - Column 1 detected: Moving comment left 1.5 inches to 2.266 inches
2025-08-24 23:13:08,926 - INFO - BOTTOM: Page 32, 3.194 inches from bottom = 526.032 pts from top (page height: 756.0 pts)
2025-08-24 23:13:08,932 - INFO - Added annotation to page 32 at (163.152, 526.032)
2025-08-24 23:13:08,933 - INFO - Column 2 detected: Moving comment right 1.5 inches to 5.266 inches
2025-08-24 23:13:08,934 - INFO - BOTTOM: Page 32, 3.194 inches from bottom = 526.032 pts from top (page height: 756.0 pts)
2025-08-24 23:13:08,939 - INFO - Added annotation to page 32 at (379.152, 526.032)
2025-08-24 23:13:08,939 - INFO - Column 1 detected: Moving comment left 1.5 inches to 2.266 inches
2025-08-24 23:13:08,940 - INFO - BOTTOM: Page 34, 1.007 inches from bottom = 683.496 pts from top (page height: 756.0 pts)
2025-08-24 23:13:08,945 - INFO - Added annotation to page 34 at (163.152, 683.496)
2025-08-24 23:13:08,946 - INFO - Column 2 detected: Moving comment right 1.5 inches to 5.266 inches
2025-08-24 23:13:08,947 - INFO - BOTTOM: Page 34, 1.007 inches from bottom = 683.496 pts from top (page height: 756.0 pts)
2025-08-24 23:13:08,953 - INFO - Added annotation to page 34 at (379.152, 683.496)
2025-08-24 23:13:08,954 - INFO - No column reference detected: Using center position 3.766 inches
2025-08-24 23:13:08,955 - INFO - BOTTOM: Page 35, 5.25 inches from bottom = 378.0 pts from top (page height: 756.0 pts)
2025-08-24 23:13:08,960 - INFO - Added annotation to page 35 at (271.152, 378.0)
2025-08-24 23:13:08,961 - INFO - Column 1 detected: Moving comment left 1.5 inches to 2.266 inches
2025-08-24 23:13:08,962 - INFO - BOTTOM: Page 36, 3.34 inches from bottom = 515.52 pts from top (page height: 756.0 pts)
2025-08-24 23:13:08,968 - INFO - Added annotation to page 36 at (163.152, 515.52)
2025-08-24 23:13:08,969 - INFO - Column 2 detected: Moving comment right 1.5 inches to 5.266 inches
2025-08-24 23:13:08,969 - INFO - BOTTOM: Page 36, 3.34 inches from bottom = 515.52 pts from top (page height: 756.0 pts)
2025-08-24 23:13:08,975 - INFO - Added annotation to page 36 at (379.152, 515.52)
2025-08-24 23:13:08,976 - INFO - No column reference detected: Using center position 3.766 inches
2025-08-24 23:13:08,976 - INFO - BOTTOM: Page 36, 3.049 inches from bottom = 536.472 pts from top (page height: 756.0 pts)
2025-08-24 23:13:08,981 - INFO - Added annotation to page 36 at (271.152, 536.472)
2025-08-24 23:13:08,982 - INFO - Column 1 detected: Moving comment left 1.5 inches to 2.266 inches
2025-08-24 23:13:08,983 - INFO - BOTTOM: Page 37, 1.007 inches from bottom = 683.496 pts from top (page height: 756.0 pts)
2025-08-24 23:13:08,988 - INFO - Added annotation to page 37 at (163.152, 683.496)
2025-08-24 23:13:08,989 - INFO - Column 2 detected: Moving comment right 1.5 inches to 5.266 inches
2025-08-24 23:13:08,990 - INFO - BOTTOM: Page 37, 1.007 inches from bottom = 683.496 pts from top (page height: 756.0 pts)
2025-08-24 23:13:08,995 - INFO - Added annotation to page 37 at (379.152, 683.496)
2025-08-24 23:13:08,996 - INFO - Column 1 detected: Moving comment left 1.5 inches to 2.266 inches
2025-08-24 23:13:08,997 - INFO - BOTTOM: Page 39, 1.007 inches from bottom = 683.496 pts from top (page height: 756.0 pts)
2025-08-24 23:13:09,002 - INFO - Added annotation to page 39 at (163.152, 683.496)
2025-08-24 23:13:09,003 - INFO - Column 2 detected: Moving comment right 1.5 inches to 5.266 inches
2025-08-24 23:13:09,004 - INFO - BOTTOM: Page 39, 1.007 inches from bottom = 683.496 pts from top (page height: 756.0 pts)
2025-08-24 23:13:09,009 - INFO - Added annotation to page 39 at (379.152, 683.496)
2025-08-24 23:13:09,009 - INFO - Column 1 detected: Moving comment left 1.5 inches to 2.266 inches
2025-08-24 23:13:09,010 - INFO - TOP: Page 39, 2.802 inches from top = 201.744 pts from top
2025-08-24 23:13:09,016 - INFO - Added annotation to page 39 at (163.152, 201.744)
2025-08-24 23:13:09,017 - INFO - Column 1 detected: Moving comment left 1.5 inches to 2.266 inches
2025-08-24 23:13:09,018 - INFO - TOP: Page 39, 3.448 inches from top = 248.256 pts from top
2025-08-24 23:13:09,023 - INFO - Added annotation to page 39 at (163.152, 248.256)
2025-08-24 23:13:09,024 - INFO - Column 2 detected: Moving comment right 1.5 inches to 5.266 inches
2025-08-24 23:13:09,024 - INFO - TOP: Page 39, 2.898 inches from top = 208.656 pts from top
2025-08-24 23:13:09,029 - INFO - Added annotation to page 39 at (379.152, 208.656)
2025-08-24 23:13:09,030 - INFO - Column 2 detected: Moving comment right 1.5 inches to 5.266 inches
2025-08-24 23:13:09,031 - INFO - TOP: Page 39, 2.802 inches from top = 201.744 pts from top
2025-08-24 23:13:09,038 - INFO - Added annotation to page 39 at (379.152, 201.744)
2025-08-24 23:13:09,038 - INFO - Column 2 detected: Moving comment right 1.5 inches to 5.266 inches
2025-08-24 23:13:09,039 - INFO - TOP: Page 39, 1.801 inches from top = 129.672 pts from top
2025-08-24 23:13:09,044 - INFO - Added annotation to page 39 at (379.152, 129.672)
2025-08-24 23:13:09,044 - INFO - No column reference detected: Using center position 3.766 inches
2025-08-24 23:13:09,045 - INFO - TOP: Page 39, -1.801 inches from top = -129.672 pts from top
2025-08-24 23:13:09,046 - WARNING - Annotation Y coordinate -129.672 is above page, clamping to 0
2025-08-24 23:13:09,053 - INFO - Added annotation to page 39 at (271.152, 0)
2025-08-24 23:13:09,054 - INFO - Column 1 detected: Moving comment left 1.5 inches to 2.266 inches
2025-08-24 23:13:09,054 - INFO - BOTTOM: Page 41, 4.799 inches from bottom = 410.472 pts from top (page height: 756.0 pts)
2025-08-24 23:13:09,059 - INFO - Added annotation to page 41 at (163.152, 410.472)
2025-08-24 23:13:09,060 - INFO - Column 2 detected: Moving comment right 1.5 inches to 5.266 inches
2025-08-24 23:13:09,060 - INFO - BOTTOM: Page 41, 4.799 inches from bottom = 410.472 pts from top (page height: 756.0 pts)
2025-08-24 23:13:09,066 - INFO - Added annotation to page 41 at (379.152, 410.472)
2025-08-24 23:13:09,067 - INFO - No column reference detected: Using center position 3.766 inches
2025-08-24 23:13:09,067 - INFO - BOTTOM: Page 41, 4.507 inches from bottom = 431.49600000000004 pts from top (page height: 756.0 pts)
2025-08-24 23:13:09,073 - INFO - Added annotation to page 41 at (271.152, 431.49600000000004)
2025-08-24 23:13:09,073 - INFO - Column 1 detected: Moving comment left 1.5 inches to 2.266 inches
2025-08-24 23:13:09,074 - INFO - BOTTOM: Page 42, 1.007 inches from bottom = 683.496 pts from top (page height: 756.0 pts)
2025-08-24 23:13:09,079 - INFO - Added annotation to page 42 at (163.152, 683.496)
2025-08-24 23:13:09,080 - INFO - Column 2 detected: Moving comment right 1.5 inches to 5.266 inches
2025-08-24 23:13:09,081 - INFO - BOTTOM: Page 42, 1.007 inches from bottom = 683.496 pts from top (page height: 756.0 pts)
2025-08-24 23:13:09,086 - INFO - Added annotation to page 42 at (379.152, 683.496)
2025-08-24 23:13:09,087 - INFO - Column 1 detected: Moving comment left 1.5 inches to 2.266 inches
2025-08-24 23:13:09,087 - INFO - BOTTOM: Page 43, 1.007 inches from bottom = 683.496 pts from top (page height: 756.0 pts)
2025-08-24 23:13:09,092 - INFO - Added annotation to page 43 at (163.152, 683.496)
2025-08-24 23:13:09,093 - INFO - Column 2 detected: Moving comment right 1.5 inches to 5.266 inches
2025-08-24 23:13:09,093 - INFO - BOTTOM: Page 43, 1.007 inches from bottom = 683.496 pts from top (page height: 756.0 pts)
2025-08-24 23:13:09,099 - INFO - Added annotation to page 43 at (379.152, 683.496)
2025-08-24 23:13:09,100 - INFO - No column reference detected: Using center position 3.766 inches
2025-08-24 23:13:09,101 - INFO - BOTTOM: Page 44, 1.007 inches from bottom = 683.496 pts from top (page height: 756.0 pts)
2025-08-24 23:13:09,106 - INFO - Added annotation to page 44 at (271.152, 683.496)
2025-08-24 23:13:09,106 - INFO - Column 1 detected: Moving comment left 1.5 inches to 2.266 inches
2025-08-24 23:13:09,107 - INFO - BOTTOM: Page 48, 1.007 inches from bottom = 683.496 pts from top (page height: 756.0 pts)
2025-08-24 23:13:09,113 - INFO - Added annotation to page 48 at (163.152, 683.496)
2025-08-24 23:13:09,114 - INFO - Column 2 detected: Moving comment right 1.5 inches to 5.266 inches
2025-08-24 23:13:09,115 - INFO - BOTTOM: Page 48, 1.007 inches from bottom = 683.496 pts from top (page height: 756.0 pts)
2025-08-24 23:13:09,120 - INFO - Added annotation to page 48 at (379.152, 683.496)
2025-08-24 23:13:09,120 - INFO - Column 1 detected: Moving comment left 1.5 inches to 2.266 inches
2025-08-24 23:13:09,121 - INFO - BOTTOM: Page 49, 1.007 inches from bottom = 683.496 pts from top (page height: 756.0 pts)
2025-08-24 23:13:09,127 - INFO - Added annotation to page 49 at (163.152, 683.496)
2025-08-24 23:13:09,127 - INFO - Column 2 detected: Moving comment right 1.5 inches to 5.266 inches
2025-08-24 23:13:09,128 - INFO - BOTTOM: Page 49, 1.007 inches from bottom = 683.496 pts from top (page height: 756.0 pts)
2025-08-24 23:13:09,135 - INFO - Added annotation to page 49 at (379.152, 683.496)
2025-08-24 23:13:09,136 - INFO - Column 1 detected: Moving comment left 1.5 inches to 2.266 inches
2025-08-24 23:13:09,136 - INFO - BOTTOM: Page 52, 2.757 inches from bottom = 557.496 pts from top (page height: 756.0 pts)
2025-08-24 23:13:09,141 - INFO - Added annotation to page 52 at (163.152, 557.496)
2025-08-24 23:13:09,142 - INFO - Column 2 detected: Moving comment right 1.5 inches to 5.266 inches
2025-08-24 23:13:09,143 - INFO - BOTTOM: Page 52, 2.757 inches from bottom = 557.496 pts from top (page height: 756.0 pts)
2025-08-24 23:13:09,148 - INFO - Added annotation to page 52 at (379.152, 557.496)
2025-08-24 23:13:09,153 - INFO - Added summary annotation to first page: All comments were successfully written into the PDF.
2025-08-24 23:13:09,154 - INFO - Saving annotated PDF to: 02-Exodus_annotated.pdf
2025-08-24 23:13:09,255 - INFO - PDF saved successfully
2025-08-24 23:13:09,255 - INFO - === 02-Exodus Complete: 55 annotations added ===
2025-08-24 23:13:09,256 - INFO - Added color counts: RED=10, YELLOW=45, PURPLE=0, ORANGE=0
2025-08-24 23:13:09,256 - INFO - === BATCH PROCESSING COMPLETE ===
2025-08-24 23:13:09,257 - INFO - Successfully processed: 1
2025-08-24 23:13:09,257 - INFO - Failed: 0
