2025-08-24 18:28:13,478 - INFO - === PDF Margin Annotator Started ===
2025-08-24 18:28:13,478 - INFO - Log file: logs/pdf_margin_annotator_20250824_182813.log
2025-08-24 18:28:13,479 - INFO - Loading reference values from: margin_baseline_reference.txt
2025-08-24 18:28:13,479 - INFO - Successfully loaded 20 reference values
2025-08-24 18:28:13,480 - INFO - Found pair: 02-Exodus.pdf + 02-Exodus.xlsx -> 02-Exodus_annotated.pdf
2025-08-24 18:28:13,480 - INFO - Found 1 file pair(s) to process
2025-08-24 18:28:13,480 - INFO - === Processing 02-Exodus ===
2025-08-24 18:28:13,481 - INFO - Excel: 02-Exodus.xlsx
2025-08-24 18:28:13,481 - INFO - PDF: 02-Exodus.pdf
2025-08-24 18:28:13,481 - INFO - Output: 02-Exodus_annotated.pdf
2025-08-24 18:28:13,481 - INFO - Using center point: 3.766 inches
2025-08-24 18:28:13,482 - INFO - Using page height: 9.25 inches
2025-08-24 18:28:13,482 - INFO - Loading Excel file: 02-Exodus.xlsx
2025-08-24 18:28:13,500 - INFO - Excel file loaded successfully
2025-08-24 18:28:13,500 - INFO - Found RED cell: Page 1, Column 'Running Head Baseline (in)', Value: 7.16
2025-08-24 18:28:13,501 - INFO - Added RED annotation: RED Running Head Baseline (in). Text is 7.16 inches from the top. Normally text is 1.129
2025-08-24 18:28:13,501 - INFO - Found YELLOW cell: Page 3, Column 'Bottom Scripture Baseline Column 1 (in)', Value: 1.444
2025-08-24 18:28:13,502 - INFO - Added YELLOW annotation: YELLOW Bottom Scripture Baseline Column 1 (in). Text is 1.444 inches from the bottom. Normally text is 1.299
2025-08-24 18:28:13,502 - INFO - Found YELLOW cell: Page 3, Column 'Bottom Scripture Baseline Column 2 (in)', Value: 1.444
2025-08-24 18:28:13,502 - INFO - Added YELLOW annotation: YELLOW Bottom Scripture Baseline Column 2 (in). Text is 1.444 inches from the bottom. Normally text is 1.299
2025-08-24 18:28:13,502 - INFO - Found YELLOW cell: Page 3, Column 'Footnote Baseline (in)', Value: 1.011
2025-08-24 18:28:13,503 - INFO - Added YELLOW annotation: YELLOW Footnote Baseline (in). Text is 1.011 inches from the bottom. Normally text is 0.997
2025-08-24 18:28:13,503 - INFO - Found YELLOW cell: Page 5, Column 'Bottom Scripture Baseline Column 1 (in)', Value: 1.007
2025-08-24 18:28:13,504 - INFO - Added YELLOW annotation: YELLOW Bottom Scripture Baseline Column 1 (in). Text is 1.007 inches from the bottom. Normally text is 1.299
2025-08-24 18:28:13,504 - INFO - Found YELLOW cell: Page 5, Column 'Bottom Scripture Baseline Column 2 (in)', Value: 1.007
2025-08-24 18:28:13,504 - INFO - Added YELLOW annotation: YELLOW Bottom Scripture Baseline Column 2 (in). Text is 1.007 inches from the bottom. Normally text is 1.299
2025-08-24 18:28:13,505 - INFO - Found YELLOW cell: Page 8, Column 'Footnote Baseline (in)', Value: 1.007
2025-08-24 18:28:13,505 - INFO - Added YELLOW annotation: YELLOW Footnote Baseline (in). Text is 1.007 inches from the bottom. Normally text is 0.997
2025-08-24 18:28:13,506 - INFO - Found YELLOW cell: Page 10, Column 'Bottom Scripture Baseline Column 1 (in)', Value: 1.007
2025-08-24 18:28:13,506 - INFO - Added YELLOW annotation: YELLOW Bottom Scripture Baseline Column 1 (in). Text is 1.007 inches from the bottom. Normally text is 1.299
2025-08-24 18:28:13,507 - INFO - Found YELLOW cell: Page 10, Column 'Bottom Scripture Baseline Column 2 (in)', Value: 1.007
2025-08-24 18:28:13,507 - INFO - Added YELLOW annotation: YELLOW Bottom Scripture Baseline Column 2 (in). Text is 1.007 inches from the bottom. Normally text is 1.299
2025-08-24 18:28:13,508 - INFO - Found YELLOW cell: Page 13, Column 'Bottom Scripture Baseline Column 1 (in)', Value: 1.007
2025-08-24 18:28:13,508 - INFO - Added YELLOW annotation: YELLOW Bottom Scripture Baseline Column 1 (in). Text is 1.007 inches from the bottom. Normally text is 1.299
2025-08-24 18:28:13,508 - INFO - Found YELLOW cell: Page 13, Column 'Bottom Scripture Baseline Column 2 (in)', Value: 1.007
2025-08-24 18:28:13,508 - INFO - Added YELLOW annotation: YELLOW Bottom Scripture Baseline Column 2 (in). Text is 1.007 inches from the bottom. Normally text is 1.299
2025-08-24 18:28:13,509 - INFO - Found YELLOW cell: Page 14, Column 'Bottom Scripture Baseline Column 1 (in)', Value: 1.007
2025-08-24 18:28:13,509 - INFO - Added YELLOW annotation: YELLOW Bottom Scripture Baseline Column 1 (in). Text is 1.007 inches from the bottom. Normally text is 1.299
2025-08-24 18:28:13,509 - INFO - Found YELLOW cell: Page 14, Column 'Bottom Scripture Baseline Column 2 (in)', Value: 1.007
2025-08-24 18:28:13,509 - INFO - Added YELLOW annotation: YELLOW Bottom Scripture Baseline Column 2 (in). Text is 1.007 inches from the bottom. Normally text is 1.299
2025-08-24 18:28:13,510 - INFO - Found YELLOW cell: Page 15, Column 'Bottom Scripture Baseline Column 1 (in)', Value: 1.007
2025-08-24 18:28:13,510 - INFO - Added YELLOW annotation: YELLOW Bottom Scripture Baseline Column 1 (in). Text is 1.007 inches from the bottom. Normally text is 1.299
2025-08-24 18:28:13,510 - INFO - Found YELLOW cell: Page 15, Column 'Bottom Scripture Baseline Column 2 (in)', Value: 1.007
2025-08-24 18:28:13,510 - INFO - Added YELLOW annotation: YELLOW Bottom Scripture Baseline Column 2 (in). Text is 1.007 inches from the bottom. Normally text is 1.299
2025-08-24 18:28:13,511 - INFO - Found YELLOW cell: Page 19, Column 'Footnote Baseline (in)', Value: 1.007
2025-08-24 18:28:13,511 - INFO - Added YELLOW annotation: YELLOW Footnote Baseline (in). Text is 1.007 inches from the bottom. Normally text is 0.997
2025-08-24 18:28:13,512 - INFO - Found YELLOW cell: Page 24, Column 'Bottom Scripture Baseline Column 1 (in)', Value: 1.444
2025-08-24 18:28:13,513 - INFO - Added YELLOW annotation: YELLOW Bottom Scripture Baseline Column 1 (in). Text is 1.444 inches from the bottom. Normally text is 1.299
2025-08-24 18:28:13,513 - INFO - Found YELLOW cell: Page 24, Column 'Bottom Scripture Baseline Column 2 (in)', Value: 1.444
2025-08-24 18:28:13,513 - INFO - Added YELLOW annotation: YELLOW Bottom Scripture Baseline Column 2 (in). Text is 1.444 inches from the bottom. Normally text is 1.299
2025-08-24 18:28:13,515 - INFO - Found YELLOW cell: Page 28, Column 'Bottom Scripture Baseline Column 1 (in)', Value: 1.007
2025-08-24 18:28:13,515 - INFO - Added YELLOW annotation: YELLOW Bottom Scripture Baseline Column 1 (in). Text is 1.007 inches from the bottom. Normally text is 1.299
2025-08-24 18:28:13,515 - INFO - Found YELLOW cell: Page 28, Column 'Bottom Scripture Baseline Column 2 (in)', Value: 1.007
2025-08-24 18:28:13,515 - INFO - Added YELLOW annotation: YELLOW Bottom Scripture Baseline Column 2 (in). Text is 1.007 inches from the bottom. Normally text is 1.299
2025-08-24 18:28:13,516 - INFO - Found YELLOW cell: Page 29, Column 'Bottom Scripture Baseline Column 1 (in)', Value: 1.007
2025-08-24 18:28:13,516 - INFO - Added YELLOW annotation: YELLOW Bottom Scripture Baseline Column 1 (in). Text is 1.007 inches from the bottom. Normally text is 1.299
2025-08-24 18:28:13,516 - INFO - Found YELLOW cell: Page 29, Column 'Bottom Scripture Baseline Column 2 (in)', Value: 1.007
2025-08-24 18:28:13,516 - INFO - Added YELLOW annotation: YELLOW Bottom Scripture Baseline Column 2 (in). Text is 1.007 inches from the bottom. Normally text is 1.299
2025-08-24 18:28:13,517 - INFO - Found YELLOW cell: Page 31, Column 'Footnote Baseline (in)', Value: 1.007
2025-08-24 18:28:13,517 - INFO - Added YELLOW annotation: YELLOW Footnote Baseline (in). Text is 1.007 inches from the bottom. Normally text is 0.997
2025-08-24 18:28:13,518 - INFO - Found YELLOW cell: Page 32, Column 'Bottom Scripture Baseline Column 1 (in)', Value: 3.194
2025-08-24 18:28:13,518 - INFO - Added YELLOW annotation: YELLOW Bottom Scripture Baseline Column 1 (in). Text is 3.194 inches from the bottom. Normally text is 1.299
2025-08-24 18:28:13,519 - INFO - Found YELLOW cell: Page 32, Column 'Bottom Scripture Baseline Column 2 (in)', Value: 3.194
2025-08-24 18:28:13,520 - INFO - Added YELLOW annotation: YELLOW Bottom Scripture Baseline Column 2 (in). Text is 3.194 inches from the bottom. Normally text is 1.299
2025-08-24 18:28:13,521 - INFO - Found YELLOW cell: Page 34, Column 'Bottom Scripture Baseline Column 1 (in)', Value: 1.007
2025-08-24 18:28:13,521 - INFO - Added YELLOW annotation: YELLOW Bottom Scripture Baseline Column 1 (in). Text is 1.007 inches from the bottom. Normally text is 1.299
2025-08-24 18:28:13,522 - INFO - Found YELLOW cell: Page 34, Column 'Bottom Scripture Baseline Column 2 (in)', Value: 1.007
2025-08-24 18:28:13,522 - INFO - Added YELLOW annotation: YELLOW Bottom Scripture Baseline Column 2 (in). Text is 1.007 inches from the bottom. Normally text is 1.299
2025-08-24 18:28:13,522 - INFO - Found RED cell: Page 35, Column 'Footnote Baseline (in)', Value: 5.25
2025-08-24 18:28:13,523 - INFO - Added RED annotation: RED Footnote Baseline (in). Text is 5.25 inches from the bottom. Normally text is 0.997
2025-08-24 18:28:13,523 - INFO - Found YELLOW cell: Page 36, Column 'Bottom Scripture Baseline Column 1 (in)', Value: 3.34
2025-08-24 18:28:13,523 - INFO - Added YELLOW annotation: YELLOW Bottom Scripture Baseline Column 1 (in). Text is 3.34 inches from the bottom. Normally text is 1.299
2025-08-24 18:28:13,524 - INFO - Found YELLOW cell: Page 36, Column 'Bottom Scripture Baseline Column 2 (in)', Value: 3.34
2025-08-24 18:28:13,524 - INFO - Added YELLOW annotation: YELLOW Bottom Scripture Baseline Column 2 (in). Text is 3.34 inches from the bottom. Normally text is 1.299
2025-08-24 18:28:13,524 - INFO - Found RED cell: Page 36, Column 'Footnote Baseline (in)', Value: 3.049
2025-08-24 18:28:13,524 - INFO - Added RED annotation: RED Footnote Baseline (in). Text is 3.049 inches from the bottom. Normally text is 0.997
2025-08-24 18:28:13,525 - INFO - Found YELLOW cell: Page 37, Column 'Bottom Scripture Baseline Column 1 (in)', Value: 1.007
2025-08-24 18:28:13,525 - INFO - Added YELLOW annotation: YELLOW Bottom Scripture Baseline Column 1 (in). Text is 1.007 inches from the bottom. Normally text is 1.299
2025-08-24 18:28:13,525 - INFO - Found YELLOW cell: Page 37, Column 'Bottom Scripture Baseline Column 2 (in)', Value: 1.007
2025-08-24 18:28:13,525 - INFO - Added YELLOW annotation: YELLOW Bottom Scripture Baseline Column 2 (in). Text is 1.007 inches from the bottom. Normally text is 1.299
2025-08-24 18:28:13,526 - INFO - Found YELLOW cell: Page 39, Column 'Bottom Scripture Baseline Column 1 (in)', Value: 1.007
2025-08-24 18:28:13,526 - INFO - Added YELLOW annotation: YELLOW Bottom Scripture Baseline Column 1 (in). Text is 1.007 inches from the bottom. Normally text is 1.299
2025-08-24 18:28:13,526 - INFO - Found YELLOW cell: Page 39, Column 'Bottom Scripture Baseline Column 2 (in)', Value: 1.007
2025-08-24 18:28:13,526 - INFO - Added YELLOW annotation: YELLOW Bottom Scripture Baseline Column 2 (in). Text is 1.007 inches from the bottom. Normally text is 1.299
2025-08-24 18:28:13,526 - INFO - Found RED cell: Page 39, Column 'Column 1 Right Edge (in)', Value: 2.802
2025-08-24 18:28:13,527 - INFO - Added RED annotation: RED Column 1 Right Edge (in). Text is 2.802 inches from the side. Normally text is 3.725
2025-08-24 18:28:13,527 - INFO - Found RED cell: Page 39, Column 'Column 1 Max Width (in)', Value: 3.448
2025-08-24 18:28:13,527 - INFO - Added RED annotation: RED Column 1 Max Width (in). Text is 3.448 inches from the side. Normally text is 2.525
2025-08-24 18:28:13,527 - INFO - Found RED cell: Page 39, Column 'Column 2 Left Edge (in)', Value: 2.898
2025-08-24 18:28:13,528 - INFO - Added RED annotation: RED Column 2 Left Edge (in). Text is 2.898 inches from the side. Normally text is 3.882
2025-08-24 18:28:13,528 - INFO - Found RED cell: Page 39, Column 'Column 2 Right Edge (in)', Value: 2.802
2025-08-24 18:28:13,528 - INFO - Added RED annotation: RED Column 2 Right Edge (in). Text is 2.802 inches from the side. Normally text is 1.093
2025-08-24 18:28:13,528 - INFO - Found RED cell: Page 39, Column 'Column 2 Max Width (in)', Value: 1.801
2025-08-24 18:28:13,529 - INFO - Added RED annotation: RED Column 2 Max Width (in). Text is 1.801 inches from the side. Normally text is 2.525
2025-08-24 18:28:13,529 - INFO - Found RED cell: Page 39, Column 'Column Gap Width (in)', Value: -1.801
2025-08-24 18:28:13,529 - INFO - Added RED annotation: RED Column Gap Width (in). Text is -1.801 inches from the side. Normally text is 0.107
2025-08-24 18:28:13,530 - INFO - Found YELLOW cell: Page 41, Column 'Bottom Scripture Baseline Column 1 (in)', Value: 4.799
2025-08-24 18:28:13,530 - INFO - Added YELLOW annotation: YELLOW Bottom Scripture Baseline Column 1 (in). Text is 4.799 inches from the bottom. Normally text is 1.299
2025-08-24 18:28:13,531 - INFO - Found YELLOW cell: Page 41, Column 'Bottom Scripture Baseline Column 2 (in)', Value: 4.799
2025-08-24 18:28:13,531 - INFO - Added YELLOW annotation: YELLOW Bottom Scripture Baseline Column 2 (in). Text is 4.799 inches from the bottom. Normally text is 1.299
2025-08-24 18:28:13,532 - INFO - Found RED cell: Page 41, Column 'Footnote Baseline (in)', Value: 4.507
2025-08-24 18:28:13,533 - INFO - Added RED annotation: RED Footnote Baseline (in). Text is 4.507 inches from the bottom. Normally text is 0.997
2025-08-24 18:28:13,533 - INFO - Found YELLOW cell: Page 42, Column 'Bottom Scripture Baseline Column 1 (in)', Value: 1.007
2025-08-24 18:28:13,534 - INFO - Added YELLOW annotation: YELLOW Bottom Scripture Baseline Column 1 (in). Text is 1.007 inches from the bottom. Normally text is 1.299
2025-08-24 18:28:13,534 - INFO - Found YELLOW cell: Page 42, Column 'Bottom Scripture Baseline Column 2 (in)', Value: 1.007
2025-08-24 18:28:13,534 - INFO - Added YELLOW annotation: YELLOW Bottom Scripture Baseline Column 2 (in). Text is 1.007 inches from the bottom. Normally text is 1.299
2025-08-24 18:28:13,535 - INFO - Found YELLOW cell: Page 43, Column 'Bottom Scripture Baseline Column 1 (in)', Value: 1.007
2025-08-24 18:28:13,535 - INFO - Added YELLOW annotation: YELLOW Bottom Scripture Baseline Column 1 (in). Text is 1.007 inches from the bottom. Normally text is 1.299
2025-08-24 18:28:13,535 - INFO - Found YELLOW cell: Page 43, Column 'Bottom Scripture Baseline Column 2 (in)', Value: 1.007
2025-08-24 18:28:13,535 - INFO - Added YELLOW annotation: YELLOW Bottom Scripture Baseline Column 2 (in). Text is 1.007 inches from the bottom. Normally text is 1.299
2025-08-24 18:28:13,536 - INFO - Found YELLOW cell: Page 44, Column 'Footnote Baseline (in)', Value: 1.007
2025-08-24 18:28:13,536 - INFO - Added YELLOW annotation: YELLOW Footnote Baseline (in). Text is 1.007 inches from the bottom. Normally text is 0.997
2025-08-24 18:28:13,537 - INFO - Found YELLOW cell: Page 48, Column 'Bottom Scripture Baseline Column 1 (in)', Value: 1.007
2025-08-24 18:28:13,537 - INFO - Added YELLOW annotation: YELLOW Bottom Scripture Baseline Column 1 (in). Text is 1.007 inches from the bottom. Normally text is 1.299
2025-08-24 18:28:13,537 - INFO - Found YELLOW cell: Page 48, Column 'Bottom Scripture Baseline Column 2 (in)', Value: 1.007
2025-08-24 18:28:13,537 - INFO - Added YELLOW annotation: YELLOW Bottom Scripture Baseline Column 2 (in). Text is 1.007 inches from the bottom. Normally text is 1.299
2025-08-24 18:28:13,538 - INFO - Found YELLOW cell: Page 49, Column 'Bottom Scripture Baseline Column 1 (in)', Value: 1.007
2025-08-24 18:28:13,538 - INFO - Added YELLOW annotation: YELLOW Bottom Scripture Baseline Column 1 (in). Text is 1.007 inches from the bottom. Normally text is 1.299
2025-08-24 18:28:13,538 - INFO - Found YELLOW cell: Page 49, Column 'Bottom Scripture Baseline Column 2 (in)', Value: 1.007
2025-08-24 18:28:13,538 - INFO - Added YELLOW annotation: YELLOW Bottom Scripture Baseline Column 2 (in). Text is 1.007 inches from the bottom. Normally text is 1.299
2025-08-24 18:28:13,539 - INFO - Found YELLOW cell: Page 52, Column 'Bottom Scripture Baseline Column 1 (in)', Value: 2.757
2025-08-24 18:28:13,539 - INFO - Added YELLOW annotation: YELLOW Bottom Scripture Baseline Column 1 (in). Text is 2.757 inches from the bottom. Normally text is 1.299
2025-08-24 18:28:13,539 - INFO - Found YELLOW cell: Page 52, Column 'Bottom Scripture Baseline Column 2 (in)', Value: 2.757
2025-08-24 18:28:13,540 - INFO - Added YELLOW annotation: YELLOW Bottom Scripture Baseline Column 2 (in). Text is 2.757 inches from the bottom. Normally text is 1.299
2025-08-24 18:28:13,540 - INFO - Total annotations prepared for 02-Exodus: 55
2025-08-24 18:28:13,540 - INFO - Color breakdown: {'RED': 10, 'YELLOW': 45}
2025-08-24 18:28:13,540 - INFO - Opening PDF file: 02-Exodus.pdf
2025-08-24 18:28:13,542 - INFO - PDF opened successfully. Pages: 52
2025-08-24 18:28:13,545 - INFO - No column reference detected: Using center position 3.766 inches
2025-08-24 18:28:13,545 - INFO - TOP: Page 1, 7.16 inches from top = 515.52 pts from top
2025-08-24 18:28:13,552 - INFO - Added red annotation to page 1 at (271.152, 515.52)
2025-08-24 18:28:13,552 - INFO - Column 1 detected: Moving comment left 1.5 inches to 2.266 inches
2025-08-24 18:28:13,553 - INFO - BOTTOM: Page 3, 1.444 inches from bottom = 652.032 pts from top (page height: 756.0 pts)
2025-08-24 18:28:13,556 - INFO - Added yellow annotation to page 3 at (163.152, 652.032)
2025-08-24 18:28:13,556 - INFO - Column 2 detected: Moving comment right 1.5 inches to 5.266 inches
2025-08-24 18:28:13,556 - INFO - BOTTOM: Page 3, 1.444 inches from bottom = 652.032 pts from top (page height: 756.0 pts)
2025-08-24 18:28:13,559 - INFO - Added yellow annotation to page 3 at (379.152, 652.032)
2025-08-24 18:28:13,560 - INFO - No column reference detected: Using center position 3.766 inches
2025-08-24 18:28:13,561 - INFO - BOTTOM: Page 3, 1.011 inches from bottom = 683.208 pts from top (page height: 756.0 pts)
2025-08-24 18:28:13,563 - INFO - Added yellow annotation to page 3 at (271.152, 683.208)
2025-08-24 18:28:13,564 - INFO - Column 1 detected: Moving comment left 1.5 inches to 2.266 inches
2025-08-24 18:28:13,564 - INFO - BOTTOM: Page 5, 1.007 inches from bottom = 683.496 pts from top (page height: 756.0 pts)
2025-08-24 18:28:13,567 - INFO - Added yellow annotation to page 5 at (163.152, 683.496)
2025-08-24 18:28:13,568 - INFO - Column 2 detected: Moving comment right 1.5 inches to 5.266 inches
2025-08-24 18:28:13,568 - INFO - BOTTOM: Page 5, 1.007 inches from bottom = 683.496 pts from top (page height: 756.0 pts)
2025-08-24 18:28:13,570 - INFO - Added yellow annotation to page 5 at (379.152, 683.496)
2025-08-24 18:28:13,570 - INFO - No column reference detected: Using center position 3.766 inches
2025-08-24 18:28:13,571 - INFO - BOTTOM: Page 8, 1.007 inches from bottom = 683.496 pts from top (page height: 756.0 pts)
2025-08-24 18:28:13,573 - INFO - Added yellow annotation to page 8 at (271.152, 683.496)
2025-08-24 18:28:13,574 - INFO - Column 1 detected: Moving comment left 1.5 inches to 2.266 inches
2025-08-24 18:28:13,574 - INFO - BOTTOM: Page 10, 1.007 inches from bottom = 683.496 pts from top (page height: 756.0 pts)
2025-08-24 18:28:13,576 - INFO - Added yellow annotation to page 10 at (163.152, 683.496)
2025-08-24 18:28:13,576 - INFO - Column 2 detected: Moving comment right 1.5 inches to 5.266 inches
2025-08-24 18:28:13,577 - INFO - BOTTOM: Page 10, 1.007 inches from bottom = 683.496 pts from top (page height: 756.0 pts)
2025-08-24 18:28:13,579 - INFO - Added yellow annotation to page 10 at (379.152, 683.496)
2025-08-24 18:28:13,580 - INFO - Column 1 detected: Moving comment left 1.5 inches to 2.266 inches
2025-08-24 18:28:13,580 - INFO - BOTTOM: Page 13, 1.007 inches from bottom = 683.496 pts from top (page height: 756.0 pts)
2025-08-24 18:28:13,583 - INFO - Added yellow annotation to page 13 at (163.152, 683.496)
2025-08-24 18:28:13,584 - INFO - Column 2 detected: Moving comment right 1.5 inches to 5.266 inches
2025-08-24 18:28:13,584 - INFO - BOTTOM: Page 13, 1.007 inches from bottom = 683.496 pts from top (page height: 756.0 pts)
2025-08-24 18:28:13,586 - INFO - Added yellow annotation to page 13 at (379.152, 683.496)
2025-08-24 18:28:13,587 - INFO - Column 1 detected: Moving comment left 1.5 inches to 2.266 inches
2025-08-24 18:28:13,587 - INFO - BOTTOM: Page 14, 1.007 inches from bottom = 683.496 pts from top (page height: 756.0 pts)
2025-08-24 18:28:13,589 - INFO - Added yellow annotation to page 14 at (163.152, 683.496)
2025-08-24 18:28:13,589 - INFO - Column 2 detected: Moving comment right 1.5 inches to 5.266 inches
2025-08-24 18:28:13,589 - INFO - BOTTOM: Page 14, 1.007 inches from bottom = 683.496 pts from top (page height: 756.0 pts)
2025-08-24 18:28:13,593 - INFO - Added yellow annotation to page 14 at (379.152, 683.496)
2025-08-24 18:28:13,593 - INFO - Column 1 detected: Moving comment left 1.5 inches to 2.266 inches
2025-08-24 18:28:13,594 - INFO - BOTTOM: Page 15, 1.007 inches from bottom = 683.496 pts from top (page height: 756.0 pts)
2025-08-24 18:28:13,596 - INFO - Added yellow annotation to page 15 at (163.152, 683.496)
2025-08-24 18:28:13,597 - INFO - Column 2 detected: Moving comment right 1.5 inches to 5.266 inches
2025-08-24 18:28:13,597 - INFO - BOTTOM: Page 15, 1.007 inches from bottom = 683.496 pts from top (page height: 756.0 pts)
2025-08-24 18:28:13,601 - INFO - Added yellow annotation to page 15 at (379.152, 683.496)
2025-08-24 18:28:13,602 - INFO - No column reference detected: Using center position 3.766 inches
2025-08-24 18:28:13,602 - INFO - BOTTOM: Page 19, 1.007 inches from bottom = 683.496 pts from top (page height: 756.0 pts)
2025-08-24 18:28:13,604 - INFO - Added yellow annotation to page 19 at (271.152, 683.496)
2025-08-24 18:28:13,605 - INFO - Column 1 detected: Moving comment left 1.5 inches to 2.266 inches
2025-08-24 18:28:13,605 - INFO - BOTTOM: Page 24, 1.444 inches from bottom = 652.032 pts from top (page height: 756.0 pts)
2025-08-24 18:28:13,607 - INFO - Added yellow annotation to page 24 at (163.152, 652.032)
2025-08-24 18:28:13,607 - INFO - Column 2 detected: Moving comment right 1.5 inches to 5.266 inches
2025-08-24 18:28:13,608 - INFO - BOTTOM: Page 24, 1.444 inches from bottom = 652.032 pts from top (page height: 756.0 pts)
2025-08-24 18:28:13,610 - INFO - Added yellow annotation to page 24 at (379.152, 652.032)
2025-08-24 18:28:13,610 - INFO - Column 1 detected: Moving comment left 1.5 inches to 2.266 inches
2025-08-24 18:28:13,610 - INFO - BOTTOM: Page 28, 1.007 inches from bottom = 683.496 pts from top (page height: 756.0 pts)
2025-08-24 18:28:13,612 - INFO - Added yellow annotation to page 28 at (163.152, 683.496)
2025-08-24 18:28:13,613 - INFO - Column 2 detected: Moving comment right 1.5 inches to 5.266 inches
2025-08-24 18:28:13,613 - INFO - BOTTOM: Page 28, 1.007 inches from bottom = 683.496 pts from top (page height: 756.0 pts)
2025-08-24 18:28:13,616 - INFO - Added yellow annotation to page 28 at (379.152, 683.496)
2025-08-24 18:28:13,617 - INFO - Column 1 detected: Moving comment left 1.5 inches to 2.266 inches
2025-08-24 18:28:13,617 - INFO - BOTTOM: Page 29, 1.007 inches from bottom = 683.496 pts from top (page height: 756.0 pts)
2025-08-24 18:28:13,619 - INFO - Added yellow annotation to page 29 at (163.152, 683.496)
2025-08-24 18:28:13,620 - INFO - Column 2 detected: Moving comment right 1.5 inches to 5.266 inches
2025-08-24 18:28:13,620 - INFO - BOTTOM: Page 29, 1.007 inches from bottom = 683.496 pts from top (page height: 756.0 pts)
2025-08-24 18:28:13,622 - INFO - Added yellow annotation to page 29 at (379.152, 683.496)
2025-08-24 18:28:13,623 - INFO - No column reference detected: Using center position 3.766 inches
2025-08-24 18:28:13,623 - INFO - BOTTOM: Page 31, 1.007 inches from bottom = 683.496 pts from top (page height: 756.0 pts)
2025-08-24 18:28:13,625 - INFO - Added yellow annotation to page 31 at (271.152, 683.496)
2025-08-24 18:28:13,626 - INFO - Column 1 detected: Moving comment left 1.5 inches to 2.266 inches
2025-08-24 18:28:13,626 - INFO - BOTTOM: Page 32, 3.194 inches from bottom = 526.032 pts from top (page height: 756.0 pts)
2025-08-24 18:28:13,628 - INFO - Added yellow annotation to page 32 at (163.152, 526.032)
2025-08-24 18:28:13,629 - INFO - Column 2 detected: Moving comment right 1.5 inches to 5.266 inches
2025-08-24 18:28:13,629 - INFO - BOTTOM: Page 32, 3.194 inches from bottom = 526.032 pts from top (page height: 756.0 pts)
2025-08-24 18:28:13,633 - INFO - Added yellow annotation to page 32 at (379.152, 526.032)
2025-08-24 18:28:13,633 - INFO - Column 1 detected: Moving comment left 1.5 inches to 2.266 inches
2025-08-24 18:28:13,634 - INFO - BOTTOM: Page 34, 1.007 inches from bottom = 683.496 pts from top (page height: 756.0 pts)
2025-08-24 18:28:13,637 - INFO - Added yellow annotation to page 34 at (163.152, 683.496)
2025-08-24 18:28:13,637 - INFO - Column 2 detected: Moving comment right 1.5 inches to 5.266 inches
2025-08-24 18:28:13,637 - INFO - BOTTOM: Page 34, 1.007 inches from bottom = 683.496 pts from top (page height: 756.0 pts)
2025-08-24 18:28:13,641 - INFO - Added yellow annotation to page 34 at (379.152, 683.496)
2025-08-24 18:28:13,642 - INFO - No column reference detected: Using center position 3.766 inches
2025-08-24 18:28:13,642 - INFO - BOTTOM: Page 35, 5.25 inches from bottom = 378.0 pts from top (page height: 756.0 pts)
2025-08-24 18:28:13,644 - INFO - Added red annotation to page 35 at (271.152, 378.0)
2025-08-24 18:28:13,645 - INFO - Column 1 detected: Moving comment left 1.5 inches to 2.266 inches
2025-08-24 18:28:13,645 - INFO - BOTTOM: Page 36, 3.34 inches from bottom = 515.52 pts from top (page height: 756.0 pts)
2025-08-24 18:28:13,649 - INFO - Added yellow annotation to page 36 at (163.152, 515.52)
2025-08-24 18:28:13,649 - INFO - Column 2 detected: Moving comment right 1.5 inches to 5.266 inches
2025-08-24 18:28:13,650 - INFO - BOTTOM: Page 36, 3.34 inches from bottom = 515.52 pts from top (page height: 756.0 pts)
2025-08-24 18:28:13,654 - INFO - Added yellow annotation to page 36 at (379.152, 515.52)
2025-08-24 18:28:13,654 - INFO - No column reference detected: Using center position 3.766 inches
2025-08-24 18:28:13,654 - INFO - BOTTOM: Page 36, 3.049 inches from bottom = 536.472 pts from top (page height: 756.0 pts)
2025-08-24 18:28:13,657 - INFO - Added red annotation to page 36 at (271.152, 536.472)
2025-08-24 18:28:13,658 - INFO - Column 1 detected: Moving comment left 1.5 inches to 2.266 inches
2025-08-24 18:28:13,658 - INFO - BOTTOM: Page 37, 1.007 inches from bottom = 683.496 pts from top (page height: 756.0 pts)
2025-08-24 18:28:13,661 - INFO - Added yellow annotation to page 37 at (163.152, 683.496)
2025-08-24 18:28:13,661 - INFO - Column 2 detected: Moving comment right 1.5 inches to 5.266 inches
2025-08-24 18:28:13,662 - INFO - BOTTOM: Page 37, 1.007 inches from bottom = 683.496 pts from top (page height: 756.0 pts)
2025-08-24 18:28:13,665 - INFO - Added yellow annotation to page 37 at (379.152, 683.496)
2025-08-24 18:28:13,666 - INFO - Column 1 detected: Moving comment left 1.5 inches to 2.266 inches
2025-08-24 18:28:13,666 - INFO - BOTTOM: Page 39, 1.007 inches from bottom = 683.496 pts from top (page height: 756.0 pts)
2025-08-24 18:28:13,669 - INFO - Added yellow annotation to page 39 at (163.152, 683.496)
2025-08-24 18:28:13,670 - INFO - Column 2 detected: Moving comment right 1.5 inches to 5.266 inches
2025-08-24 18:28:13,670 - INFO - BOTTOM: Page 39, 1.007 inches from bottom = 683.496 pts from top (page height: 756.0 pts)
2025-08-24 18:28:13,673 - INFO - Added yellow annotation to page 39 at (379.152, 683.496)
2025-08-24 18:28:13,674 - INFO - Column 1 detected: Moving comment left 1.5 inches to 2.266 inches
2025-08-24 18:28:13,674 - INFO - TOP: Page 39, 2.802 inches from top = 201.744 pts from top
2025-08-24 18:28:13,677 - INFO - Added red annotation to page 39 at (163.152, 201.744)
2025-08-24 18:28:13,678 - INFO - Column 1 detected: Moving comment left 1.5 inches to 2.266 inches
2025-08-24 18:28:13,678 - INFO - TOP: Page 39, 3.448 inches from top = 248.256 pts from top
2025-08-24 18:28:13,681 - INFO - Added red annotation to page 39 at (163.152, 248.256)
2025-08-24 18:28:13,683 - INFO - Column 2 detected: Moving comment right 1.5 inches to 5.266 inches
2025-08-24 18:28:13,683 - INFO - TOP: Page 39, 2.898 inches from top = 208.656 pts from top
2025-08-24 18:28:13,686 - INFO - Added red annotation to page 39 at (379.152, 208.656)
2025-08-24 18:28:13,686 - INFO - Column 2 detected: Moving comment right 1.5 inches to 5.266 inches
2025-08-24 18:28:13,686 - INFO - TOP: Page 39, 2.802 inches from top = 201.744 pts from top
2025-08-24 18:28:13,688 - INFO - Added red annotation to page 39 at (379.152, 201.744)
2025-08-24 18:28:13,689 - INFO - Column 2 detected: Moving comment right 1.5 inches to 5.266 inches
2025-08-24 18:28:13,689 - INFO - TOP: Page 39, 1.801 inches from top = 129.672 pts from top
2025-08-24 18:28:13,692 - INFO - Added red annotation to page 39 at (379.152, 129.672)
2025-08-24 18:28:13,692 - INFO - No column reference detected: Using center position 3.766 inches
2025-08-24 18:28:13,692 - INFO - TOP: Page 39, -1.801 inches from top = -129.672 pts from top
2025-08-24 18:28:13,692 - WARNING - Annotation Y coordinate -129.672 is above page, clamping to 0
2025-08-24 18:28:13,694 - INFO - Added red annotation to page 39 at (271.152, 0)
2025-08-24 18:28:13,695 - INFO - Column 1 detected: Moving comment left 1.5 inches to 2.266 inches
2025-08-24 18:28:13,695 - INFO - BOTTOM: Page 41, 4.799 inches from bottom = 410.472 pts from top (page height: 756.0 pts)
2025-08-24 18:28:13,699 - INFO - Added yellow annotation to page 41 at (163.152, 410.472)
2025-08-24 18:28:13,700 - INFO - Column 2 detected: Moving comment right 1.5 inches to 5.266 inches
2025-08-24 18:28:13,700 - INFO - BOTTOM: Page 41, 4.799 inches from bottom = 410.472 pts from top (page height: 756.0 pts)
2025-08-24 18:28:13,702 - INFO - Added yellow annotation to page 41 at (379.152, 410.472)
2025-08-24 18:28:13,702 - INFO - No column reference detected: Using center position 3.766 inches
2025-08-24 18:28:13,703 - INFO - BOTTOM: Page 41, 4.507 inches from bottom = 431.49600000000004 pts from top (page height: 756.0 pts)
2025-08-24 18:28:13,705 - INFO - Added red annotation to page 41 at (271.152, 431.49600000000004)
2025-08-24 18:28:13,706 - INFO - Column 1 detected: Moving comment left 1.5 inches to 2.266 inches
2025-08-24 18:28:13,706 - INFO - BOTTOM: Page 42, 1.007 inches from bottom = 683.496 pts from top (page height: 756.0 pts)
2025-08-24 18:28:13,709 - INFO - Added yellow annotation to page 42 at (163.152, 683.496)
2025-08-24 18:28:13,710 - INFO - Column 2 detected: Moving comment right 1.5 inches to 5.266 inches
2025-08-24 18:28:13,710 - INFO - BOTTOM: Page 42, 1.007 inches from bottom = 683.496 pts from top (page height: 756.0 pts)
2025-08-24 18:28:13,713 - INFO - Added yellow annotation to page 42 at (379.152, 683.496)
2025-08-24 18:28:13,715 - INFO - Column 1 detected: Moving comment left 1.5 inches to 2.266 inches
2025-08-24 18:28:13,716 - INFO - BOTTOM: Page 43, 1.007 inches from bottom = 683.496 pts from top (page height: 756.0 pts)
2025-08-24 18:28:13,720 - INFO - Added yellow annotation to page 43 at (163.152, 683.496)
2025-08-24 18:28:13,720 - INFO - Column 2 detected: Moving comment right 1.5 inches to 5.266 inches
2025-08-24 18:28:13,720 - INFO - BOTTOM: Page 43, 1.007 inches from bottom = 683.496 pts from top (page height: 756.0 pts)
2025-08-24 18:28:13,723 - INFO - Added yellow annotation to page 43 at (379.152, 683.496)
2025-08-24 18:28:13,723 - INFO - No column reference detected: Using center position 3.766 inches
2025-08-24 18:28:13,723 - INFO - BOTTOM: Page 44, 1.007 inches from bottom = 683.496 pts from top (page height: 756.0 pts)
2025-08-24 18:28:13,725 - INFO - Added yellow annotation to page 44 at (271.152, 683.496)
2025-08-24 18:28:13,726 - INFO - Column 1 detected: Moving comment left 1.5 inches to 2.266 inches
2025-08-24 18:28:13,726 - INFO - BOTTOM: Page 48, 1.007 inches from bottom = 683.496 pts from top (page height: 756.0 pts)
2025-08-24 18:28:13,734 - INFO - Added yellow annotation to page 48 at (163.152, 683.496)
2025-08-24 18:28:13,734 - INFO - Column 2 detected: Moving comment right 1.5 inches to 5.266 inches
2025-08-24 18:28:13,735 - INFO - BOTTOM: Page 48, 1.007 inches from bottom = 683.496 pts from top (page height: 756.0 pts)
2025-08-24 18:28:13,737 - INFO - Added yellow annotation to page 48 at (379.152, 683.496)
2025-08-24 18:28:13,737 - INFO - Column 1 detected: Moving comment left 1.5 inches to 2.266 inches
2025-08-24 18:28:13,737 - INFO - BOTTOM: Page 49, 1.007 inches from bottom = 683.496 pts from top (page height: 756.0 pts)
2025-08-24 18:28:13,741 - INFO - Added yellow annotation to page 49 at (163.152, 683.496)
2025-08-24 18:28:13,741 - INFO - Column 2 detected: Moving comment right 1.5 inches to 5.266 inches
2025-08-24 18:28:13,741 - INFO - BOTTOM: Page 49, 1.007 inches from bottom = 683.496 pts from top (page height: 756.0 pts)
2025-08-24 18:28:13,743 - INFO - Added yellow annotation to page 49 at (379.152, 683.496)
2025-08-24 18:28:13,743 - INFO - Column 1 detected: Moving comment left 1.5 inches to 2.266 inches
2025-08-24 18:28:13,744 - INFO - BOTTOM: Page 52, 2.757 inches from bottom = 557.496 pts from top (page height: 756.0 pts)
2025-08-24 18:28:13,747 - INFO - Added yellow annotation to page 52 at (163.152, 557.496)
2025-08-24 18:28:13,748 - INFO - Column 2 detected: Moving comment right 1.5 inches to 5.266 inches
2025-08-24 18:28:13,748 - INFO - BOTTOM: Page 52, 2.757 inches from bottom = 557.496 pts from top (page height: 756.0 pts)
2025-08-24 18:28:13,752 - INFO - Added yellow annotation to page 52 at (379.152, 557.496)
2025-08-24 18:28:13,754 - INFO - Added summary annotation to first page
2025-08-24 18:28:13,754 - INFO - Saving annotated PDF to: 02-Exodus_annotated.pdf
2025-08-24 18:28:13,811 - INFO - PDF saved successfully
2025-08-24 18:28:13,812 - INFO - === 02-Exodus Complete: 55 annotations added ===
2025-08-24 18:28:13,813 - INFO - Color breakdown: {'RED': 10, 'YELLOW': 45}
2025-08-24 18:28:13,813 - INFO - === BATCH PROCESSING COMPLETE ===
2025-08-24 18:28:13,813 - INFO - Successfully processed: 1
2025-08-24 18:28:13,814 - INFO - Failed: 0
