2025-08-24 18:36:40,981 - INFO - === PDF Margin Annotator Started ===
2025-08-24 18:36:40,982 - INFO - Log file: logs/pdf_margin_annotator_20250824_183640.log
2025-08-24 18:36:40,983 - INFO - Loading reference values from: margin_baseline_reference.txt
2025-08-24 18:36:40,983 - INFO - Successfully loaded 20 reference values
2025-08-24 18:36:40,984 - INFO - Found pair: 02-Exodus.pdf + 02-Exodus.xlsx -> 02-Exodus_annotated.pdf
2025-08-24 18:36:40,984 - INFO - Found 1 file pair(s) to process
2025-08-24 18:36:40,984 - INFO - === Processing 02-Exodus ===
2025-08-24 18:36:40,984 - INFO - Excel: 02-Exodus.xlsx
2025-08-24 18:36:40,984 - INFO - PDF: 02-Exodus.pdf
2025-08-24 18:36:40,984 - INFO - Output: 02-Exodus_annotated.pdf
2025-08-24 18:36:40,984 - INFO - Using center point: 3.766 inches
2025-08-24 18:36:40,984 - INFO - Using page height: 9.25 inches
2025-08-24 18:36:40,984 - INFO - Loading Excel file: 02-Exodus.xlsx
2025-08-24 18:36:40,994 - INFO - Excel file loaded successfully
2025-08-24 18:36:40,995 - INFO - Found RED cell: Page 1, Column 'Running Head Baseline (in)', Value: 7.16
2025-08-24 18:36:40,995 - INFO - Added RED annotation: RED Running Head Baseline (in). Text is 7.16 inches from the top. Normally text is 1.129
2025-08-24 18:36:40,996 - INFO - Found YELLOW cell: Page 3, Column 'Bottom Scripture Baseline Column 1 (in)', Value: 1.444
2025-08-24 18:36:40,996 - INFO - Added YELLOW annotation: YELLOW Bottom Scripture Baseline Column 1 (in). Text is 1.444 inches from the bottom. Normally text is 1.299
2025-08-24 18:36:40,996 - INFO - Found YELLOW cell: Page 3, Column 'Bottom Scripture Baseline Column 2 (in)', Value: 1.444
2025-08-24 18:36:40,996 - INFO - Added YELLOW annotation: YELLOW Bottom Scripture Baseline Column 2 (in). Text is 1.444 inches from the bottom. Normally text is 1.299
2025-08-24 18:36:40,996 - INFO - Found YELLOW cell: Page 3, Column 'Footnote Baseline (in)', Value: 1.011
2025-08-24 18:36:40,997 - INFO - Added YELLOW annotation: YELLOW Footnote Baseline (in). Text is 1.011 inches from the bottom. Normally text is 0.997
2025-08-24 18:36:40,997 - INFO - Found YELLOW cell: Page 5, Column 'Bottom Scripture Baseline Column 1 (in)', Value: 1.007
2025-08-24 18:36:40,997 - INFO - Added YELLOW annotation: YELLOW Bottom Scripture Baseline Column 1 (in). Text is 1.007 inches from the bottom. Normally text is 1.299
2025-08-24 18:36:40,997 - INFO - Found YELLOW cell: Page 5, Column 'Bottom Scripture Baseline Column 2 (in)', Value: 1.007
2025-08-24 18:36:40,998 - INFO - Added YELLOW annotation: YELLOW Bottom Scripture Baseline Column 2 (in). Text is 1.007 inches from the bottom. Normally text is 1.299
2025-08-24 18:36:40,998 - INFO - Found YELLOW cell: Page 8, Column 'Footnote Baseline (in)', Value: 1.007
2025-08-24 18:36:40,998 - INFO - Added YELLOW annotation: YELLOW Footnote Baseline (in). Text is 1.007 inches from the bottom. Normally text is 0.997
2025-08-24 18:36:40,998 - INFO - Found ORANGE cell: Page 9, Column 'Top Scripture Baseline Column 1 (in)', Value: 1.618
2025-08-24 18:36:40,998 - INFO - Added ORANGE annotation: This column is not aligned with the other column. The other column is in the correct position.
2025-08-24 18:36:40,999 - INFO - Found YELLOW cell: Page 10, Column 'Bottom Scripture Baseline Column 1 (in)', Value: 1.007
2025-08-24 18:36:40,999 - INFO - Added YELLOW annotation: YELLOW Bottom Scripture Baseline Column 1 (in). Text is 1.007 inches from the bottom. Normally text is 1.299
2025-08-24 18:36:40,999 - INFO - Found YELLOW cell: Page 10, Column 'Bottom Scripture Baseline Column 2 (in)', Value: 1.007
2025-08-24 18:36:40,999 - INFO - Added YELLOW annotation: YELLOW Bottom Scripture Baseline Column 2 (in). Text is 1.007 inches from the bottom. Normally text is 1.299
2025-08-24 18:36:40,999 - INFO - Found YELLOW cell: Page 13, Column 'Bottom Scripture Baseline Column 1 (in)', Value: 1.007
2025-08-24 18:36:40,999 - INFO - Added YELLOW annotation: YELLOW Bottom Scripture Baseline Column 1 (in). Text is 1.007 inches from the bottom. Normally text is 1.299
2025-08-24 18:36:40,999 - INFO - Found YELLOW cell: Page 13, Column 'Bottom Scripture Baseline Column 2 (in)', Value: 1.007
2025-08-24 18:36:41,000 - INFO - Added YELLOW annotation: YELLOW Bottom Scripture Baseline Column 2 (in). Text is 1.007 inches from the bottom. Normally text is 1.299
2025-08-24 18:36:41,000 - INFO - Found YELLOW cell: Page 14, Column 'Bottom Scripture Baseline Column 1 (in)', Value: 1.007
2025-08-24 18:36:41,000 - INFO - Added YELLOW annotation: YELLOW Bottom Scripture Baseline Column 1 (in). Text is 1.007 inches from the bottom. Normally text is 1.299
2025-08-24 18:36:41,000 - INFO - Found YELLOW cell: Page 14, Column 'Bottom Scripture Baseline Column 2 (in)', Value: 1.007
2025-08-24 18:36:41,000 - INFO - Added YELLOW annotation: YELLOW Bottom Scripture Baseline Column 2 (in). Text is 1.007 inches from the bottom. Normally text is 1.299
2025-08-24 18:36:41,000 - INFO - Found ORANGE cell: Page 15, Column 'Top Scripture Baseline Column 1 (in)', Value: 1.618
2025-08-24 18:36:41,000 - INFO - Added ORANGE annotation: This column is not aligned with the other column. The other column is in the correct position.
2025-08-24 18:36:41,001 - INFO - Found YELLOW cell: Page 15, Column 'Bottom Scripture Baseline Column 1 (in)', Value: 1.007
2025-08-24 18:36:41,001 - INFO - Added YELLOW annotation: YELLOW Bottom Scripture Baseline Column 1 (in). Text is 1.007 inches from the bottom. Normally text is 1.299
2025-08-24 18:36:41,001 - INFO - Found YELLOW cell: Page 15, Column 'Bottom Scripture Baseline Column 2 (in)', Value: 1.007
2025-08-24 18:36:41,001 - INFO - Added YELLOW annotation: YELLOW Bottom Scripture Baseline Column 2 (in). Text is 1.007 inches from the bottom. Normally text is 1.299
2025-08-24 18:36:41,001 - INFO - Found ORANGE cell: Page 18, Column 'Top Scripture Baseline Column 2 (in)', Value: 1.618
2025-08-24 18:36:41,001 - INFO - Added ORANGE annotation: This column is not aligned with the other column. The other column is in the correct position.
2025-08-24 18:36:41,001 - INFO - Found ORANGE cell: Page 18, Column 'Bottom Scripture Baseline Column 1 (in)', Value: 1.444
2025-08-24 18:36:41,002 - INFO - Added ORANGE annotation: This column is not aligned with the other column. The other column is in the correct position.
2025-08-24 18:36:41,002 - INFO - Found YELLOW cell: Page 19, Column 'Footnote Baseline (in)', Value: 1.007
2025-08-24 18:36:41,002 - INFO - Added YELLOW annotation: YELLOW Footnote Baseline (in). Text is 1.007 inches from the bottom. Normally text is 0.997
2025-08-24 18:36:41,002 - INFO - Found ORANGE cell: Page 24, Column 'Top Scripture Baseline Column 1 (in)', Value: 1.618
2025-08-24 18:36:41,003 - INFO - Added ORANGE annotation: This column is not aligned with the other column. The other column is in the correct position.
2025-08-24 18:36:41,003 - INFO - Found YELLOW cell: Page 24, Column 'Bottom Scripture Baseline Column 1 (in)', Value: 1.444
2025-08-24 18:36:41,003 - INFO - Added YELLOW annotation: YELLOW Bottom Scripture Baseline Column 1 (in). Text is 1.444 inches from the bottom. Normally text is 1.299
2025-08-24 18:36:41,003 - INFO - Found YELLOW cell: Page 24, Column 'Bottom Scripture Baseline Column 2 (in)', Value: 1.444
2025-08-24 18:36:41,003 - INFO - Added YELLOW annotation: YELLOW Bottom Scripture Baseline Column 2 (in). Text is 1.444 inches from the bottom. Normally text is 1.299
2025-08-24 18:36:41,004 - INFO - Found ORANGE cell: Page 25, Column 'Top Scripture Baseline Column 2 (in)', Value: 1.618
2025-08-24 18:36:41,004 - INFO - Added ORANGE annotation: This column is not aligned with the other column. The other column is in the correct position.
2025-08-24 18:36:41,004 - INFO - Found YELLOW cell: Page 28, Column 'Bottom Scripture Baseline Column 1 (in)', Value: 1.007
2025-08-24 18:36:41,004 - INFO - Added YELLOW annotation: YELLOW Bottom Scripture Baseline Column 1 (in). Text is 1.007 inches from the bottom. Normally text is 1.299
2025-08-24 18:36:41,004 - INFO - Found YELLOW cell: Page 28, Column 'Bottom Scripture Baseline Column 2 (in)', Value: 1.007
2025-08-24 18:36:41,004 - INFO - Added YELLOW annotation: YELLOW Bottom Scripture Baseline Column 2 (in). Text is 1.007 inches from the bottom. Normally text is 1.299
2025-08-24 18:36:41,005 - INFO - Found YELLOW cell: Page 29, Column 'Bottom Scripture Baseline Column 1 (in)', Value: 1.007
2025-08-24 18:36:41,005 - INFO - Added YELLOW annotation: YELLOW Bottom Scripture Baseline Column 1 (in). Text is 1.007 inches from the bottom. Normally text is 1.299
2025-08-24 18:36:41,005 - INFO - Found YELLOW cell: Page 29, Column 'Bottom Scripture Baseline Column 2 (in)', Value: 1.007
2025-08-24 18:36:41,005 - INFO - Added YELLOW annotation: YELLOW Bottom Scripture Baseline Column 2 (in). Text is 1.007 inches from the bottom. Normally text is 1.299
2025-08-24 18:36:41,005 - INFO - Found YELLOW cell: Page 31, Column 'Footnote Baseline (in)', Value: 1.007
2025-08-24 18:36:41,005 - INFO - Added YELLOW annotation: YELLOW Footnote Baseline (in). Text is 1.007 inches from the bottom. Normally text is 0.997
2025-08-24 18:36:41,006 - INFO - Found YELLOW cell: Page 32, Column 'Bottom Scripture Baseline Column 1 (in)', Value: 3.194
2025-08-24 18:36:41,006 - INFO - Added YELLOW annotation: YELLOW Bottom Scripture Baseline Column 1 (in). Text is 3.194 inches from the bottom. Normally text is 1.299
2025-08-24 18:36:41,006 - INFO - Found YELLOW cell: Page 32, Column 'Bottom Scripture Baseline Column 2 (in)', Value: 3.194
2025-08-24 18:36:41,006 - INFO - Added YELLOW annotation: YELLOW Bottom Scripture Baseline Column 2 (in). Text is 3.194 inches from the bottom. Normally text is 1.299
2025-08-24 18:36:41,006 - INFO - Found ORANGE cell: Page 33, Column 'Bottom Scripture Baseline Column 2 (in)', Value: 3.194
2025-08-24 18:36:41,006 - INFO - Added ORANGE annotation: This column is not aligned with the other column. The other column is in the correct position.
2025-08-24 18:36:41,007 - INFO - Found YELLOW cell: Page 34, Column 'Bottom Scripture Baseline Column 1 (in)', Value: 1.007
2025-08-24 18:36:41,007 - INFO - Added YELLOW annotation: YELLOW Bottom Scripture Baseline Column 1 (in). Text is 1.007 inches from the bottom. Normally text is 1.299
2025-08-24 18:36:41,007 - INFO - Found YELLOW cell: Page 34, Column 'Bottom Scripture Baseline Column 2 (in)', Value: 1.007
2025-08-24 18:36:41,007 - INFO - Added YELLOW annotation: YELLOW Bottom Scripture Baseline Column 2 (in). Text is 1.007 inches from the bottom. Normally text is 1.299
2025-08-24 18:36:41,007 - INFO - Found RED cell: Page 35, Column 'Footnote Baseline (in)', Value: 5.25
2025-08-24 18:36:41,007 - INFO - Added RED annotation: RED Footnote Baseline (in). Text is 5.25 inches from the bottom. Normally text is 0.997
2025-08-24 18:36:41,008 - INFO - Found ORANGE cell: Page 36, Column 'Top Scripture Baseline Column 1 (in)', Value: 1.618
2025-08-24 18:36:41,008 - INFO - Added ORANGE annotation: This column is not aligned with the other column. The other column is in the correct position.
2025-08-24 18:36:41,008 - INFO - Found YELLOW cell: Page 36, Column 'Bottom Scripture Baseline Column 1 (in)', Value: 3.34
2025-08-24 18:36:41,008 - INFO - Added YELLOW annotation: YELLOW Bottom Scripture Baseline Column 1 (in). Text is 3.34 inches from the bottom. Normally text is 1.299
2025-08-24 18:36:41,008 - INFO - Found YELLOW cell: Page 36, Column 'Bottom Scripture Baseline Column 2 (in)', Value: 3.34
2025-08-24 18:36:41,008 - INFO - Added YELLOW annotation: YELLOW Bottom Scripture Baseline Column 2 (in). Text is 3.34 inches from the bottom. Normally text is 1.299
2025-08-24 18:36:41,009 - INFO - Found RED cell: Page 36, Column 'Footnote Baseline (in)', Value: 3.049
2025-08-24 18:36:41,009 - INFO - Added RED annotation: RED Footnote Baseline (in). Text is 3.049 inches from the bottom. Normally text is 0.997
2025-08-24 18:36:41,009 - INFO - Found ORANGE cell: Page 37, Column 'Top Scripture Baseline Column 2 (in)', Value: 1.618
2025-08-24 18:36:41,009 - INFO - Added ORANGE annotation: This column is not aligned with the other column. The other column is in the correct position.
2025-08-24 18:36:41,009 - INFO - Found YELLOW cell: Page 37, Column 'Bottom Scripture Baseline Column 1 (in)', Value: 1.007
2025-08-24 18:36:41,009 - INFO - Added YELLOW annotation: YELLOW Bottom Scripture Baseline Column 1 (in). Text is 1.007 inches from the bottom. Normally text is 1.299
2025-08-24 18:36:41,009 - INFO - Found YELLOW cell: Page 37, Column 'Bottom Scripture Baseline Column 2 (in)', Value: 1.007
2025-08-24 18:36:41,010 - INFO - Added YELLOW annotation: YELLOW Bottom Scripture Baseline Column 2 (in). Text is 1.007 inches from the bottom. Normally text is 1.299
2025-08-24 18:36:41,010 - INFO - Found YELLOW cell: Page 39, Column 'Bottom Scripture Baseline Column 1 (in)', Value: 1.007
2025-08-24 18:36:41,010 - INFO - Added YELLOW annotation: YELLOW Bottom Scripture Baseline Column 1 (in). Text is 1.007 inches from the bottom. Normally text is 1.299
2025-08-24 18:36:41,010 - INFO - Found YELLOW cell: Page 39, Column 'Bottom Scripture Baseline Column 2 (in)', Value: 1.007
2025-08-24 18:36:41,010 - INFO - Added YELLOW annotation: YELLOW Bottom Scripture Baseline Column 2 (in). Text is 1.007 inches from the bottom. Normally text is 1.299
2025-08-24 18:36:41,010 - INFO - Found RED cell: Page 39, Column 'Column 1 Right Edge (in)', Value: 2.802
2025-08-24 18:36:41,010 - INFO - Added RED annotation: RED Column 1 Right Edge (in). Text is 2.802 inches from the side. Normally text is 3.725
2025-08-24 18:36:41,011 - INFO - Found RED cell: Page 39, Column 'Column 1 Max Width (in)', Value: 3.448
2025-08-24 18:36:41,011 - INFO - Added RED annotation: RED Column 1 Max Width (in). Text is 3.448 inches from the side. Normally text is 2.525
2025-08-24 18:36:41,011 - INFO - Found RED cell: Page 39, Column 'Column 2 Left Edge (in)', Value: 2.898
2025-08-24 18:36:41,011 - INFO - Added RED annotation: RED Column 2 Left Edge (in). Text is 2.898 inches from the side. Normally text is 3.882
2025-08-24 18:36:41,011 - INFO - Found RED cell: Page 39, Column 'Column 2 Right Edge (in)', Value: 2.802
2025-08-24 18:36:41,011 - INFO - Added RED annotation: RED Column 2 Right Edge (in). Text is 2.802 inches from the side. Normally text is 1.093
2025-08-24 18:36:41,012 - INFO - Found RED cell: Page 39, Column 'Column 2 Max Width (in)', Value: 1.801
2025-08-24 18:36:41,012 - INFO - Added RED annotation: RED Column 2 Max Width (in). Text is 1.801 inches from the side. Normally text is 2.525
2025-08-24 18:36:41,012 - INFO - Found RED cell: Page 39, Column 'Column Gap Width (in)', Value: -1.801
2025-08-24 18:36:41,012 - INFO - Added RED annotation: RED Column Gap Width (in). Text is -1.801 inches from the side. Normally text is 0.107
2025-08-24 18:36:41,012 - INFO - Found YELLOW cell: Page 41, Column 'Bottom Scripture Baseline Column 1 (in)', Value: 4.799
2025-08-24 18:36:41,012 - INFO - Added YELLOW annotation: YELLOW Bottom Scripture Baseline Column 1 (in). Text is 4.799 inches from the bottom. Normally text is 1.299
2025-08-24 18:36:41,013 - INFO - Found YELLOW cell: Page 41, Column 'Bottom Scripture Baseline Column 2 (in)', Value: 4.799
2025-08-24 18:36:41,013 - INFO - Added YELLOW annotation: YELLOW Bottom Scripture Baseline Column 2 (in). Text is 4.799 inches from the bottom. Normally text is 1.299
2025-08-24 18:36:41,013 - INFO - Found RED cell: Page 41, Column 'Footnote Baseline (in)', Value: 4.507
2025-08-24 18:36:41,013 - INFO - Added RED annotation: RED Footnote Baseline (in). Text is 4.507 inches from the bottom. Normally text is 0.997
2025-08-24 18:36:41,013 - INFO - Found YELLOW cell: Page 42, Column 'Bottom Scripture Baseline Column 1 (in)', Value: 1.007
2025-08-24 18:36:41,013 - INFO - Added YELLOW annotation: YELLOW Bottom Scripture Baseline Column 1 (in). Text is 1.007 inches from the bottom. Normally text is 1.299
2025-08-24 18:36:41,013 - INFO - Found YELLOW cell: Page 42, Column 'Bottom Scripture Baseline Column 2 (in)', Value: 1.007
2025-08-24 18:36:41,014 - INFO - Added YELLOW annotation: YELLOW Bottom Scripture Baseline Column 2 (in). Text is 1.007 inches from the bottom. Normally text is 1.299
2025-08-24 18:36:41,014 - INFO - Found YELLOW cell: Page 43, Column 'Bottom Scripture Baseline Column 1 (in)', Value: 1.007
2025-08-24 18:36:41,014 - INFO - Added YELLOW annotation: YELLOW Bottom Scripture Baseline Column 1 (in). Text is 1.007 inches from the bottom. Normally text is 1.299
2025-08-24 18:36:41,014 - INFO - Found YELLOW cell: Page 43, Column 'Bottom Scripture Baseline Column 2 (in)', Value: 1.007
2025-08-24 18:36:41,014 - INFO - Added YELLOW annotation: YELLOW Bottom Scripture Baseline Column 2 (in). Text is 1.007 inches from the bottom. Normally text is 1.299
2025-08-24 18:36:41,014 - INFO - Found YELLOW cell: Page 44, Column 'Footnote Baseline (in)', Value: 1.007
2025-08-24 18:36:41,014 - INFO - Added YELLOW annotation: YELLOW Footnote Baseline (in). Text is 1.007 inches from the bottom. Normally text is 0.997
2025-08-24 18:36:41,014 - INFO - Found ORANGE cell: Page 46, Column 'Top Scripture Baseline Column 2 (in)', Value: 1.618
2025-08-24 18:36:41,015 - INFO - Added ORANGE annotation: This column is not aligned with the other column. The other column is in the correct position.
2025-08-24 18:36:41,015 - INFO - Found ORANGE cell: Page 48, Column 'Top Scripture Baseline Column 1 (in)', Value: 1.618
2025-08-24 18:36:41,015 - INFO - Added ORANGE annotation: This column is not aligned with the other column. The other column is in the correct position.
2025-08-24 18:36:41,015 - INFO - Found YELLOW cell: Page 48, Column 'Bottom Scripture Baseline Column 1 (in)', Value: 1.007
2025-08-24 18:36:41,015 - INFO - Added YELLOW annotation: YELLOW Bottom Scripture Baseline Column 1 (in). Text is 1.007 inches from the bottom. Normally text is 1.299
2025-08-24 18:36:41,015 - INFO - Found YELLOW cell: Page 48, Column 'Bottom Scripture Baseline Column 2 (in)', Value: 1.007
2025-08-24 18:36:41,015 - INFO - Added YELLOW annotation: YELLOW Bottom Scripture Baseline Column 2 (in). Text is 1.007 inches from the bottom. Normally text is 1.299
2025-08-24 18:36:41,015 - INFO - Found YELLOW cell: Page 49, Column 'Bottom Scripture Baseline Column 1 (in)', Value: 1.007
2025-08-24 18:36:41,016 - INFO - Added YELLOW annotation: YELLOW Bottom Scripture Baseline Column 1 (in). Text is 1.007 inches from the bottom. Normally text is 1.299
2025-08-24 18:36:41,016 - INFO - Found YELLOW cell: Page 49, Column 'Bottom Scripture Baseline Column 2 (in)', Value: 1.007
2025-08-24 18:36:41,016 - INFO - Added YELLOW annotation: YELLOW Bottom Scripture Baseline Column 2 (in). Text is 1.007 inches from the bottom. Normally text is 1.299
2025-08-24 18:36:41,016 - INFO - Found YELLOW cell: Page 52, Column 'Bottom Scripture Baseline Column 1 (in)', Value: 2.757
2025-08-24 18:36:41,016 - INFO - Added YELLOW annotation: YELLOW Bottom Scripture Baseline Column 1 (in). Text is 2.757 inches from the bottom. Normally text is 1.299
2025-08-24 18:36:41,016 - INFO - Found YELLOW cell: Page 52, Column 'Bottom Scripture Baseline Column 2 (in)', Value: 2.757
2025-08-24 18:36:41,016 - INFO - Added YELLOW annotation: YELLOW Bottom Scripture Baseline Column 2 (in). Text is 2.757 inches from the bottom. Normally text is 1.299
2025-08-24 18:36:41,016 - INFO - Total annotations prepared for 02-Exodus: 66
2025-08-24 18:36:41,016 - INFO - Color counts: {'RED': 10, 'YELLOW': 45, 'ORANGE': 11}
2025-08-24 18:36:41,016 - INFO - Opening PDF file: 02-Exodus.pdf
2025-08-24 18:36:41,018 - INFO - PDF opened successfully. Pages: 52
2025-08-24 18:36:41,019 - INFO - No column reference detected: Using center position 3.766 inches
2025-08-24 18:36:41,019 - INFO - TOP: Page 1, 7.16 inches from top = 515.52 pts from top
2025-08-24 18:36:41,022 - INFO - Added RED annotation to page 1 at (271.152, 515.52)
2025-08-24 18:36:41,022 - INFO - Column 1 detected: Moving comment left 1.5 inches to 2.266 inches
2025-08-24 18:36:41,023 - INFO - BOTTOM: Page 3, 1.444 inches from bottom = 652.032 pts from top (page height: 756.0 pts)
2025-08-24 18:36:41,024 - INFO - Added YELLOW annotation to page 3 at (163.152, 652.032)
2025-08-24 18:36:41,024 - INFO - Column 2 detected: Moving comment right 1.5 inches to 5.266 inches
2025-08-24 18:36:41,024 - INFO - BOTTOM: Page 3, 1.444 inches from bottom = 652.032 pts from top (page height: 756.0 pts)
2025-08-24 18:36:41,026 - INFO - Added YELLOW annotation to page 3 at (379.152, 652.032)
2025-08-24 18:36:41,026 - INFO - No column reference detected: Using center position 3.766 inches
2025-08-24 18:36:41,027 - INFO - BOTTOM: Page 3, 1.011 inches from bottom = 683.208 pts from top (page height: 756.0 pts)
2025-08-24 18:36:41,028 - INFO - Added YELLOW annotation to page 3 at (271.152, 683.208)
2025-08-24 18:36:41,028 - INFO - Column 1 detected: Moving comment left 1.5 inches to 2.266 inches
2025-08-24 18:36:41,028 - INFO - BOTTOM: Page 5, 1.007 inches from bottom = 683.496 pts from top (page height: 756.0 pts)
2025-08-24 18:36:41,030 - INFO - Added YELLOW annotation to page 5 at (163.152, 683.496)
2025-08-24 18:36:41,030 - INFO - Column 2 detected: Moving comment right 1.5 inches to 5.266 inches
2025-08-24 18:36:41,030 - INFO - BOTTOM: Page 5, 1.007 inches from bottom = 683.496 pts from top (page height: 756.0 pts)
2025-08-24 18:36:41,031 - INFO - Added YELLOW annotation to page 5 at (379.152, 683.496)
2025-08-24 18:36:41,032 - INFO - No column reference detected: Using center position 3.766 inches
2025-08-24 18:36:41,032 - INFO - BOTTOM: Page 8, 1.007 inches from bottom = 683.496 pts from top (page height: 756.0 pts)
2025-08-24 18:36:41,033 - INFO - Added YELLOW annotation to page 8 at (271.152, 683.496)
2025-08-24 18:36:41,033 - INFO - Orange Column 1: Moving comment left 1.5 inches to 2.266 inches
2025-08-24 18:36:41,033 - INFO - TOP: Page 9, 1.618 inches from top = 116.49600000000001 pts from top
2025-08-24 18:36:41,034 - INFO - Added ORANGE annotation to page 9 at (163.152, 116.49600000000001)
2025-08-24 18:36:41,035 - INFO - Column 1 detected: Moving comment left 1.5 inches to 2.266 inches
2025-08-24 18:36:41,035 - INFO - BOTTOM: Page 10, 1.007 inches from bottom = 683.496 pts from top (page height: 756.0 pts)
2025-08-24 18:36:41,036 - INFO - Added YELLOW annotation to page 10 at (163.152, 683.496)
2025-08-24 18:36:41,036 - INFO - Column 2 detected: Moving comment right 1.5 inches to 5.266 inches
2025-08-24 18:36:41,036 - INFO - BOTTOM: Page 10, 1.007 inches from bottom = 683.496 pts from top (page height: 756.0 pts)
2025-08-24 18:36:41,037 - INFO - Added YELLOW annotation to page 10 at (379.152, 683.496)
2025-08-24 18:36:41,038 - INFO - Column 1 detected: Moving comment left 1.5 inches to 2.266 inches
2025-08-24 18:36:41,038 - INFO - BOTTOM: Page 13, 1.007 inches from bottom = 683.496 pts from top (page height: 756.0 pts)
2025-08-24 18:36:41,039 - INFO - Added YELLOW annotation to page 13 at (163.152, 683.496)
2025-08-24 18:36:41,039 - INFO - Column 2 detected: Moving comment right 1.5 inches to 5.266 inches
2025-08-24 18:36:41,039 - INFO - BOTTOM: Page 13, 1.007 inches from bottom = 683.496 pts from top (page height: 756.0 pts)
2025-08-24 18:36:41,041 - INFO - Added YELLOW annotation to page 13 at (379.152, 683.496)
2025-08-24 18:36:41,041 - INFO - Column 1 detected: Moving comment left 1.5 inches to 2.266 inches
2025-08-24 18:36:41,041 - INFO - BOTTOM: Page 14, 1.007 inches from bottom = 683.496 pts from top (page height: 756.0 pts)
2025-08-24 18:36:41,043 - INFO - Added YELLOW annotation to page 14 at (163.152, 683.496)
2025-08-24 18:36:41,043 - INFO - Column 2 detected: Moving comment right 1.5 inches to 5.266 inches
2025-08-24 18:36:41,043 - INFO - BOTTOM: Page 14, 1.007 inches from bottom = 683.496 pts from top (page height: 756.0 pts)
2025-08-24 18:36:41,044 - INFO - Added YELLOW annotation to page 14 at (379.152, 683.496)
2025-08-24 18:36:41,044 - INFO - Orange Column 1: Moving comment left 1.5 inches to 2.266 inches
2025-08-24 18:36:41,045 - INFO - TOP: Page 15, 1.618 inches from top = 116.49600000000001 pts from top
2025-08-24 18:36:41,046 - INFO - Added ORANGE annotation to page 15 at (163.152, 116.49600000000001)
2025-08-24 18:36:41,046 - INFO - Column 1 detected: Moving comment left 1.5 inches to 2.266 inches
2025-08-24 18:36:41,046 - INFO - BOTTOM: Page 15, 1.007 inches from bottom = 683.496 pts from top (page height: 756.0 pts)
2025-08-24 18:36:41,047 - INFO - Added YELLOW annotation to page 15 at (163.152, 683.496)
2025-08-24 18:36:41,048 - INFO - Column 2 detected: Moving comment right 1.5 inches to 5.266 inches
2025-08-24 18:36:41,048 - INFO - BOTTOM: Page 15, 1.007 inches from bottom = 683.496 pts from top (page height: 756.0 pts)
2025-08-24 18:36:41,049 - INFO - Added YELLOW annotation to page 15 at (379.152, 683.496)
2025-08-24 18:36:41,049 - INFO - Orange Column 2: Moving comment right 1.5 inches to 5.266 inches
2025-08-24 18:36:41,049 - INFO - TOP: Page 18, 1.618 inches from top = 116.49600000000001 pts from top
2025-08-24 18:36:41,050 - INFO - Added ORANGE annotation to page 18 at (379.152, 116.49600000000001)
2025-08-24 18:36:41,050 - INFO - Orange Column 1: Moving comment left 1.5 inches to 2.266 inches
2025-08-24 18:36:41,051 - INFO - BOTTOM: Page 18, 1.444 inches from bottom = 652.032 pts from top (page height: 756.0 pts)
2025-08-24 18:36:41,052 - INFO - Added ORANGE annotation to page 18 at (163.152, 652.032)
2025-08-24 18:36:41,052 - INFO - No column reference detected: Using center position 3.766 inches
2025-08-24 18:36:41,052 - INFO - BOTTOM: Page 19, 1.007 inches from bottom = 683.496 pts from top (page height: 756.0 pts)
2025-08-24 18:36:41,053 - INFO - Added YELLOW annotation to page 19 at (271.152, 683.496)
2025-08-24 18:36:41,053 - INFO - Orange Column 1: Moving comment left 1.5 inches to 2.266 inches
2025-08-24 18:36:41,053 - INFO - TOP: Page 24, 1.618 inches from top = 116.49600000000001 pts from top
2025-08-24 18:36:41,055 - INFO - Added ORANGE annotation to page 24 at (163.152, 116.49600000000001)
2025-08-24 18:36:41,055 - INFO - Column 1 detected: Moving comment left 1.5 inches to 2.266 inches
2025-08-24 18:36:41,055 - INFO - BOTTOM: Page 24, 1.444 inches from bottom = 652.032 pts from top (page height: 756.0 pts)
2025-08-24 18:36:41,057 - INFO - Added YELLOW annotation to page 24 at (163.152, 652.032)
2025-08-24 18:36:41,057 - INFO - Column 2 detected: Moving comment right 1.5 inches to 5.266 inches
2025-08-24 18:36:41,057 - INFO - BOTTOM: Page 24, 1.444 inches from bottom = 652.032 pts from top (page height: 756.0 pts)
2025-08-24 18:36:41,059 - INFO - Added YELLOW annotation to page 24 at (379.152, 652.032)
2025-08-24 18:36:41,059 - INFO - Orange Column 2: Moving comment right 1.5 inches to 5.266 inches
2025-08-24 18:36:41,060 - INFO - TOP: Page 25, 1.618 inches from top = 116.49600000000001 pts from top
2025-08-24 18:36:41,061 - INFO - Added ORANGE annotation to page 25 at (379.152, 116.49600000000001)
2025-08-24 18:36:41,061 - INFO - Column 1 detected: Moving comment left 1.5 inches to 2.266 inches
2025-08-24 18:36:41,061 - INFO - BOTTOM: Page 28, 1.007 inches from bottom = 683.496 pts from top (page height: 756.0 pts)
2025-08-24 18:36:41,063 - INFO - Added YELLOW annotation to page 28 at (163.152, 683.496)
2025-08-24 18:36:41,063 - INFO - Column 2 detected: Moving comment right 1.5 inches to 5.266 inches
2025-08-24 18:36:41,063 - INFO - BOTTOM: Page 28, 1.007 inches from bottom = 683.496 pts from top (page height: 756.0 pts)
2025-08-24 18:36:41,064 - INFO - Added YELLOW annotation to page 28 at (379.152, 683.496)
2025-08-24 18:36:41,064 - INFO - Column 1 detected: Moving comment left 1.5 inches to 2.266 inches
2025-08-24 18:36:41,064 - INFO - BOTTOM: Page 29, 1.007 inches from bottom = 683.496 pts from top (page height: 756.0 pts)
2025-08-24 18:36:41,066 - INFO - Added YELLOW annotation to page 29 at (163.152, 683.496)
2025-08-24 18:36:41,066 - INFO - Column 2 detected: Moving comment right 1.5 inches to 5.266 inches
2025-08-24 18:36:41,066 - INFO - BOTTOM: Page 29, 1.007 inches from bottom = 683.496 pts from top (page height: 756.0 pts)
2025-08-24 18:36:41,067 - INFO - Added YELLOW annotation to page 29 at (379.152, 683.496)
2025-08-24 18:36:41,067 - INFO - No column reference detected: Using center position 3.766 inches
2025-08-24 18:36:41,067 - INFO - BOTTOM: Page 31, 1.007 inches from bottom = 683.496 pts from top (page height: 756.0 pts)
2025-08-24 18:36:41,069 - INFO - Added YELLOW annotation to page 31 at (271.152, 683.496)
2025-08-24 18:36:41,069 - INFO - Column 1 detected: Moving comment left 1.5 inches to 2.266 inches
2025-08-24 18:36:41,069 - INFO - BOTTOM: Page 32, 3.194 inches from bottom = 526.032 pts from top (page height: 756.0 pts)
2025-08-24 18:36:41,070 - INFO - Added YELLOW annotation to page 32 at (163.152, 526.032)
2025-08-24 18:36:41,071 - INFO - Column 2 detected: Moving comment right 1.5 inches to 5.266 inches
2025-08-24 18:36:41,071 - INFO - BOTTOM: Page 32, 3.194 inches from bottom = 526.032 pts from top (page height: 756.0 pts)
2025-08-24 18:36:41,072 - INFO - Added YELLOW annotation to page 32 at (379.152, 526.032)
2025-08-24 18:36:41,072 - INFO - Orange Column 2: Moving comment right 1.5 inches to 5.266 inches
2025-08-24 18:36:41,073 - INFO - BOTTOM: Page 33, 3.194 inches from bottom = 526.032 pts from top (page height: 756.0 pts)
2025-08-24 18:36:41,074 - INFO - Added ORANGE annotation to page 33 at (379.152, 526.032)
2025-08-24 18:36:41,074 - INFO - Column 1 detected: Moving comment left 1.5 inches to 2.266 inches
2025-08-24 18:36:41,074 - INFO - BOTTOM: Page 34, 1.007 inches from bottom = 683.496 pts from top (page height: 756.0 pts)
2025-08-24 18:36:41,076 - INFO - Added YELLOW annotation to page 34 at (163.152, 683.496)
2025-08-24 18:36:41,076 - INFO - Column 2 detected: Moving comment right 1.5 inches to 5.266 inches
2025-08-24 18:36:41,077 - INFO - BOTTOM: Page 34, 1.007 inches from bottom = 683.496 pts from top (page height: 756.0 pts)
2025-08-24 18:36:41,078 - INFO - Added YELLOW annotation to page 34 at (379.152, 683.496)
2025-08-24 18:36:41,078 - INFO - No column reference detected: Using center position 3.766 inches
2025-08-24 18:36:41,078 - INFO - BOTTOM: Page 35, 5.25 inches from bottom = 378.0 pts from top (page height: 756.0 pts)
2025-08-24 18:36:41,080 - INFO - Added RED annotation to page 35 at (271.152, 378.0)
2025-08-24 18:36:41,080 - INFO - Orange Column 1: Moving comment left 1.5 inches to 2.266 inches
2025-08-24 18:36:41,080 - INFO - TOP: Page 36, 1.618 inches from top = 116.49600000000001 pts from top
2025-08-24 18:36:41,081 - INFO - Added ORANGE annotation to page 36 at (163.152, 116.49600000000001)
2025-08-24 18:36:41,081 - INFO - Column 1 detected: Moving comment left 1.5 inches to 2.266 inches
2025-08-24 18:36:41,081 - INFO - BOTTOM: Page 36, 3.34 inches from bottom = 515.52 pts from top (page height: 756.0 pts)
2025-08-24 18:36:41,083 - INFO - Added YELLOW annotation to page 36 at (163.152, 515.52)
2025-08-24 18:36:41,083 - INFO - Column 2 detected: Moving comment right 1.5 inches to 5.266 inches
2025-08-24 18:36:41,083 - INFO - BOTTOM: Page 36, 3.34 inches from bottom = 515.52 pts from top (page height: 756.0 pts)
2025-08-24 18:36:41,084 - INFO - Added YELLOW annotation to page 36 at (379.152, 515.52)
2025-08-24 18:36:41,084 - INFO - No column reference detected: Using center position 3.766 inches
2025-08-24 18:36:41,084 - INFO - BOTTOM: Page 36, 3.049 inches from bottom = 536.472 pts from top (page height: 756.0 pts)
2025-08-24 18:36:41,086 - INFO - Added RED annotation to page 36 at (271.152, 536.472)
2025-08-24 18:36:41,086 - INFO - Orange Column 2: Moving comment right 1.5 inches to 5.266 inches
2025-08-24 18:36:41,086 - INFO - TOP: Page 37, 1.618 inches from top = 116.49600000000001 pts from top
2025-08-24 18:36:41,087 - INFO - Added ORANGE annotation to page 37 at (379.152, 116.49600000000001)
2025-08-24 18:36:41,087 - INFO - Column 1 detected: Moving comment left 1.5 inches to 2.266 inches
2025-08-24 18:36:41,088 - INFO - BOTTOM: Page 37, 1.007 inches from bottom = 683.496 pts from top (page height: 756.0 pts)
2025-08-24 18:36:41,089 - INFO - Added YELLOW annotation to page 37 at (163.152, 683.496)
2025-08-24 18:36:41,089 - INFO - Column 2 detected: Moving comment right 1.5 inches to 5.266 inches
2025-08-24 18:36:41,089 - INFO - BOTTOM: Page 37, 1.007 inches from bottom = 683.496 pts from top (page height: 756.0 pts)
2025-08-24 18:36:41,090 - INFO - Added YELLOW annotation to page 37 at (379.152, 683.496)
2025-08-24 18:36:41,090 - INFO - Column 1 detected: Moving comment left 1.5 inches to 2.266 inches
2025-08-24 18:36:41,091 - INFO - BOTTOM: Page 39, 1.007 inches from bottom = 683.496 pts from top (page height: 756.0 pts)
2025-08-24 18:36:41,093 - INFO - Added YELLOW annotation to page 39 at (163.152, 683.496)
2025-08-24 18:36:41,093 - INFO - Column 2 detected: Moving comment right 1.5 inches to 5.266 inches
2025-08-24 18:36:41,093 - INFO - BOTTOM: Page 39, 1.007 inches from bottom = 683.496 pts from top (page height: 756.0 pts)
2025-08-24 18:36:41,094 - INFO - Added YELLOW annotation to page 39 at (379.152, 683.496)
2025-08-24 18:36:41,095 - INFO - Column 1 detected: Moving comment left 1.5 inches to 2.266 inches
2025-08-24 18:36:41,095 - INFO - TOP: Page 39, 2.802 inches from top = 201.744 pts from top
2025-08-24 18:36:41,096 - INFO - Added RED annotation to page 39 at (163.152, 201.744)
2025-08-24 18:36:41,096 - INFO - Column 1 detected: Moving comment left 1.5 inches to 2.266 inches
2025-08-24 18:36:41,096 - INFO - TOP: Page 39, 3.448 inches from top = 248.256 pts from top
2025-08-24 18:36:41,097 - INFO - Added RED annotation to page 39 at (163.152, 248.256)
2025-08-24 18:36:41,098 - INFO - Column 2 detected: Moving comment right 1.5 inches to 5.266 inches
2025-08-24 18:36:41,098 - INFO - TOP: Page 39, 2.898 inches from top = 208.656 pts from top
2025-08-24 18:36:41,099 - INFO - Added RED annotation to page 39 at (379.152, 208.656)
2025-08-24 18:36:41,099 - INFO - Column 2 detected: Moving comment right 1.5 inches to 5.266 inches
2025-08-24 18:36:41,099 - INFO - TOP: Page 39, 2.802 inches from top = 201.744 pts from top
2025-08-24 18:36:41,101 - INFO - Added RED annotation to page 39 at (379.152, 201.744)
2025-08-24 18:36:41,101 - INFO - Column 2 detected: Moving comment right 1.5 inches to 5.266 inches
2025-08-24 18:36:41,101 - INFO - TOP: Page 39, 1.801 inches from top = 129.672 pts from top
2025-08-24 18:36:41,102 - INFO - Added RED annotation to page 39 at (379.152, 129.672)
2025-08-24 18:36:41,102 - INFO - No column reference detected: Using center position 3.766 inches
2025-08-24 18:36:41,103 - INFO - TOP: Page 39, -1.801 inches from top = -129.672 pts from top
2025-08-24 18:36:41,103 - WARNING - Annotation Y coordinate -129.672 is above page, clamping to 0
2025-08-24 18:36:41,104 - INFO - Added RED annotation to page 39 at (271.152, 0)
2025-08-24 18:36:41,104 - INFO - Column 1 detected: Moving comment left 1.5 inches to 2.266 inches
2025-08-24 18:36:41,104 - INFO - BOTTOM: Page 41, 4.799 inches from bottom = 410.472 pts from top (page height: 756.0 pts)
2025-08-24 18:36:41,105 - INFO - Added YELLOW annotation to page 41 at (163.152, 410.472)
2025-08-24 18:36:41,106 - INFO - Column 2 detected: Moving comment right 1.5 inches to 5.266 inches
2025-08-24 18:36:41,106 - INFO - BOTTOM: Page 41, 4.799 inches from bottom = 410.472 pts from top (page height: 756.0 pts)
2025-08-24 18:36:41,107 - INFO - Added YELLOW annotation to page 41 at (379.152, 410.472)
2025-08-24 18:36:41,107 - INFO - No column reference detected: Using center position 3.766 inches
2025-08-24 18:36:41,107 - INFO - BOTTOM: Page 41, 4.507 inches from bottom = 431.49600000000004 pts from top (page height: 756.0 pts)
2025-08-24 18:36:41,108 - INFO - Added RED annotation to page 41 at (271.152, 431.49600000000004)
2025-08-24 18:36:41,109 - INFO - Column 1 detected: Moving comment left 1.5 inches to 2.266 inches
2025-08-24 18:36:41,109 - INFO - BOTTOM: Page 42, 1.007 inches from bottom = 683.496 pts from top (page height: 756.0 pts)
2025-08-24 18:36:41,111 - INFO - Added YELLOW annotation to page 42 at (163.152, 683.496)
2025-08-24 18:36:41,111 - INFO - Column 2 detected: Moving comment right 1.5 inches to 5.266 inches
2025-08-24 18:36:41,111 - INFO - BOTTOM: Page 42, 1.007 inches from bottom = 683.496 pts from top (page height: 756.0 pts)
2025-08-24 18:36:41,112 - INFO - Added YELLOW annotation to page 42 at (379.152, 683.496)
2025-08-24 18:36:41,112 - INFO - Column 1 detected: Moving comment left 1.5 inches to 2.266 inches
2025-08-24 18:36:41,112 - INFO - BOTTOM: Page 43, 1.007 inches from bottom = 683.496 pts from top (page height: 756.0 pts)
2025-08-24 18:36:41,114 - INFO - Added YELLOW annotation to page 43 at (163.152, 683.496)
2025-08-24 18:36:41,114 - INFO - Column 2 detected: Moving comment right 1.5 inches to 5.266 inches
2025-08-24 18:36:41,114 - INFO - BOTTOM: Page 43, 1.007 inches from bottom = 683.496 pts from top (page height: 756.0 pts)
2025-08-24 18:36:41,115 - INFO - Added YELLOW annotation to page 43 at (379.152, 683.496)
2025-08-24 18:36:41,116 - INFO - No column reference detected: Using center position 3.766 inches
2025-08-24 18:36:41,116 - INFO - BOTTOM: Page 44, 1.007 inches from bottom = 683.496 pts from top (page height: 756.0 pts)
2025-08-24 18:36:41,117 - INFO - Added YELLOW annotation to page 44 at (271.152, 683.496)
2025-08-24 18:36:41,117 - INFO - Orange Column 2: Moving comment right 1.5 inches to 5.266 inches
2025-08-24 18:36:41,117 - INFO - TOP: Page 46, 1.618 inches from top = 116.49600000000001 pts from top
2025-08-24 18:36:41,118 - INFO - Added ORANGE annotation to page 46 at (379.152, 116.49600000000001)
2025-08-24 18:36:41,119 - INFO - Orange Column 1: Moving comment left 1.5 inches to 2.266 inches
2025-08-24 18:36:41,119 - INFO - TOP: Page 48, 1.618 inches from top = 116.49600000000001 pts from top
2025-08-24 18:36:41,120 - INFO - Added ORANGE annotation to page 48 at (163.152, 116.49600000000001)
2025-08-24 18:36:41,120 - INFO - Column 1 detected: Moving comment left 1.5 inches to 2.266 inches
2025-08-24 18:36:41,120 - INFO - BOTTOM: Page 48, 1.007 inches from bottom = 683.496 pts from top (page height: 756.0 pts)
2025-08-24 18:36:41,122 - INFO - Added YELLOW annotation to page 48 at (163.152, 683.496)
2025-08-24 18:36:41,122 - INFO - Column 2 detected: Moving comment right 1.5 inches to 5.266 inches
2025-08-24 18:36:41,122 - INFO - BOTTOM: Page 48, 1.007 inches from bottom = 683.496 pts from top (page height: 756.0 pts)
2025-08-24 18:36:41,123 - INFO - Added YELLOW annotation to page 48 at (379.152, 683.496)
2025-08-24 18:36:41,123 - INFO - Column 1 detected: Moving comment left 1.5 inches to 2.266 inches
2025-08-24 18:36:41,123 - INFO - BOTTOM: Page 49, 1.007 inches from bottom = 683.496 pts from top (page height: 756.0 pts)
2025-08-24 18:36:41,125 - INFO - Added YELLOW annotation to page 49 at (163.152, 683.496)
2025-08-24 18:36:41,125 - INFO - Column 2 detected: Moving comment right 1.5 inches to 5.266 inches
2025-08-24 18:36:41,125 - INFO - BOTTOM: Page 49, 1.007 inches from bottom = 683.496 pts from top (page height: 756.0 pts)
2025-08-24 18:36:41,127 - INFO - Added YELLOW annotation to page 49 at (379.152, 683.496)
2025-08-24 18:36:41,127 - INFO - Column 1 detected: Moving comment left 1.5 inches to 2.266 inches
2025-08-24 18:36:41,127 - INFO - BOTTOM: Page 52, 2.757 inches from bottom = 557.496 pts from top (page height: 756.0 pts)
2025-08-24 18:36:41,128 - INFO - Added YELLOW annotation to page 52 at (163.152, 557.496)
2025-08-24 18:36:41,129 - INFO - Column 2 detected: Moving comment right 1.5 inches to 5.266 inches
2025-08-24 18:36:41,129 - INFO - BOTTOM: Page 52, 2.757 inches from bottom = 557.496 pts from top (page height: 756.0 pts)
2025-08-24 18:36:41,130 - INFO - Added YELLOW annotation to page 52 at (379.152, 557.496)
2025-08-24 18:36:41,130 - INFO - All comments were successfully written into the PDF.
2025-08-24 18:36:41,132 - INFO - Added summary annotation to first page: All comments were successfully written into the PDF.
2025-08-24 18:36:41,132 - INFO - Saving annotated PDF to: 02-Exodus_annotated.pdf
2025-08-24 18:36:41,164 - INFO - PDF saved successfully
2025-08-24 18:36:41,165 - INFO - === 02-Exodus Complete: 66 annotations added ===
2025-08-24 18:36:41,165 - INFO - Final annotation counts: {'RED': 10, 'YELLOW': 45, 'ORANGE': 11}
2025-08-24 18:36:41,166 - INFO - === BATCH PROCESSING COMPLETE ===
2025-08-24 18:36:41,166 - INFO - Successfully processed: 1
2025-08-24 18:36:41,166 - INFO - Failed: 0
