2025-08-24 21:52:35,260 - INFO - === PDF Margin Annotator Started ===
2025-08-24 21:52:35,261 - INFO - Log file: logs/pdf_margin_annotator_20250824_215235.log
2025-08-24 21:52:35,262 - INFO - Loading reference values from: margin_baseline_reference.txt
2025-08-24 21:52:35,263 - INFO - Successfully loaded 20 reference values
2025-08-24 21:52:35,264 - INFO - Found pair: 02-Exodus.pdf + 02-Exodus.xlsx -> 02-Exodus_annotated.pdf
2025-08-24 21:52:35,264 - WARNING - PDF found but no matching Excel file: 02-Exodus_annotated.pdf (looking for 02-Exodus_annotated.xlsx)
2025-08-24 21:52:35,266 - INFO - Found 1 file pair(s) to process
2025-08-24 21:52:35,266 - INFO - === Processing 02-Exodus ===
2025-08-24 21:52:35,266 - INFO - Excel: 02-Exodus.xlsx
2025-08-24 21:52:35,267 - INFO - PDF: 02-Exodus.pdf
2025-08-24 21:52:35,267 - INFO - Output: 02-Exodus_annotated.pdf
2025-08-24 21:52:35,267 - INFO - Using center point: 3.766 inches
2025-08-24 21:52:35,267 - INFO - Using page height: 9.25 inches
2025-08-24 21:52:35,267 - INFO - Loading Excel file: 02-Exodus.xlsx
2025-08-24 21:52:35,285 - INFO - Excel file loaded successfully
2025-08-24 21:52:35,286 - INFO - Found RED cell: Page 1, Column 'Running Head Baseline (in)', Value: 7.16
2025-08-24 21:52:35,286 - INFO - Added annotation #1: RED Running Head Baseline (in). Text is 7.16 inches from the top. Normally text is 1.129
2025-08-24 21:52:35,286 - INFO - Found YELLOW cell: Page 3, Column 'Bottom Scripture Baseline Column 1 (in)', Value: 1.444
2025-08-24 21:52:35,287 - WARNING - No mapping found for column 'Bottom Scripture Baseline Column 1 (in)'
2025-08-24 21:52:35,287 - WARNING - No reference value found for 'Bottom Scripture Baseline Column 1 (in)' on Right pages, creating annotation without reference
2025-08-24 21:52:35,287 - INFO - Added annotation #2: YELLOW Bottom Scripture Baseline Column 1 (in). Text is 1.444 inches from the bottom. No reference available
2025-08-24 21:52:35,288 - INFO - Found YELLOW cell: Page 3, Column 'Bottom Scripture Baseline Column 2 (in)', Value: 1.444
2025-08-24 21:52:35,288 - WARNING - No mapping found for column 'Bottom Scripture Baseline Column 2 (in)'
2025-08-24 21:52:35,288 - WARNING - No reference value found for 'Bottom Scripture Baseline Column 2 (in)' on Right pages, creating annotation without reference
2025-08-24 21:52:35,289 - INFO - Added annotation #3: YELLOW Bottom Scripture Baseline Column 2 (in). Text is 1.444 inches from the bottom. No reference available
2025-08-24 21:52:35,289 - INFO - Found YELLOW cell: Page 3, Column 'Footnote Baseline (in)', Value: 1.011
2025-08-24 21:52:35,289 - INFO - Added annotation #4: YELLOW Footnote Baseline (in). Text is 1.011 inches from the bottom. Normally text is 0.997
2025-08-24 21:52:35,290 - INFO - Found YELLOW cell: Page 5, Column 'Bottom Scripture Baseline Column 1 (in)', Value: 1.007
2025-08-24 21:52:35,290 - WARNING - No mapping found for column 'Bottom Scripture Baseline Column 1 (in)'
2025-08-24 21:52:35,290 - WARNING - No reference value found for 'Bottom Scripture Baseline Column 1 (in)' on Right pages, creating annotation without reference
2025-08-24 21:52:35,290 - INFO - Added annotation #5: YELLOW Bottom Scripture Baseline Column 1 (in). Text is 1.007 inches from the bottom. No reference available
2025-08-24 21:52:35,291 - INFO - Found YELLOW cell: Page 5, Column 'Bottom Scripture Baseline Column 2 (in)', Value: 1.007
2025-08-24 21:52:35,291 - WARNING - No mapping found for column 'Bottom Scripture Baseline Column 2 (in)'
2025-08-24 21:52:35,291 - WARNING - No reference value found for 'Bottom Scripture Baseline Column 2 (in)' on Right pages, creating annotation without reference
2025-08-24 21:52:35,291 - INFO - Added annotation #6: YELLOW Bottom Scripture Baseline Column 2 (in). Text is 1.007 inches from the bottom. No reference available
2025-08-24 21:52:35,292 - INFO - Found YELLOW cell: Page 8, Column 'Footnote Baseline (in)', Value: 1.007
2025-08-24 21:52:35,293 - INFO - Added annotation #7: YELLOW Footnote Baseline (in). Text is 1.007 inches from the bottom. Normally text is 0.997
2025-08-24 21:52:35,293 - INFO - Found YELLOW cell: Page 10, Column 'Bottom Scripture Baseline Column 1 (in)', Value: 1.007
2025-08-24 21:52:35,294 - WARNING - No mapping found for column 'Bottom Scripture Baseline Column 1 (in)'
2025-08-24 21:52:35,294 - WARNING - No reference value found for 'Bottom Scripture Baseline Column 1 (in)' on Left pages, creating annotation without reference
2025-08-24 21:52:35,294 - INFO - Added annotation #8: YELLOW Bottom Scripture Baseline Column 1 (in). Text is 1.007 inches from the bottom. No reference available
2025-08-24 21:52:35,294 - INFO - Found YELLOW cell: Page 10, Column 'Bottom Scripture Baseline Column 2 (in)', Value: 1.007
2025-08-24 21:52:35,295 - WARNING - No mapping found for column 'Bottom Scripture Baseline Column 2 (in)'
2025-08-24 21:52:35,295 - WARNING - No reference value found for 'Bottom Scripture Baseline Column 2 (in)' on Left pages, creating annotation without reference
2025-08-24 21:52:35,295 - INFO - Added annotation #9: YELLOW Bottom Scripture Baseline Column 2 (in). Text is 1.007 inches from the bottom. No reference available
2025-08-24 21:52:35,295 - INFO - Found YELLOW cell: Page 13, Column 'Bottom Scripture Baseline Column 1 (in)', Value: 1.007
2025-08-24 21:52:35,296 - WARNING - No mapping found for column 'Bottom Scripture Baseline Column 1 (in)'
2025-08-24 21:52:35,296 - WARNING - No reference value found for 'Bottom Scripture Baseline Column 1 (in)' on Right pages, creating annotation without reference
2025-08-24 21:52:35,296 - INFO - Added annotation #10: YELLOW Bottom Scripture Baseline Column 1 (in). Text is 1.007 inches from the bottom. No reference available
2025-08-24 21:52:35,296 - INFO - Found YELLOW cell: Page 13, Column 'Bottom Scripture Baseline Column 2 (in)', Value: 1.007
2025-08-24 21:52:35,297 - WARNING - No mapping found for column 'Bottom Scripture Baseline Column 2 (in)'
2025-08-24 21:52:35,297 - WARNING - No reference value found for 'Bottom Scripture Baseline Column 2 (in)' on Right pages, creating annotation without reference
2025-08-24 21:52:35,297 - INFO - Added annotation #11: YELLOW Bottom Scripture Baseline Column 2 (in). Text is 1.007 inches from the bottom. No reference available
2025-08-24 21:52:35,298 - INFO - Found YELLOW cell: Page 14, Column 'Bottom Scripture Baseline Column 1 (in)', Value: 1.007
2025-08-24 21:52:35,298 - WARNING - No mapping found for column 'Bottom Scripture Baseline Column 1 (in)'
2025-08-24 21:52:35,298 - WARNING - No reference value found for 'Bottom Scripture Baseline Column 1 (in)' on Left pages, creating annotation without reference
2025-08-24 21:52:35,298 - INFO - Added annotation #12: YELLOW Bottom Scripture Baseline Column 1 (in). Text is 1.007 inches from the bottom. No reference available
2025-08-24 21:52:35,299 - INFO - Found YELLOW cell: Page 14, Column 'Bottom Scripture Baseline Column 2 (in)', Value: 1.007
2025-08-24 21:52:35,299 - WARNING - No mapping found for column 'Bottom Scripture Baseline Column 2 (in)'
2025-08-24 21:52:35,299 - WARNING - No reference value found for 'Bottom Scripture Baseline Column 2 (in)' on Left pages, creating annotation without reference
2025-08-24 21:52:35,300 - INFO - Added annotation #13: YELLOW Bottom Scripture Baseline Column 2 (in). Text is 1.007 inches from the bottom. No reference available
2025-08-24 21:52:35,300 - INFO - Found YELLOW cell: Page 15, Column 'Bottom Scripture Baseline Column 1 (in)', Value: 1.007
2025-08-24 21:52:35,300 - WARNING - No mapping found for column 'Bottom Scripture Baseline Column 1 (in)'
2025-08-24 21:52:35,301 - WARNING - No reference value found for 'Bottom Scripture Baseline Column 1 (in)' on Right pages, creating annotation without reference
2025-08-24 21:52:35,301 - INFO - Added annotation #14: YELLOW Bottom Scripture Baseline Column 1 (in). Text is 1.007 inches from the bottom. No reference available
2025-08-24 21:52:35,301 - INFO - Found YELLOW cell: Page 15, Column 'Bottom Scripture Baseline Column 2 (in)', Value: 1.007
2025-08-24 21:52:35,302 - WARNING - No mapping found for column 'Bottom Scripture Baseline Column 2 (in)'
2025-08-24 21:52:35,302 - WARNING - No reference value found for 'Bottom Scripture Baseline Column 2 (in)' on Right pages, creating annotation without reference
2025-08-24 21:52:35,302 - INFO - Added annotation #15: YELLOW Bottom Scripture Baseline Column 2 (in). Text is 1.007 inches from the bottom. No reference available
2025-08-24 21:52:35,303 - INFO - Found YELLOW cell: Page 19, Column 'Footnote Baseline (in)', Value: 1.007
2025-08-24 21:52:35,303 - INFO - Added annotation #16: YELLOW Footnote Baseline (in). Text is 1.007 inches from the bottom. Normally text is 0.997
2025-08-24 21:52:35,304 - INFO - Found YELLOW cell: Page 24, Column 'Bottom Scripture Baseline Column 1 (in)', Value: 1.444
2025-08-24 21:52:35,305 - WARNING - No mapping found for column 'Bottom Scripture Baseline Column 1 (in)'
2025-08-24 21:52:35,305 - WARNING - No reference value found for 'Bottom Scripture Baseline Column 1 (in)' on Left pages, creating annotation without reference
2025-08-24 21:52:35,305 - INFO - Added annotation #17: YELLOW Bottom Scripture Baseline Column 1 (in). Text is 1.444 inches from the bottom. No reference available
2025-08-24 21:52:35,306 - INFO - Found YELLOW cell: Page 24, Column 'Bottom Scripture Baseline Column 2 (in)', Value: 1.444
2025-08-24 21:52:35,306 - WARNING - No mapping found for column 'Bottom Scripture Baseline Column 2 (in)'
2025-08-24 21:52:35,306 - WARNING - No reference value found for 'Bottom Scripture Baseline Column 2 (in)' on Left pages, creating annotation without reference
2025-08-24 21:52:35,307 - INFO - Added annotation #18: YELLOW Bottom Scripture Baseline Column 2 (in). Text is 1.444 inches from the bottom. No reference available
2025-08-24 21:52:35,307 - INFO - Found YELLOW cell: Page 28, Column 'Bottom Scripture Baseline Column 1 (in)', Value: 1.007
2025-08-24 21:52:35,308 - WARNING - No mapping found for column 'Bottom Scripture Baseline Column 1 (in)'
2025-08-24 21:52:35,308 - WARNING - No reference value found for 'Bottom Scripture Baseline Column 1 (in)' on Left pages, creating annotation without reference
2025-08-24 21:52:35,308 - INFO - Added annotation #19: YELLOW Bottom Scripture Baseline Column 1 (in). Text is 1.007 inches from the bottom. No reference available
2025-08-24 21:52:35,308 - INFO - Found YELLOW cell: Page 28, Column 'Bottom Scripture Baseline Column 2 (in)', Value: 1.007
2025-08-24 21:52:35,309 - WARNING - No mapping found for column 'Bottom Scripture Baseline Column 2 (in)'
2025-08-24 21:52:35,309 - WARNING - No reference value found for 'Bottom Scripture Baseline Column 2 (in)' on Left pages, creating annotation without reference
2025-08-24 21:52:35,309 - INFO - Added annotation #20: YELLOW Bottom Scripture Baseline Column 2 (in). Text is 1.007 inches from the bottom. No reference available
2025-08-24 21:52:35,310 - INFO - Found YELLOW cell: Page 29, Column 'Bottom Scripture Baseline Column 1 (in)', Value: 1.007
2025-08-24 21:52:35,310 - WARNING - No mapping found for column 'Bottom Scripture Baseline Column 1 (in)'
2025-08-24 21:52:35,310 - WARNING - No reference value found for 'Bottom Scripture Baseline Column 1 (in)' on Right pages, creating annotation without reference
2025-08-24 21:52:35,310 - INFO - Added annotation #21: YELLOW Bottom Scripture Baseline Column 1 (in). Text is 1.007 inches from the bottom. No reference available
2025-08-24 21:52:35,311 - INFO - Found YELLOW cell: Page 29, Column 'Bottom Scripture Baseline Column 2 (in)', Value: 1.007
2025-08-24 21:52:35,311 - WARNING - No mapping found for column 'Bottom Scripture Baseline Column 2 (in)'
2025-08-24 21:52:35,311 - WARNING - No reference value found for 'Bottom Scripture Baseline Column 2 (in)' on Right pages, creating annotation without reference
2025-08-24 21:52:35,311 - INFO - Added annotation #22: YELLOW Bottom Scripture Baseline Column 2 (in). Text is 1.007 inches from the bottom. No reference available
2025-08-24 21:52:35,312 - INFO - Found YELLOW cell: Page 31, Column 'Footnote Baseline (in)', Value: 1.007
2025-08-24 21:52:35,312 - INFO - Added annotation #23: YELLOW Footnote Baseline (in). Text is 1.007 inches from the bottom. Normally text is 0.997
2025-08-24 21:52:35,312 - INFO - Found YELLOW cell: Page 32, Column 'Bottom Scripture Baseline Column 1 (in)', Value: 3.194
2025-08-24 21:52:35,313 - WARNING - No mapping found for column 'Bottom Scripture Baseline Column 1 (in)'
2025-08-24 21:52:35,313 - WARNING - No reference value found for 'Bottom Scripture Baseline Column 1 (in)' on Left pages, creating annotation without reference
2025-08-24 21:52:35,313 - INFO - Added annotation #24: YELLOW Bottom Scripture Baseline Column 1 (in). Text is 3.194 inches from the bottom. No reference available
2025-08-24 21:52:35,313 - INFO - Found YELLOW cell: Page 32, Column 'Bottom Scripture Baseline Column 2 (in)', Value: 3.194
2025-08-24 21:52:35,314 - WARNING - No mapping found for column 'Bottom Scripture Baseline Column 2 (in)'
2025-08-24 21:52:35,314 - WARNING - No reference value found for 'Bottom Scripture Baseline Column 2 (in)' on Left pages, creating annotation without reference
2025-08-24 21:52:35,314 - INFO - Added annotation #25: YELLOW Bottom Scripture Baseline Column 2 (in). Text is 3.194 inches from the bottom. No reference available
2025-08-24 21:52:35,315 - INFO - Found YELLOW cell: Page 34, Column 'Bottom Scripture Baseline Column 1 (in)', Value: 1.007
2025-08-24 21:52:35,315 - WARNING - No mapping found for column 'Bottom Scripture Baseline Column 1 (in)'
2025-08-24 21:52:35,315 - WARNING - No reference value found for 'Bottom Scripture Baseline Column 1 (in)' on Left pages, creating annotation without reference
2025-08-24 21:52:35,315 - INFO - Added annotation #26: YELLOW Bottom Scripture Baseline Column 1 (in). Text is 1.007 inches from the bottom. No reference available
2025-08-24 21:52:35,315 - INFO - Found YELLOW cell: Page 34, Column 'Bottom Scripture Baseline Column 2 (in)', Value: 1.007
2025-08-24 21:52:35,315 - WARNING - No mapping found for column 'Bottom Scripture Baseline Column 2 (in)'
2025-08-24 21:52:35,316 - WARNING - No reference value found for 'Bottom Scripture Baseline Column 2 (in)' on Left pages, creating annotation without reference
2025-08-24 21:52:35,316 - INFO - Added annotation #27: YELLOW Bottom Scripture Baseline Column 2 (in). Text is 1.007 inches from the bottom. No reference available
2025-08-24 21:52:35,316 - INFO - Found RED cell: Page 35, Column 'Footnote Baseline (in)', Value: 5.25
2025-08-24 21:52:35,316 - INFO - Added annotation #28: RED Footnote Baseline (in). Text is 5.25 inches from the bottom. Normally text is 0.997
2025-08-24 21:52:35,317 - INFO - Found YELLOW cell: Page 36, Column 'Bottom Scripture Baseline Column 1 (in)', Value: 3.34
2025-08-24 21:52:35,317 - WARNING - No mapping found for column 'Bottom Scripture Baseline Column 1 (in)'
2025-08-24 21:52:35,317 - WARNING - No reference value found for 'Bottom Scripture Baseline Column 1 (in)' on Left pages, creating annotation without reference
2025-08-24 21:52:35,318 - INFO - Added annotation #29: YELLOW Bottom Scripture Baseline Column 1 (in). Text is 3.34 inches from the bottom. No reference available
2025-08-24 21:52:35,318 - INFO - Found YELLOW cell: Page 36, Column 'Bottom Scripture Baseline Column 2 (in)', Value: 3.34
2025-08-24 21:52:35,318 - WARNING - No mapping found for column 'Bottom Scripture Baseline Column 2 (in)'
2025-08-24 21:52:35,318 - WARNING - No reference value found for 'Bottom Scripture Baseline Column 2 (in)' on Left pages, creating annotation without reference
2025-08-24 21:52:35,319 - INFO - Added annotation #30: YELLOW Bottom Scripture Baseline Column 2 (in). Text is 3.34 inches from the bottom. No reference available
2025-08-24 21:52:35,319 - INFO - Found RED cell: Page 36, Column 'Footnote Baseline (in)', Value: 3.049
2025-08-24 21:52:35,319 - INFO - Added annotation #31: RED Footnote Baseline (in). Text is 3.049 inches from the bottom. Normally text is 0.997
2025-08-24 21:52:35,320 - INFO - Found YELLOW cell: Page 37, Column 'Bottom Scripture Baseline Column 1 (in)', Value: 1.007
2025-08-24 21:52:35,320 - WARNING - No mapping found for column 'Bottom Scripture Baseline Column 1 (in)'
2025-08-24 21:52:35,320 - WARNING - No reference value found for 'Bottom Scripture Baseline Column 1 (in)' on Right pages, creating annotation without reference
2025-08-24 21:52:35,321 - INFO - Added annotation #32: YELLOW Bottom Scripture Baseline Column 1 (in). Text is 1.007 inches from the bottom. No reference available
2025-08-24 21:52:35,321 - INFO - Found YELLOW cell: Page 37, Column 'Bottom Scripture Baseline Column 2 (in)', Value: 1.007
2025-08-24 21:52:35,321 - WARNING - No mapping found for column 'Bottom Scripture Baseline Column 2 (in)'
2025-08-24 21:52:35,321 - WARNING - No reference value found for 'Bottom Scripture Baseline Column 2 (in)' on Right pages, creating annotation without reference
2025-08-24 21:52:35,322 - INFO - Added annotation #33: YELLOW Bottom Scripture Baseline Column 2 (in). Text is 1.007 inches from the bottom. No reference available
2025-08-24 21:52:35,323 - INFO - Found YELLOW cell: Page 39, Column 'Bottom Scripture Baseline Column 1 (in)', Value: 1.007
2025-08-24 21:52:35,323 - WARNING - No mapping found for column 'Bottom Scripture Baseline Column 1 (in)'
2025-08-24 21:52:35,323 - WARNING - No reference value found for 'Bottom Scripture Baseline Column 1 (in)' on Right pages, creating annotation without reference
2025-08-24 21:52:35,324 - INFO - Added annotation #34: YELLOW Bottom Scripture Baseline Column 1 (in). Text is 1.007 inches from the bottom. No reference available
2025-08-24 21:52:35,324 - INFO - Found YELLOW cell: Page 39, Column 'Bottom Scripture Baseline Column 2 (in)', Value: 1.007
2025-08-24 21:52:35,324 - WARNING - No mapping found for column 'Bottom Scripture Baseline Column 2 (in)'
2025-08-24 21:52:35,324 - WARNING - No reference value found for 'Bottom Scripture Baseline Column 2 (in)' on Right pages, creating annotation without reference
2025-08-24 21:52:35,325 - INFO - Added annotation #35: YELLOW Bottom Scripture Baseline Column 2 (in). Text is 1.007 inches from the bottom. No reference available
2025-08-24 21:52:35,325 - INFO - Found RED cell: Page 39, Column 'Column 1 Right Edge (in)', Value: 2.802
2025-08-24 21:52:35,325 - INFO - Added annotation #36: RED Column 1 Right Edge (in). Text is 2.802 inches from the side. Normally text is 3.725
2025-08-24 21:52:35,325 - INFO - Found RED cell: Page 39, Column 'Column 1 Max Width (in)', Value: 3.448
2025-08-24 21:52:35,326 - INFO - Added annotation #37: RED Column 1 Max Width (in). Text is 3.448 inches from the side. Normally text is 2.525
2025-08-24 21:52:35,326 - INFO - Found RED cell: Page 39, Column 'Column 2 Left Edge (in)', Value: 2.898
2025-08-24 21:52:35,326 - INFO - Added annotation #38: RED Column 2 Left Edge (in). Text is 2.898 inches from the side. Normally text is 3.882
2025-08-24 21:52:35,326 - INFO - Found RED cell: Page 39, Column 'Column 2 Right Edge (in)', Value: 2.802
2025-08-24 21:52:35,327 - INFO - Added annotation #39: RED Column 2 Right Edge (in). Text is 2.802 inches from the side. Normally text is 1.093
2025-08-24 21:52:35,327 - INFO - Found RED cell: Page 39, Column 'Column 2 Max Width (in)', Value: 1.801
2025-08-24 21:52:35,327 - INFO - Added annotation #40: RED Column 2 Max Width (in). Text is 1.801 inches from the side. Normally text is 2.525
2025-08-24 21:52:35,327 - INFO - Found RED cell: Page 39, Column 'Column Gap Width (in)', Value: -1.801
2025-08-24 21:52:35,327 - INFO - Added annotation #41: RED Column Gap Width (in). Text is -1.801 inches from the side. Normally text is 0.107
2025-08-24 21:52:35,328 - INFO - Found YELLOW cell: Page 41, Column 'Bottom Scripture Baseline Column 1 (in)', Value: 4.799
2025-08-24 21:52:35,328 - WARNING - No mapping found for column 'Bottom Scripture Baseline Column 1 (in)'
2025-08-24 21:52:35,328 - WARNING - No reference value found for 'Bottom Scripture Baseline Column 1 (in)' on Right pages, creating annotation without reference
2025-08-24 21:52:35,328 - INFO - Added annotation #42: YELLOW Bottom Scripture Baseline Column 1 (in). Text is 4.799 inches from the bottom. No reference available
2025-08-24 21:52:35,328 - INFO - Found YELLOW cell: Page 41, Column 'Bottom Scripture Baseline Column 2 (in)', Value: 4.799
2025-08-24 21:52:35,328 - WARNING - No mapping found for column 'Bottom Scripture Baseline Column 2 (in)'
2025-08-24 21:52:35,329 - WARNING - No reference value found for 'Bottom Scripture Baseline Column 2 (in)' on Right pages, creating annotation without reference
2025-08-24 21:52:35,329 - INFO - Added annotation #43: YELLOW Bottom Scripture Baseline Column 2 (in). Text is 4.799 inches from the bottom. No reference available
2025-08-24 21:52:35,329 - INFO - Found RED cell: Page 41, Column 'Footnote Baseline (in)', Value: 4.507
2025-08-24 21:52:35,329 - INFO - Added annotation #44: RED Footnote Baseline (in). Text is 4.507 inches from the bottom. Normally text is 0.997
2025-08-24 21:52:35,329 - INFO - Found YELLOW cell: Page 42, Column 'Bottom Scripture Baseline Column 1 (in)', Value: 1.007
2025-08-24 21:52:35,329 - WARNING - No mapping found for column 'Bottom Scripture Baseline Column 1 (in)'
2025-08-24 21:52:35,330 - WARNING - No reference value found for 'Bottom Scripture Baseline Column 1 (in)' on Left pages, creating annotation without reference
2025-08-24 21:52:35,330 - INFO - Added annotation #45: YELLOW Bottom Scripture Baseline Column 1 (in). Text is 1.007 inches from the bottom. No reference available
2025-08-24 21:52:35,330 - INFO - Found YELLOW cell: Page 42, Column 'Bottom Scripture Baseline Column 2 (in)', Value: 1.007
2025-08-24 21:52:35,330 - WARNING - No mapping found for column 'Bottom Scripture Baseline Column 2 (in)'
2025-08-24 21:52:35,331 - WARNING - No reference value found for 'Bottom Scripture Baseline Column 2 (in)' on Left pages, creating annotation without reference
2025-08-24 21:52:35,331 - INFO - Added annotation #46: YELLOW Bottom Scripture Baseline Column 2 (in). Text is 1.007 inches from the bottom. No reference available
2025-08-24 21:52:35,331 - INFO - Found YELLOW cell: Page 43, Column 'Bottom Scripture Baseline Column 1 (in)', Value: 1.007
2025-08-24 21:52:35,331 - WARNING - No mapping found for column 'Bottom Scripture Baseline Column 1 (in)'
2025-08-24 21:52:35,332 - WARNING - No reference value found for 'Bottom Scripture Baseline Column 1 (in)' on Right pages, creating annotation without reference
2025-08-24 21:52:35,332 - INFO - Added annotation #47: YELLOW Bottom Scripture Baseline Column 1 (in). Text is 1.007 inches from the bottom. No reference available
2025-08-24 21:52:35,332 - INFO - Found YELLOW cell: Page 43, Column 'Bottom Scripture Baseline Column 2 (in)', Value: 1.007
2025-08-24 21:52:35,333 - WARNING - No mapping found for column 'Bottom Scripture Baseline Column 2 (in)'
2025-08-24 21:52:35,333 - WARNING - No reference value found for 'Bottom Scripture Baseline Column 2 (in)' on Right pages, creating annotation without reference
2025-08-24 21:52:35,333 - INFO - Added annotation #48: YELLOW Bottom Scripture Baseline Column 2 (in). Text is 1.007 inches from the bottom. No reference available
2025-08-24 21:52:35,334 - INFO - Found YELLOW cell: Page 44, Column 'Footnote Baseline (in)', Value: 1.007
2025-08-24 21:52:35,334 - INFO - Added annotation #49: YELLOW Footnote Baseline (in). Text is 1.007 inches from the bottom. Normally text is 0.997
2025-08-24 21:52:35,334 - INFO - Found YELLOW cell: Page 48, Column 'Bottom Scripture Baseline Column 1 (in)', Value: 1.007
2025-08-24 21:52:35,335 - WARNING - No mapping found for column 'Bottom Scripture Baseline Column 1 (in)'
2025-08-24 21:52:35,335 - WARNING - No reference value found for 'Bottom Scripture Baseline Column 1 (in)' on Left pages, creating annotation without reference
2025-08-24 21:52:35,335 - INFO - Added annotation #50: YELLOW Bottom Scripture Baseline Column 1 (in). Text is 1.007 inches from the bottom. No reference available
2025-08-24 21:52:35,335 - INFO - Found YELLOW cell: Page 48, Column 'Bottom Scripture Baseline Column 2 (in)', Value: 1.007
2025-08-24 21:52:35,336 - WARNING - No mapping found for column 'Bottom Scripture Baseline Column 2 (in)'
2025-08-24 21:52:35,336 - WARNING - No reference value found for 'Bottom Scripture Baseline Column 2 (in)' on Left pages, creating annotation without reference
2025-08-24 21:52:35,336 - INFO - Added annotation #51: YELLOW Bottom Scripture Baseline Column 2 (in). Text is 1.007 inches from the bottom. No reference available
2025-08-24 21:52:35,337 - INFO - Found YELLOW cell: Page 49, Column 'Bottom Scripture Baseline Column 1 (in)', Value: 1.007
2025-08-24 21:52:35,337 - WARNING - No mapping found for column 'Bottom Scripture Baseline Column 1 (in)'
2025-08-24 21:52:35,337 - WARNING - No reference value found for 'Bottom Scripture Baseline Column 1 (in)' on Right pages, creating annotation without reference
2025-08-24 21:52:35,337 - INFO - Added annotation #52: YELLOW Bottom Scripture Baseline Column 1 (in). Text is 1.007 inches from the bottom. No reference available
2025-08-24 21:52:35,338 - INFO - Found YELLOW cell: Page 49, Column 'Bottom Scripture Baseline Column 2 (in)', Value: 1.007
2025-08-24 21:52:35,338 - WARNING - No mapping found for column 'Bottom Scripture Baseline Column 2 (in)'
2025-08-24 21:52:35,338 - WARNING - No reference value found for 'Bottom Scripture Baseline Column 2 (in)' on Right pages, creating annotation without reference
2025-08-24 21:52:35,338 - INFO - Added annotation #53: YELLOW Bottom Scripture Baseline Column 2 (in). Text is 1.007 inches from the bottom. No reference available
2025-08-24 21:52:35,339 - INFO - Found YELLOW cell: Page 52, Column 'Bottom Scripture Baseline Column 1 (in)', Value: 2.757
2025-08-24 21:52:35,339 - WARNING - No mapping found for column 'Bottom Scripture Baseline Column 1 (in)'
2025-08-24 21:52:35,339 - WARNING - No reference value found for 'Bottom Scripture Baseline Column 1 (in)' on Left pages, creating annotation without reference
2025-08-24 21:52:35,340 - INFO - Added annotation #54: YELLOW Bottom Scripture Baseline Column 1 (in). Text is 2.757 inches from the bottom. No reference available
2025-08-24 21:52:35,340 - INFO - Found YELLOW cell: Page 52, Column 'Bottom Scripture Baseline Column 2 (in)', Value: 2.757
2025-08-24 21:52:35,340 - WARNING - No mapping found for column 'Bottom Scripture Baseline Column 2 (in)'
2025-08-24 21:52:35,340 - WARNING - No reference value found for 'Bottom Scripture Baseline Column 2 (in)' on Left pages, creating annotation without reference
2025-08-24 21:52:35,341 - INFO - Added annotation #55: YELLOW Bottom Scripture Baseline Column 2 (in). Text is 2.757 inches from the bottom. No reference available
2025-08-24 21:52:35,341 - INFO - Total annotations prepared for 02-Exodus: 55
2025-08-24 21:52:35,341 - INFO - Opening PDF file: 02-Exodus.pdf
2025-08-24 21:52:35,343 - INFO - PDF opened successfully. Pages: 52
2025-08-24 21:52:35,345 - INFO - No column reference detected: Using center position 3.766 inches
2025-08-24 21:52:35,345 - INFO - TOP: Page 1, 7.16 inches from top = 515.52 pts from top
2025-08-24 21:52:35,351 - INFO - Added annotation to page 1 at (271.152, 515.52)
2025-08-24 21:52:35,352 - INFO - Column 1 detected: Moving comment left 1.5 inches to 2.266 inches
2025-08-24 21:52:35,352 - INFO - BOTTOM: Page 3, 1.444 inches from bottom = 652.032 pts from top (page height: 756.0 pts)
2025-08-24 21:52:35,355 - INFO - Added annotation to page 3 at (163.152, 652.032)
2025-08-24 21:52:35,355 - INFO - Column 2 detected: Moving comment right 1.5 inches to 5.266 inches
2025-08-24 21:52:35,356 - INFO - BOTTOM: Page 3, 1.444 inches from bottom = 652.032 pts from top (page height: 756.0 pts)
2025-08-24 21:52:35,357 - INFO - Added annotation to page 3 at (379.152, 652.032)
2025-08-24 21:52:35,358 - INFO - No column reference detected: Using center position 3.766 inches
2025-08-24 21:52:35,358 - INFO - BOTTOM: Page 3, 1.011 inches from bottom = 683.208 pts from top (page height: 756.0 pts)
2025-08-24 21:52:35,360 - INFO - Added annotation to page 3 at (271.152, 683.208)
2025-08-24 21:52:35,361 - INFO - Column 1 detected: Moving comment left 1.5 inches to 2.266 inches
2025-08-24 21:52:35,361 - INFO - BOTTOM: Page 5, 1.007 inches from bottom = 683.496 pts from top (page height: 756.0 pts)
2025-08-24 21:52:35,363 - INFO - Added annotation to page 5 at (163.152, 683.496)
2025-08-24 21:52:35,363 - INFO - Column 2 detected: Moving comment right 1.5 inches to 5.266 inches
2025-08-24 21:52:35,364 - INFO - BOTTOM: Page 5, 1.007 inches from bottom = 683.496 pts from top (page height: 756.0 pts)
2025-08-24 21:52:35,366 - INFO - Added annotation to page 5 at (379.152, 683.496)
2025-08-24 21:52:35,366 - INFO - No column reference detected: Using center position 3.766 inches
2025-08-24 21:52:35,366 - INFO - BOTTOM: Page 8, 1.007 inches from bottom = 683.496 pts from top (page height: 756.0 pts)
2025-08-24 21:52:35,369 - INFO - Added annotation to page 8 at (271.152, 683.496)
2025-08-24 21:52:35,370 - INFO - Column 1 detected: Moving comment left 1.5 inches to 2.266 inches
2025-08-24 21:52:35,370 - INFO - BOTTOM: Page 10, 1.007 inches from bottom = 683.496 pts from top (page height: 756.0 pts)
2025-08-24 21:52:35,372 - INFO - Added annotation to page 10 at (163.152, 683.496)
2025-08-24 21:52:35,372 - INFO - Column 2 detected: Moving comment right 1.5 inches to 5.266 inches
2025-08-24 21:52:35,373 - INFO - BOTTOM: Page 10, 1.007 inches from bottom = 683.496 pts from top (page height: 756.0 pts)
2025-08-24 21:52:35,375 - INFO - Added annotation to page 10 at (379.152, 683.496)
2025-08-24 21:52:35,375 - INFO - Column 1 detected: Moving comment left 1.5 inches to 2.266 inches
2025-08-24 21:52:35,375 - INFO - BOTTOM: Page 13, 1.007 inches from bottom = 683.496 pts from top (page height: 756.0 pts)
2025-08-24 21:52:35,378 - INFO - Added annotation to page 13 at (163.152, 683.496)
2025-08-24 21:52:35,378 - INFO - Column 2 detected: Moving comment right 1.5 inches to 5.266 inches
2025-08-24 21:52:35,378 - INFO - BOTTOM: Page 13, 1.007 inches from bottom = 683.496 pts from top (page height: 756.0 pts)
2025-08-24 21:52:35,380 - INFO - Added annotation to page 13 at (379.152, 683.496)
2025-08-24 21:52:35,380 - INFO - Column 1 detected: Moving comment left 1.5 inches to 2.266 inches
2025-08-24 21:52:35,381 - INFO - BOTTOM: Page 14, 1.007 inches from bottom = 683.496 pts from top (page height: 756.0 pts)
2025-08-24 21:52:35,384 - INFO - Added annotation to page 14 at (163.152, 683.496)
2025-08-24 21:52:35,384 - INFO - Column 2 detected: Moving comment right 1.5 inches to 5.266 inches
2025-08-24 21:52:35,384 - INFO - BOTTOM: Page 14, 1.007 inches from bottom = 683.496 pts from top (page height: 756.0 pts)
2025-08-24 21:52:35,387 - INFO - Added annotation to page 14 at (379.152, 683.496)
2025-08-24 21:52:35,388 - INFO - Column 1 detected: Moving comment left 1.5 inches to 2.266 inches
2025-08-24 21:52:35,388 - INFO - BOTTOM: Page 15, 1.007 inches from bottom = 683.496 pts from top (page height: 756.0 pts)
2025-08-24 21:52:35,390 - INFO - Added annotation to page 15 at (163.152, 683.496)
2025-08-24 21:52:35,390 - INFO - Column 2 detected: Moving comment right 1.5 inches to 5.266 inches
2025-08-24 21:52:35,391 - INFO - BOTTOM: Page 15, 1.007 inches from bottom = 683.496 pts from top (page height: 756.0 pts)
2025-08-24 21:52:35,393 - INFO - Added annotation to page 15 at (379.152, 683.496)
2025-08-24 21:52:35,393 - INFO - No column reference detected: Using center position 3.766 inches
2025-08-24 21:52:35,393 - INFO - BOTTOM: Page 19, 1.007 inches from bottom = 683.496 pts from top (page height: 756.0 pts)
2025-08-24 21:52:35,396 - INFO - Added annotation to page 19 at (271.152, 683.496)
2025-08-24 21:52:35,396 - INFO - Column 1 detected: Moving comment left 1.5 inches to 2.266 inches
2025-08-24 21:52:35,396 - INFO - BOTTOM: Page 24, 1.444 inches from bottom = 652.032 pts from top (page height: 756.0 pts)
2025-08-24 21:52:35,398 - INFO - Added annotation to page 24 at (163.152, 652.032)
2025-08-24 21:52:35,399 - INFO - Column 2 detected: Moving comment right 1.5 inches to 5.266 inches
2025-08-24 21:52:35,399 - INFO - BOTTOM: Page 24, 1.444 inches from bottom = 652.032 pts from top (page height: 756.0 pts)
2025-08-24 21:52:35,402 - INFO - Added annotation to page 24 at (379.152, 652.032)
2025-08-24 21:52:35,403 - INFO - Column 1 detected: Moving comment left 1.5 inches to 2.266 inches
2025-08-24 21:52:35,403 - INFO - BOTTOM: Page 28, 1.007 inches from bottom = 683.496 pts from top (page height: 756.0 pts)
2025-08-24 21:52:35,405 - INFO - Added annotation to page 28 at (163.152, 683.496)
2025-08-24 21:52:35,405 - INFO - Column 2 detected: Moving comment right 1.5 inches to 5.266 inches
2025-08-24 21:52:35,406 - INFO - BOTTOM: Page 28, 1.007 inches from bottom = 683.496 pts from top (page height: 756.0 pts)
2025-08-24 21:52:35,408 - INFO - Added annotation to page 28 at (379.152, 683.496)
2025-08-24 21:52:35,408 - INFO - Column 1 detected: Moving comment left 1.5 inches to 2.266 inches
2025-08-24 21:52:35,408 - INFO - BOTTOM: Page 29, 1.007 inches from bottom = 683.496 pts from top (page height: 756.0 pts)
2025-08-24 21:52:35,410 - INFO - Added annotation to page 29 at (163.152, 683.496)
2025-08-24 21:52:35,411 - INFO - Column 2 detected: Moving comment right 1.5 inches to 5.266 inches
2025-08-24 21:52:35,411 - INFO - BOTTOM: Page 29, 1.007 inches from bottom = 683.496 pts from top (page height: 756.0 pts)
2025-08-24 21:52:35,413 - INFO - Added annotation to page 29 at (379.152, 683.496)
2025-08-24 21:52:35,413 - INFO - No column reference detected: Using center position 3.766 inches
2025-08-24 21:52:35,414 - INFO - BOTTOM: Page 31, 1.007 inches from bottom = 683.496 pts from top (page height: 756.0 pts)
2025-08-24 21:52:35,416 - INFO - Added annotation to page 31 at (271.152, 683.496)
2025-08-24 21:52:35,418 - INFO - Column 1 detected: Moving comment left 1.5 inches to 2.266 inches
2025-08-24 21:52:35,418 - INFO - BOTTOM: Page 32, 3.194 inches from bottom = 526.032 pts from top (page height: 756.0 pts)
2025-08-24 21:52:35,421 - INFO - Added annotation to page 32 at (163.152, 526.032)
2025-08-24 21:52:35,421 - INFO - Column 2 detected: Moving comment right 1.5 inches to 5.266 inches
2025-08-24 21:52:35,422 - INFO - BOTTOM: Page 32, 3.194 inches from bottom = 526.032 pts from top (page height: 756.0 pts)
2025-08-24 21:52:35,424 - INFO - Added annotation to page 32 at (379.152, 526.032)
2025-08-24 21:52:35,424 - INFO - Column 1 detected: Moving comment left 1.5 inches to 2.266 inches
2025-08-24 21:52:35,424 - INFO - BOTTOM: Page 34, 1.007 inches from bottom = 683.496 pts from top (page height: 756.0 pts)
2025-08-24 21:52:35,426 - INFO - Added annotation to page 34 at (163.152, 683.496)
2025-08-24 21:52:35,427 - INFO - Column 2 detected: Moving comment right 1.5 inches to 5.266 inches
2025-08-24 21:52:35,427 - INFO - BOTTOM: Page 34, 1.007 inches from bottom = 683.496 pts from top (page height: 756.0 pts)
2025-08-24 21:52:35,429 - INFO - Added annotation to page 34 at (379.152, 683.496)
2025-08-24 21:52:35,429 - INFO - No column reference detected: Using center position 3.766 inches
2025-08-24 21:52:35,430 - INFO - BOTTOM: Page 35, 5.25 inches from bottom = 378.0 pts from top (page height: 756.0 pts)
2025-08-24 21:52:35,432 - INFO - Added annotation to page 35 at (271.152, 378.0)
2025-08-24 21:52:35,433 - INFO - Column 1 detected: Moving comment left 1.5 inches to 2.266 inches
2025-08-24 21:52:35,433 - INFO - BOTTOM: Page 36, 3.34 inches from bottom = 515.52 pts from top (page height: 756.0 pts)
2025-08-24 21:52:35,437 - INFO - Added annotation to page 36 at (163.152, 515.52)
2025-08-24 21:52:35,437 - INFO - Column 2 detected: Moving comment right 1.5 inches to 5.266 inches
2025-08-24 21:52:35,437 - INFO - BOTTOM: Page 36, 3.34 inches from bottom = 515.52 pts from top (page height: 756.0 pts)
2025-08-24 21:52:35,439 - INFO - Added annotation to page 36 at (379.152, 515.52)
2025-08-24 21:52:35,440 - INFO - No column reference detected: Using center position 3.766 inches
2025-08-24 21:52:35,440 - INFO - BOTTOM: Page 36, 3.049 inches from bottom = 536.472 pts from top (page height: 756.0 pts)
2025-08-24 21:52:35,442 - INFO - Added annotation to page 36 at (271.152, 536.472)
2025-08-24 21:52:35,442 - INFO - Column 1 detected: Moving comment left 1.5 inches to 2.266 inches
2025-08-24 21:52:35,442 - INFO - BOTTOM: Page 37, 1.007 inches from bottom = 683.496 pts from top (page height: 756.0 pts)
2025-08-24 21:52:35,445 - INFO - Added annotation to page 37 at (163.152, 683.496)
2025-08-24 21:52:35,445 - INFO - Column 2 detected: Moving comment right 1.5 inches to 5.266 inches
2025-08-24 21:52:35,445 - INFO - BOTTOM: Page 37, 1.007 inches from bottom = 683.496 pts from top (page height: 756.0 pts)
2025-08-24 21:52:35,447 - INFO - Added annotation to page 37 at (379.152, 683.496)
2025-08-24 21:52:35,447 - INFO - Column 1 detected: Moving comment left 1.5 inches to 2.266 inches
2025-08-24 21:52:35,448 - INFO - BOTTOM: Page 39, 1.007 inches from bottom = 683.496 pts from top (page height: 756.0 pts)
2025-08-24 21:52:35,451 - INFO - Added annotation to page 39 at (163.152, 683.496)
2025-08-24 21:52:35,451 - INFO - Column 2 detected: Moving comment right 1.5 inches to 5.266 inches
2025-08-24 21:52:35,452 - INFO - BOTTOM: Page 39, 1.007 inches from bottom = 683.496 pts from top (page height: 756.0 pts)
2025-08-24 21:52:35,454 - INFO - Added annotation to page 39 at (379.152, 683.496)
2025-08-24 21:52:35,454 - INFO - Column 1 detected: Moving comment left 1.5 inches to 2.266 inches
2025-08-24 21:52:35,455 - INFO - TOP: Page 39, 2.802 inches from top = 201.744 pts from top
2025-08-24 21:52:35,457 - INFO - Added annotation to page 39 at (163.152, 201.744)
2025-08-24 21:52:35,457 - INFO - Column 1 detected: Moving comment left 1.5 inches to 2.266 inches
2025-08-24 21:52:35,457 - INFO - TOP: Page 39, 3.448 inches from top = 248.256 pts from top
2025-08-24 21:52:35,459 - INFO - Added annotation to page 39 at (163.152, 248.256)
2025-08-24 21:52:35,460 - INFO - Column 2 detected: Moving comment right 1.5 inches to 5.266 inches
2025-08-24 21:52:35,460 - INFO - TOP: Page 39, 2.898 inches from top = 208.656 pts from top
2025-08-24 21:52:35,462 - INFO - Added annotation to page 39 at (379.152, 208.656)
2025-08-24 21:52:35,462 - INFO - Column 2 detected: Moving comment right 1.5 inches to 5.266 inches
2025-08-24 21:52:35,463 - INFO - TOP: Page 39, 2.802 inches from top = 201.744 pts from top
2025-08-24 21:52:35,465 - INFO - Added annotation to page 39 at (379.152, 201.744)
2025-08-24 21:52:35,466 - INFO - Column 2 detected: Moving comment right 1.5 inches to 5.266 inches
2025-08-24 21:52:35,466 - INFO - TOP: Page 39, 1.801 inches from top = 129.672 pts from top
2025-08-24 21:52:35,469 - INFO - Added annotation to page 39 at (379.152, 129.672)
2025-08-24 21:52:35,470 - INFO - No column reference detected: Using center position 3.766 inches
2025-08-24 21:52:35,470 - INFO - TOP: Page 39, -1.801 inches from top = -129.672 pts from top
2025-08-24 21:52:35,470 - WARNING - Annotation Y coordinate -129.672 is above page, clamping to 0
2025-08-24 21:52:35,472 - INFO - Added annotation to page 39 at (271.152, 0)
2025-08-24 21:52:35,473 - INFO - Column 1 detected: Moving comment left 1.5 inches to 2.266 inches
2025-08-24 21:52:35,473 - INFO - BOTTOM: Page 41, 4.799 inches from bottom = 410.472 pts from top (page height: 756.0 pts)
2025-08-24 21:52:35,475 - INFO - Added annotation to page 41 at (163.152, 410.472)
2025-08-24 21:52:35,476 - INFO - Column 2 detected: Moving comment right 1.5 inches to 5.266 inches
2025-08-24 21:52:35,476 - INFO - BOTTOM: Page 41, 4.799 inches from bottom = 410.472 pts from top (page height: 756.0 pts)
2025-08-24 21:52:35,478 - INFO - Added annotation to page 41 at (379.152, 410.472)
2025-08-24 21:52:35,478 - INFO - No column reference detected: Using center position 3.766 inches
2025-08-24 21:52:35,479 - INFO - BOTTOM: Page 41, 4.507 inches from bottom = 431.49600000000004 pts from top (page height: 756.0 pts)
2025-08-24 21:52:35,481 - INFO - Added annotation to page 41 at (271.152, 431.49600000000004)
2025-08-24 21:52:35,481 - INFO - Column 1 detected: Moving comment left 1.5 inches to 2.266 inches
2025-08-24 21:52:35,481 - INFO - BOTTOM: Page 42, 1.007 inches from bottom = 683.496 pts from top (page height: 756.0 pts)
2025-08-24 21:52:35,484 - INFO - Added annotation to page 42 at (163.152, 683.496)
2025-08-24 21:52:35,485 - INFO - Column 2 detected: Moving comment right 1.5 inches to 5.266 inches
2025-08-24 21:52:35,485 - INFO - BOTTOM: Page 42, 1.007 inches from bottom = 683.496 pts from top (page height: 756.0 pts)
2025-08-24 21:52:35,488 - INFO - Added annotation to page 42 at (379.152, 683.496)
2025-08-24 21:52:35,488 - INFO - Column 1 detected: Moving comment left 1.5 inches to 2.266 inches
2025-08-24 21:52:35,488 - INFO - BOTTOM: Page 43, 1.007 inches from bottom = 683.496 pts from top (page height: 756.0 pts)
2025-08-24 21:52:35,490 - INFO - Added annotation to page 43 at (163.152, 683.496)
2025-08-24 21:52:35,491 - INFO - Column 2 detected: Moving comment right 1.5 inches to 5.266 inches
2025-08-24 21:52:35,491 - INFO - BOTTOM: Page 43, 1.007 inches from bottom = 683.496 pts from top (page height: 756.0 pts)
2025-08-24 21:52:35,493 - INFO - Added annotation to page 43 at (379.152, 683.496)
2025-08-24 21:52:35,493 - INFO - No column reference detected: Using center position 3.766 inches
2025-08-24 21:52:35,493 - INFO - BOTTOM: Page 44, 1.007 inches from bottom = 683.496 pts from top (page height: 756.0 pts)
2025-08-24 21:52:35,497 - INFO - Added annotation to page 44 at (271.152, 683.496)
2025-08-24 21:52:35,498 - INFO - Column 1 detected: Moving comment left 1.5 inches to 2.266 inches
2025-08-24 21:52:35,498 - INFO - BOTTOM: Page 48, 1.007 inches from bottom = 683.496 pts from top (page height: 756.0 pts)
2025-08-24 21:52:35,501 - INFO - Added annotation to page 48 at (163.152, 683.496)
2025-08-24 21:52:35,502 - INFO - Column 2 detected: Moving comment right 1.5 inches to 5.266 inches
2025-08-24 21:52:35,502 - INFO - BOTTOM: Page 48, 1.007 inches from bottom = 683.496 pts from top (page height: 756.0 pts)
2025-08-24 21:52:35,504 - INFO - Added annotation to page 48 at (379.152, 683.496)
2025-08-24 21:52:35,505 - INFO - Column 1 detected: Moving comment left 1.5 inches to 2.266 inches
2025-08-24 21:52:35,505 - INFO - BOTTOM: Page 49, 1.007 inches from bottom = 683.496 pts from top (page height: 756.0 pts)
2025-08-24 21:52:35,507 - INFO - Added annotation to page 49 at (163.152, 683.496)
2025-08-24 21:52:35,508 - INFO - Column 2 detected: Moving comment right 1.5 inches to 5.266 inches
2025-08-24 21:52:35,508 - INFO - BOTTOM: Page 49, 1.007 inches from bottom = 683.496 pts from top (page height: 756.0 pts)
2025-08-24 21:52:35,510 - INFO - Added annotation to page 49 at (379.152, 683.496)
2025-08-24 21:52:35,511 - INFO - Column 1 detected: Moving comment left 1.5 inches to 2.266 inches
2025-08-24 21:52:35,511 - INFO - BOTTOM: Page 52, 2.757 inches from bottom = 557.496 pts from top (page height: 756.0 pts)
2025-08-24 21:52:35,513 - INFO - Added annotation to page 52 at (163.152, 557.496)
2025-08-24 21:52:35,513 - INFO - Column 2 detected: Moving comment right 1.5 inches to 5.266 inches
2025-08-24 21:52:35,514 - INFO - BOTTOM: Page 52, 2.757 inches from bottom = 557.496 pts from top (page height: 756.0 pts)
2025-08-24 21:52:35,516 - INFO - Added annotation to page 52 at (379.152, 557.496)
2025-08-24 21:52:35,517 - INFO - Saving annotated PDF to: 02-Exodus_annotated.pdf
2025-08-24 21:52:35,567 - INFO - PDF saved successfully
2025-08-24 21:52:35,567 - INFO - === 02-Exodus Complete: 55 annotations added ===
2025-08-24 21:52:35,568 - INFO - === BATCH PROCESSING COMPLETE ===
2025-08-24 21:52:35,568 - INFO - Successfully processed: 1
2025-08-24 21:52:35,569 - INFO - Failed: 0
