2025-08-24 20:14:17,500 - INFO - === PDF Margin Annotator Started ===
2025-08-24 20:14:17,501 - INFO - Log file: logs/pdf_margin_annotator_20250824_201417.log
2025-08-24 20:14:17,502 - INFO - Loading reference values from: margin_baseline_reference.txt
2025-08-24 20:14:17,503 - INFO - Successfully loaded 20 reference values
2025-08-24 20:14:17,505 - INFO - Found pair: 02-Exodus.pdf + 02-Exodus.xlsx -> 02-Exodus_annotated.pdf
2025-08-24 20:14:17,506 - WARNING - PDF found but no matching Excel file: 02-Exodus_annotated.pdf (looking for 02-Exodus_annotated.xlsx)
2025-08-24 20:14:17,507 - INFO - Found 1 file pair(s) to process
2025-08-24 20:14:17,509 - INFO - === Processing 02-Exodus ===
2025-08-24 20:14:17,509 - INFO - Excel: 02-Exodus.xlsx
2025-08-24 20:14:17,510 - INFO - PDF: 02-Exodus.pdf
2025-08-24 20:14:17,510 - INFO - Output: 02-Exodus_annotated.pdf
2025-08-24 20:14:17,511 - INFO - Using center point: 3.766 inches
2025-08-24 20:14:17,511 - INFO - Using page height: 9.25 inches
2025-08-24 20:14:17,511 - INFO - Loading Excel file: 02-Exodus.xlsx
2025-08-24 20:14:17,554 - INFO - Excel file loaded successfully
2025-08-24 20:14:17,556 - INFO - Found RED cell: Page 1, Column 'Running Head Baseline (in)', Value: 7.16
2025-08-24 20:14:17,557 - INFO - Added annotation #1: RED Running Head Baseline (in). Text is 7.16 inches from the top. Normally text is 1.129
2025-08-24 20:14:17,559 - INFO - Found YELLOW cell: Page 3, Column 'Bottom Scripture Baseline Column 1 (in)', Value: 1.444
2025-08-24 20:14:17,559 - WARNING - No mapping found for column 'Bottom Scripture Baseline Column 1 (in)'
2025-08-24 20:14:17,560 - WARNING - No reference value found for 'Bottom Scripture Baseline Column 1 (in)' on Right pages, creating annotation without reference
2025-08-24 20:14:17,561 - INFO - Added annotation #2: YELLOW Bottom Scripture Baseline Column 1 (in). Text is 1.444 inches from the bottom. No reference available
2025-08-24 20:14:17,562 - INFO - Found YELLOW cell: Page 3, Column 'Bottom Scripture Baseline Column 2 (in)', Value: 1.444
2025-08-24 20:14:17,562 - WARNING - No mapping found for column 'Bottom Scripture Baseline Column 2 (in)'
2025-08-24 20:14:17,563 - WARNING - No reference value found for 'Bottom Scripture Baseline Column 2 (in)' on Right pages, creating annotation without reference
2025-08-24 20:14:17,563 - INFO - Added annotation #3: YELLOW Bottom Scripture Baseline Column 2 (in). Text is 1.444 inches from the bottom. No reference available
2025-08-24 20:14:17,564 - INFO - Found YELLOW cell: Page 3, Column 'Footnote Baseline (in)', Value: 1.011
2025-08-24 20:14:17,564 - INFO - Added annotation #4: YELLOW Footnote Baseline (in). Text is 1.011 inches from the bottom. Normally text is 0.997
2025-08-24 20:14:17,565 - INFO - Found YELLOW cell: Page 5, Column 'Bottom Scripture Baseline Column 1 (in)', Value: 1.007
2025-08-24 20:14:17,565 - WARNING - No mapping found for column 'Bottom Scripture Baseline Column 1 (in)'
2025-08-24 20:14:17,566 - WARNING - No reference value found for 'Bottom Scripture Baseline Column 1 (in)' on Right pages, creating annotation without reference
2025-08-24 20:14:17,566 - INFO - Added annotation #5: YELLOW Bottom Scripture Baseline Column 1 (in). Text is 1.007 inches from the bottom. No reference available
2025-08-24 20:14:17,566 - INFO - Found YELLOW cell: Page 5, Column 'Bottom Scripture Baseline Column 2 (in)', Value: 1.007
2025-08-24 20:14:17,567 - WARNING - No mapping found for column 'Bottom Scripture Baseline Column 2 (in)'
2025-08-24 20:14:17,567 - WARNING - No reference value found for 'Bottom Scripture Baseline Column 2 (in)' on Right pages, creating annotation without reference
2025-08-24 20:14:17,568 - INFO - Added annotation #6: YELLOW Bottom Scripture Baseline Column 2 (in). Text is 1.007 inches from the bottom. No reference available
2025-08-24 20:14:17,569 - INFO - Found YELLOW cell: Page 8, Column 'Footnote Baseline (in)', Value: 1.007
2025-08-24 20:14:17,569 - INFO - Added annotation #7: YELLOW Footnote Baseline (in). Text is 1.007 inches from the bottom. Normally text is 0.997
2025-08-24 20:14:17,570 - INFO - Found YELLOW cell: Page 10, Column 'Bottom Scripture Baseline Column 1 (in)', Value: 1.007
2025-08-24 20:14:17,571 - WARNING - No mapping found for column 'Bottom Scripture Baseline Column 1 (in)'
2025-08-24 20:14:17,571 - WARNING - No reference value found for 'Bottom Scripture Baseline Column 1 (in)' on Left pages, creating annotation without reference
2025-08-24 20:14:17,571 - INFO - Added annotation #8: YELLOW Bottom Scripture Baseline Column 1 (in). Text is 1.007 inches from the bottom. No reference available
2025-08-24 20:14:17,571 - INFO - Found YELLOW cell: Page 10, Column 'Bottom Scripture Baseline Column 2 (in)', Value: 1.007
2025-08-24 20:14:17,572 - WARNING - No mapping found for column 'Bottom Scripture Baseline Column 2 (in)'
2025-08-24 20:14:17,572 - WARNING - No reference value found for 'Bottom Scripture Baseline Column 2 (in)' on Left pages, creating annotation without reference
2025-08-24 20:14:17,573 - INFO - Added annotation #9: YELLOW Bottom Scripture Baseline Column 2 (in). Text is 1.007 inches from the bottom. No reference available
2025-08-24 20:14:17,574 - INFO - Found YELLOW cell: Page 13, Column 'Bottom Scripture Baseline Column 1 (in)', Value: 1.007
2025-08-24 20:14:17,574 - WARNING - No mapping found for column 'Bottom Scripture Baseline Column 1 (in)'
2025-08-24 20:14:17,574 - WARNING - No reference value found for 'Bottom Scripture Baseline Column 1 (in)' on Right pages, creating annotation without reference
2025-08-24 20:14:17,575 - INFO - Added annotation #10: YELLOW Bottom Scripture Baseline Column 1 (in). Text is 1.007 inches from the bottom. No reference available
2025-08-24 20:14:17,575 - INFO - Found YELLOW cell: Page 13, Column 'Bottom Scripture Baseline Column 2 (in)', Value: 1.007
2025-08-24 20:14:17,575 - WARNING - No mapping found for column 'Bottom Scripture Baseline Column 2 (in)'
2025-08-24 20:14:17,575 - WARNING - No reference value found for 'Bottom Scripture Baseline Column 2 (in)' on Right pages, creating annotation without reference
2025-08-24 20:14:17,576 - INFO - Added annotation #11: YELLOW Bottom Scripture Baseline Column 2 (in). Text is 1.007 inches from the bottom. No reference available
2025-08-24 20:14:17,576 - INFO - Found YELLOW cell: Page 14, Column 'Bottom Scripture Baseline Column 1 (in)', Value: 1.007
2025-08-24 20:14:17,576 - WARNING - No mapping found for column 'Bottom Scripture Baseline Column 1 (in)'
2025-08-24 20:14:17,577 - WARNING - No reference value found for 'Bottom Scripture Baseline Column 1 (in)' on Left pages, creating annotation without reference
2025-08-24 20:14:17,577 - INFO - Added annotation #12: YELLOW Bottom Scripture Baseline Column 1 (in). Text is 1.007 inches from the bottom. No reference available
2025-08-24 20:14:17,577 - INFO - Found YELLOW cell: Page 14, Column 'Bottom Scripture Baseline Column 2 (in)', Value: 1.007
2025-08-24 20:14:17,578 - WARNING - No mapping found for column 'Bottom Scripture Baseline Column 2 (in)'
2025-08-24 20:14:17,578 - WARNING - No reference value found for 'Bottom Scripture Baseline Column 2 (in)' on Left pages, creating annotation without reference
2025-08-24 20:14:17,578 - INFO - Added annotation #13: YELLOW Bottom Scripture Baseline Column 2 (in). Text is 1.007 inches from the bottom. No reference available
2025-08-24 20:14:17,579 - INFO - Found YELLOW cell: Page 15, Column 'Bottom Scripture Baseline Column 1 (in)', Value: 1.007
2025-08-24 20:14:17,579 - WARNING - No mapping found for column 'Bottom Scripture Baseline Column 1 (in)'
2025-08-24 20:14:17,579 - WARNING - No reference value found for 'Bottom Scripture Baseline Column 1 (in)' on Right pages, creating annotation without reference
2025-08-24 20:14:17,580 - INFO - Added annotation #14: YELLOW Bottom Scripture Baseline Column 1 (in). Text is 1.007 inches from the bottom. No reference available
2025-08-24 20:14:17,580 - INFO - Found YELLOW cell: Page 15, Column 'Bottom Scripture Baseline Column 2 (in)', Value: 1.007
2025-08-24 20:14:17,580 - WARNING - No mapping found for column 'Bottom Scripture Baseline Column 2 (in)'
2025-08-24 20:14:17,581 - WARNING - No reference value found for 'Bottom Scripture Baseline Column 2 (in)' on Right pages, creating annotation without reference
2025-08-24 20:14:17,581 - INFO - Added annotation #15: YELLOW Bottom Scripture Baseline Column 2 (in). Text is 1.007 inches from the bottom. No reference available
2025-08-24 20:14:17,582 - INFO - Found YELLOW cell: Page 19, Column 'Footnote Baseline (in)', Value: 1.007
2025-08-24 20:14:17,582 - INFO - Added annotation #16: YELLOW Footnote Baseline (in). Text is 1.007 inches from the bottom. Normally text is 0.997
2025-08-24 20:14:17,583 - INFO - Found YELLOW cell: Page 24, Column 'Bottom Scripture Baseline Column 1 (in)', Value: 1.444
2025-08-24 20:14:17,583 - WARNING - No mapping found for column 'Bottom Scripture Baseline Column 1 (in)'
2025-08-24 20:14:17,583 - WARNING - No reference value found for 'Bottom Scripture Baseline Column 1 (in)' on Left pages, creating annotation without reference
2025-08-24 20:14:17,584 - INFO - Added annotation #17: YELLOW Bottom Scripture Baseline Column 1 (in). Text is 1.444 inches from the bottom. No reference available
2025-08-24 20:14:17,584 - INFO - Found YELLOW cell: Page 24, Column 'Bottom Scripture Baseline Column 2 (in)', Value: 1.444
2025-08-24 20:14:17,584 - WARNING - No mapping found for column 'Bottom Scripture Baseline Column 2 (in)'
2025-08-24 20:14:17,584 - WARNING - No reference value found for 'Bottom Scripture Baseline Column 2 (in)' on Left pages, creating annotation without reference
2025-08-24 20:14:17,585 - INFO - Added annotation #18: YELLOW Bottom Scripture Baseline Column 2 (in). Text is 1.444 inches from the bottom. No reference available
2025-08-24 20:14:17,585 - INFO - Found YELLOW cell: Page 28, Column 'Bottom Scripture Baseline Column 1 (in)', Value: 1.007
2025-08-24 20:14:17,586 - WARNING - No mapping found for column 'Bottom Scripture Baseline Column 1 (in)'
2025-08-24 20:14:17,586 - WARNING - No reference value found for 'Bottom Scripture Baseline Column 1 (in)' on Left pages, creating annotation without reference
2025-08-24 20:14:17,586 - INFO - Added annotation #19: YELLOW Bottom Scripture Baseline Column 1 (in). Text is 1.007 inches from the bottom. No reference available
2025-08-24 20:14:17,586 - INFO - Found YELLOW cell: Page 28, Column 'Bottom Scripture Baseline Column 2 (in)', Value: 1.007
2025-08-24 20:14:17,587 - WARNING - No mapping found for column 'Bottom Scripture Baseline Column 2 (in)'
2025-08-24 20:14:17,587 - WARNING - No reference value found for 'Bottom Scripture Baseline Column 2 (in)' on Left pages, creating annotation without reference
2025-08-24 20:14:17,587 - INFO - Added annotation #20: YELLOW Bottom Scripture Baseline Column 2 (in). Text is 1.007 inches from the bottom. No reference available
2025-08-24 20:14:17,587 - INFO - Found YELLOW cell: Page 29, Column 'Bottom Scripture Baseline Column 1 (in)', Value: 1.007
2025-08-24 20:14:17,588 - WARNING - No mapping found for column 'Bottom Scripture Baseline Column 1 (in)'
2025-08-24 20:14:17,588 - WARNING - No reference value found for 'Bottom Scripture Baseline Column 1 (in)' on Right pages, creating annotation without reference
2025-08-24 20:14:17,588 - INFO - Added annotation #21: YELLOW Bottom Scripture Baseline Column 1 (in). Text is 1.007 inches from the bottom. No reference available
2025-08-24 20:14:17,588 - INFO - Found YELLOW cell: Page 29, Column 'Bottom Scripture Baseline Column 2 (in)', Value: 1.007
2025-08-24 20:14:17,588 - WARNING - No mapping found for column 'Bottom Scripture Baseline Column 2 (in)'
2025-08-24 20:14:17,589 - WARNING - No reference value found for 'Bottom Scripture Baseline Column 2 (in)' on Right pages, creating annotation without reference
2025-08-24 20:14:17,589 - INFO - Added annotation #22: YELLOW Bottom Scripture Baseline Column 2 (in). Text is 1.007 inches from the bottom. No reference available
2025-08-24 20:14:17,589 - INFO - Found YELLOW cell: Page 31, Column 'Footnote Baseline (in)', Value: 1.007
2025-08-24 20:14:17,590 - INFO - Added annotation #23: YELLOW Footnote Baseline (in). Text is 1.007 inches from the bottom. Normally text is 0.997
2025-08-24 20:14:17,590 - INFO - Found YELLOW cell: Page 32, Column 'Bottom Scripture Baseline Column 1 (in)', Value: 3.194
2025-08-24 20:14:17,590 - WARNING - No mapping found for column 'Bottom Scripture Baseline Column 1 (in)'
2025-08-24 20:14:17,591 - WARNING - No reference value found for 'Bottom Scripture Baseline Column 1 (in)' on Left pages, creating annotation without reference
2025-08-24 20:14:17,591 - INFO - Added annotation #24: YELLOW Bottom Scripture Baseline Column 1 (in). Text is 3.194 inches from the bottom. No reference available
2025-08-24 20:14:17,591 - INFO - Found YELLOW cell: Page 32, Column 'Bottom Scripture Baseline Column 2 (in)', Value: 3.194
2025-08-24 20:14:17,591 - WARNING - No mapping found for column 'Bottom Scripture Baseline Column 2 (in)'
2025-08-24 20:14:17,592 - WARNING - No reference value found for 'Bottom Scripture Baseline Column 2 (in)' on Left pages, creating annotation without reference
2025-08-24 20:14:17,592 - INFO - Added annotation #25: YELLOW Bottom Scripture Baseline Column 2 (in). Text is 3.194 inches from the bottom. No reference available
2025-08-24 20:14:17,593 - INFO - Found YELLOW cell: Page 34, Column 'Bottom Scripture Baseline Column 1 (in)', Value: 1.007
2025-08-24 20:14:17,593 - WARNING - No mapping found for column 'Bottom Scripture Baseline Column 1 (in)'
2025-08-24 20:14:17,593 - WARNING - No reference value found for 'Bottom Scripture Baseline Column 1 (in)' on Left pages, creating annotation without reference
2025-08-24 20:14:17,593 - INFO - Added annotation #26: YELLOW Bottom Scripture Baseline Column 1 (in). Text is 1.007 inches from the bottom. No reference available
2025-08-24 20:14:17,594 - INFO - Found YELLOW cell: Page 34, Column 'Bottom Scripture Baseline Column 2 (in)', Value: 1.007
2025-08-24 20:14:17,594 - WARNING - No mapping found for column 'Bottom Scripture Baseline Column 2 (in)'
2025-08-24 20:14:17,594 - WARNING - No reference value found for 'Bottom Scripture Baseline Column 2 (in)' on Left pages, creating annotation without reference
2025-08-24 20:14:17,594 - INFO - Added annotation #27: YELLOW Bottom Scripture Baseline Column 2 (in). Text is 1.007 inches from the bottom. No reference available
2025-08-24 20:14:17,595 - INFO - Found RED cell: Page 35, Column 'Footnote Baseline (in)', Value: 5.25
2025-08-24 20:14:17,595 - INFO - Added annotation #28: RED Footnote Baseline (in). Text is 5.25 inches from the bottom. Normally text is 0.997
2025-08-24 20:14:17,596 - INFO - Found YELLOW cell: Page 36, Column 'Bottom Scripture Baseline Column 1 (in)', Value: 3.34
2025-08-24 20:14:17,596 - WARNING - No mapping found for column 'Bottom Scripture Baseline Column 1 (in)'
2025-08-24 20:14:17,596 - WARNING - No reference value found for 'Bottom Scripture Baseline Column 1 (in)' on Left pages, creating annotation without reference
2025-08-24 20:14:17,596 - INFO - Added annotation #29: YELLOW Bottom Scripture Baseline Column 1 (in). Text is 3.34 inches from the bottom. No reference available
2025-08-24 20:14:17,596 - INFO - Found YELLOW cell: Page 36, Column 'Bottom Scripture Baseline Column 2 (in)', Value: 3.34
2025-08-24 20:14:17,596 - WARNING - No mapping found for column 'Bottom Scripture Baseline Column 2 (in)'
2025-08-24 20:14:17,597 - WARNING - No reference value found for 'Bottom Scripture Baseline Column 2 (in)' on Left pages, creating annotation without reference
2025-08-24 20:14:17,597 - INFO - Added annotation #30: YELLOW Bottom Scripture Baseline Column 2 (in). Text is 3.34 inches from the bottom. No reference available
2025-08-24 20:14:17,597 - INFO - Found RED cell: Page 36, Column 'Footnote Baseline (in)', Value: 3.049
2025-08-24 20:14:17,597 - INFO - Added annotation #31: RED Footnote Baseline (in). Text is 3.049 inches from the bottom. Normally text is 0.997
2025-08-24 20:14:17,598 - INFO - Found YELLOW cell: Page 37, Column 'Bottom Scripture Baseline Column 1 (in)', Value: 1.007
2025-08-24 20:14:17,598 - WARNING - No mapping found for column 'Bottom Scripture Baseline Column 1 (in)'
2025-08-24 20:14:17,598 - WARNING - No reference value found for 'Bottom Scripture Baseline Column 1 (in)' on Right pages, creating annotation without reference
2025-08-24 20:14:17,599 - INFO - Added annotation #32: YELLOW Bottom Scripture Baseline Column 1 (in). Text is 1.007 inches from the bottom. No reference available
2025-08-24 20:14:17,599 - INFO - Found YELLOW cell: Page 37, Column 'Bottom Scripture Baseline Column 2 (in)', Value: 1.007
2025-08-24 20:14:17,599 - WARNING - No mapping found for column 'Bottom Scripture Baseline Column 2 (in)'
2025-08-24 20:14:17,599 - WARNING - No reference value found for 'Bottom Scripture Baseline Column 2 (in)' on Right pages, creating annotation without reference
2025-08-24 20:14:17,599 - INFO - Added annotation #33: YELLOW Bottom Scripture Baseline Column 2 (in). Text is 1.007 inches from the bottom. No reference available
2025-08-24 20:14:17,600 - INFO - Found YELLOW cell: Page 39, Column 'Bottom Scripture Baseline Column 1 (in)', Value: 1.007
2025-08-24 20:14:17,600 - WARNING - No mapping found for column 'Bottom Scripture Baseline Column 1 (in)'
2025-08-24 20:14:17,601 - WARNING - No reference value found for 'Bottom Scripture Baseline Column 1 (in)' on Right pages, creating annotation without reference
2025-08-24 20:14:17,601 - INFO - Added annotation #34: YELLOW Bottom Scripture Baseline Column 1 (in). Text is 1.007 inches from the bottom. No reference available
2025-08-24 20:14:17,601 - INFO - Found YELLOW cell: Page 39, Column 'Bottom Scripture Baseline Column 2 (in)', Value: 1.007
2025-08-24 20:14:17,602 - WARNING - No mapping found for column 'Bottom Scripture Baseline Column 2 (in)'
2025-08-24 20:14:17,602 - WARNING - No reference value found for 'Bottom Scripture Baseline Column 2 (in)' on Right pages, creating annotation without reference
2025-08-24 20:14:17,602 - INFO - Added annotation #35: YELLOW Bottom Scripture Baseline Column 2 (in). Text is 1.007 inches from the bottom. No reference available
2025-08-24 20:14:17,603 - INFO - Found RED cell: Page 39, Column 'Column 1 Right Edge (in)', Value: 2.802
2025-08-24 20:14:17,603 - INFO - Added annotation #36: RED Column 1 Right Edge (in). Text is 2.802 inches from the side. Normally text is 3.725
2025-08-24 20:14:17,603 - INFO - Found RED cell: Page 39, Column 'Column 1 Max Width (in)', Value: 3.448
2025-08-24 20:14:17,604 - INFO - Added annotation #37: RED Column 1 Max Width (in). Text is 3.448 inches from the side. Normally text is 2.525
2025-08-24 20:14:17,604 - INFO - Found RED cell: Page 39, Column 'Column 2 Left Edge (in)', Value: 2.898
2025-08-24 20:14:17,604 - INFO - Added annotation #38: RED Column 2 Left Edge (in). Text is 2.898 inches from the side. Normally text is 3.882
2025-08-24 20:14:17,604 - INFO - Found RED cell: Page 39, Column 'Column 2 Right Edge (in)', Value: 2.802
2025-08-24 20:14:17,604 - INFO - Added annotation #39: RED Column 2 Right Edge (in). Text is 2.802 inches from the side. Normally text is 1.093
2025-08-24 20:14:17,605 - INFO - Found RED cell: Page 39, Column 'Column 2 Max Width (in)', Value: 1.801
2025-08-24 20:14:17,605 - INFO - Added annotation #40: RED Column 2 Max Width (in). Text is 1.801 inches from the side. Normally text is 2.525
2025-08-24 20:14:17,605 - INFO - Found RED cell: Page 39, Column 'Column Gap Width (in)', Value: -1.801
2025-08-24 20:14:17,605 - INFO - Added annotation #41: RED Column Gap Width (in). Text is -1.801 inches from the side. Normally text is 0.107
2025-08-24 20:14:17,606 - INFO - Found YELLOW cell: Page 41, Column 'Bottom Scripture Baseline Column 1 (in)', Value: 4.799
2025-08-24 20:14:17,606 - WARNING - No mapping found for column 'Bottom Scripture Baseline Column 1 (in)'
2025-08-24 20:14:17,606 - WARNING - No reference value found for 'Bottom Scripture Baseline Column 1 (in)' on Right pages, creating annotation without reference
2025-08-24 20:14:17,606 - INFO - Added annotation #42: YELLOW Bottom Scripture Baseline Column 1 (in). Text is 4.799 inches from the bottom. No reference available
2025-08-24 20:14:17,606 - INFO - Found YELLOW cell: Page 41, Column 'Bottom Scripture Baseline Column 2 (in)', Value: 4.799
2025-08-24 20:14:17,607 - WARNING - No mapping found for column 'Bottom Scripture Baseline Column 2 (in)'
2025-08-24 20:14:17,607 - WARNING - No reference value found for 'Bottom Scripture Baseline Column 2 (in)' on Right pages, creating annotation without reference
2025-08-24 20:14:17,607 - INFO - Added annotation #43: YELLOW Bottom Scripture Baseline Column 2 (in). Text is 4.799 inches from the bottom. No reference available
2025-08-24 20:14:17,608 - INFO - Found RED cell: Page 41, Column 'Footnote Baseline (in)', Value: 4.507
2025-08-24 20:14:17,608 - INFO - Added annotation #44: RED Footnote Baseline (in). Text is 4.507 inches from the bottom. Normally text is 0.997
2025-08-24 20:14:17,608 - INFO - Found YELLOW cell: Page 42, Column 'Bottom Scripture Baseline Column 1 (in)', Value: 1.007
2025-08-24 20:14:17,609 - WARNING - No mapping found for column 'Bottom Scripture Baseline Column 1 (in)'
2025-08-24 20:14:17,609 - WARNING - No reference value found for 'Bottom Scripture Baseline Column 1 (in)' on Left pages, creating annotation without reference
2025-08-24 20:14:17,609 - INFO - Added annotation #45: YELLOW Bottom Scripture Baseline Column 1 (in). Text is 1.007 inches from the bottom. No reference available
2025-08-24 20:14:17,609 - INFO - Found YELLOW cell: Page 42, Column 'Bottom Scripture Baseline Column 2 (in)', Value: 1.007
2025-08-24 20:14:17,609 - WARNING - No mapping found for column 'Bottom Scripture Baseline Column 2 (in)'
2025-08-24 20:14:17,610 - WARNING - No reference value found for 'Bottom Scripture Baseline Column 2 (in)' on Left pages, creating annotation without reference
2025-08-24 20:14:17,610 - INFO - Added annotation #46: YELLOW Bottom Scripture Baseline Column 2 (in). Text is 1.007 inches from the bottom. No reference available
2025-08-24 20:14:17,610 - INFO - Found YELLOW cell: Page 43, Column 'Bottom Scripture Baseline Column 1 (in)', Value: 1.007
2025-08-24 20:14:17,611 - WARNING - No mapping found for column 'Bottom Scripture Baseline Column 1 (in)'
2025-08-24 20:14:17,611 - WARNING - No reference value found for 'Bottom Scripture Baseline Column 1 (in)' on Right pages, creating annotation without reference
2025-08-24 20:14:17,611 - INFO - Added annotation #47: YELLOW Bottom Scripture Baseline Column 1 (in). Text is 1.007 inches from the bottom. No reference available
2025-08-24 20:14:17,611 - INFO - Found YELLOW cell: Page 43, Column 'Bottom Scripture Baseline Column 2 (in)', Value: 1.007
2025-08-24 20:14:17,612 - WARNING - No mapping found for column 'Bottom Scripture Baseline Column 2 (in)'
2025-08-24 20:14:17,612 - WARNING - No reference value found for 'Bottom Scripture Baseline Column 2 (in)' on Right pages, creating annotation without reference
2025-08-24 20:14:17,612 - INFO - Added annotation #48: YELLOW Bottom Scripture Baseline Column 2 (in). Text is 1.007 inches from the bottom. No reference available
2025-08-24 20:14:17,612 - INFO - Found YELLOW cell: Page 44, Column 'Footnote Baseline (in)', Value: 1.007
2025-08-24 20:14:17,613 - INFO - Added annotation #49: YELLOW Footnote Baseline (in). Text is 1.007 inches from the bottom. Normally text is 0.997
2025-08-24 20:14:17,613 - INFO - Found YELLOW cell: Page 48, Column 'Bottom Scripture Baseline Column 1 (in)', Value: 1.007
2025-08-24 20:14:17,613 - WARNING - No mapping found for column 'Bottom Scripture Baseline Column 1 (in)'
2025-08-24 20:14:17,613 - WARNING - No reference value found for 'Bottom Scripture Baseline Column 1 (in)' on Left pages, creating annotation without reference
2025-08-24 20:14:17,613 - INFO - Added annotation #50: YELLOW Bottom Scripture Baseline Column 1 (in). Text is 1.007 inches from the bottom. No reference available
2025-08-24 20:14:17,614 - INFO - Found YELLOW cell: Page 48, Column 'Bottom Scripture Baseline Column 2 (in)', Value: 1.007
2025-08-24 20:14:17,614 - WARNING - No mapping found for column 'Bottom Scripture Baseline Column 2 (in)'
2025-08-24 20:14:17,614 - WARNING - No reference value found for 'Bottom Scripture Baseline Column 2 (in)' on Left pages, creating annotation without reference
2025-08-24 20:14:17,614 - INFO - Added annotation #51: YELLOW Bottom Scripture Baseline Column 2 (in). Text is 1.007 inches from the bottom. No reference available
2025-08-24 20:14:17,614 - INFO - Found YELLOW cell: Page 49, Column 'Bottom Scripture Baseline Column 1 (in)', Value: 1.007
2025-08-24 20:14:17,614 - WARNING - No mapping found for column 'Bottom Scripture Baseline Column 1 (in)'
2025-08-24 20:14:17,615 - WARNING - No reference value found for 'Bottom Scripture Baseline Column 1 (in)' on Right pages, creating annotation without reference
2025-08-24 20:14:17,615 - INFO - Added annotation #52: YELLOW Bottom Scripture Baseline Column 1 (in). Text is 1.007 inches from the bottom. No reference available
2025-08-24 20:14:17,615 - INFO - Found YELLOW cell: Page 49, Column 'Bottom Scripture Baseline Column 2 (in)', Value: 1.007
2025-08-24 20:14:17,615 - WARNING - No mapping found for column 'Bottom Scripture Baseline Column 2 (in)'
2025-08-24 20:14:17,615 - WARNING - No reference value found for 'Bottom Scripture Baseline Column 2 (in)' on Right pages, creating annotation without reference
2025-08-24 20:14:17,616 - INFO - Added annotation #53: YELLOW Bottom Scripture Baseline Column 2 (in). Text is 1.007 inches from the bottom. No reference available
2025-08-24 20:14:17,616 - INFO - Found YELLOW cell: Page 52, Column 'Bottom Scripture Baseline Column 1 (in)', Value: 2.757
2025-08-24 20:14:17,616 - WARNING - No mapping found for column 'Bottom Scripture Baseline Column 1 (in)'
2025-08-24 20:14:17,616 - WARNING - No reference value found for 'Bottom Scripture Baseline Column 1 (in)' on Left pages, creating annotation without reference
2025-08-24 20:14:17,616 - INFO - Added annotation #54: YELLOW Bottom Scripture Baseline Column 1 (in). Text is 2.757 inches from the bottom. No reference available
2025-08-24 20:14:17,617 - INFO - Found YELLOW cell: Page 52, Column 'Bottom Scripture Baseline Column 2 (in)', Value: 2.757
2025-08-24 20:14:17,617 - WARNING - No mapping found for column 'Bottom Scripture Baseline Column 2 (in)'
2025-08-24 20:14:17,617 - WARNING - No reference value found for 'Bottom Scripture Baseline Column 2 (in)' on Left pages, creating annotation without reference
2025-08-24 20:14:17,617 - INFO - Added annotation #55: YELLOW Bottom Scripture Baseline Column 2 (in). Text is 2.757 inches from the bottom. No reference available
2025-08-24 20:14:17,617 - INFO - Total annotations prepared for 02-Exodus: 55
2025-08-24 20:14:17,618 - INFO - Opening PDF file: 02-Exodus.pdf
2025-08-24 20:14:17,630 - INFO - PDF opened successfully. Pages: 52
2025-08-24 20:14:17,634 - INFO - No column reference detected: Using center position 3.766 inches
2025-08-24 20:14:17,635 - INFO - TOP: Page 1, 7.16 inches from top = 515.52 pts from top
2025-08-24 20:14:17,647 - INFO - Added annotation to page 1 at (271.152, 515.52)
2025-08-24 20:14:17,648 - INFO - Column 1 detected: Moving comment left 1.5 inches to 2.266 inches
2025-08-24 20:14:17,648 - INFO - BOTTOM: Page 3, 1.444 inches from bottom = 652.032 pts from top (page height: 756.0 pts)
2025-08-24 20:14:17,651 - INFO - Added annotation to page 3 at (163.152, 652.032)
2025-08-24 20:14:17,652 - INFO - Column 2 detected: Moving comment right 1.5 inches to 5.266 inches
2025-08-24 20:14:17,652 - INFO - BOTTOM: Page 3, 1.444 inches from bottom = 652.032 pts from top (page height: 756.0 pts)
2025-08-24 20:14:17,655 - INFO - Added annotation to page 3 at (379.152, 652.032)
2025-08-24 20:14:17,655 - INFO - No column reference detected: Using center position 3.766 inches
2025-08-24 20:14:17,655 - INFO - BOTTOM: Page 3, 1.011 inches from bottom = 683.208 pts from top (page height: 756.0 pts)
2025-08-24 20:14:17,658 - INFO - Added annotation to page 3 at (271.152, 683.208)
2025-08-24 20:14:17,659 - INFO - Column 1 detected: Moving comment left 1.5 inches to 2.266 inches
2025-08-24 20:14:17,659 - INFO - BOTTOM: Page 5, 1.007 inches from bottom = 683.496 pts from top (page height: 756.0 pts)
2025-08-24 20:14:17,662 - INFO - Added annotation to page 5 at (163.152, 683.496)
2025-08-24 20:14:17,663 - INFO - Column 2 detected: Moving comment right 1.5 inches to 5.266 inches
2025-08-24 20:14:17,663 - INFO - BOTTOM: Page 5, 1.007 inches from bottom = 683.496 pts from top (page height: 756.0 pts)
2025-08-24 20:14:17,666 - INFO - Added annotation to page 5 at (379.152, 683.496)
2025-08-24 20:14:17,667 - INFO - No column reference detected: Using center position 3.766 inches
2025-08-24 20:14:17,667 - INFO - BOTTOM: Page 8, 1.007 inches from bottom = 683.496 pts from top (page height: 756.0 pts)
2025-08-24 20:14:17,670 - INFO - Added annotation to page 8 at (271.152, 683.496)
2025-08-24 20:14:17,670 - INFO - Column 1 detected: Moving comment left 1.5 inches to 2.266 inches
2025-08-24 20:14:17,670 - INFO - BOTTOM: Page 10, 1.007 inches from bottom = 683.496 pts from top (page height: 756.0 pts)
2025-08-24 20:14:17,673 - INFO - Added annotation to page 10 at (163.152, 683.496)
2025-08-24 20:14:17,673 - INFO - Column 2 detected: Moving comment right 1.5 inches to 5.266 inches
2025-08-24 20:14:17,674 - INFO - BOTTOM: Page 10, 1.007 inches from bottom = 683.496 pts from top (page height: 756.0 pts)
2025-08-24 20:14:17,678 - INFO - Added annotation to page 10 at (379.152, 683.496)
2025-08-24 20:14:17,678 - INFO - Column 1 detected: Moving comment left 1.5 inches to 2.266 inches
2025-08-24 20:14:17,678 - INFO - BOTTOM: Page 13, 1.007 inches from bottom = 683.496 pts from top (page height: 756.0 pts)
2025-08-24 20:14:17,680 - INFO - Added annotation to page 13 at (163.152, 683.496)
2025-08-24 20:14:17,681 - INFO - Column 2 detected: Moving comment right 1.5 inches to 5.266 inches
2025-08-24 20:14:17,681 - INFO - BOTTOM: Page 13, 1.007 inches from bottom = 683.496 pts from top (page height: 756.0 pts)
2025-08-24 20:14:17,683 - INFO - Added annotation to page 13 at (379.152, 683.496)
2025-08-24 20:14:17,684 - INFO - Column 1 detected: Moving comment left 1.5 inches to 2.266 inches
2025-08-24 20:14:17,684 - INFO - BOTTOM: Page 14, 1.007 inches from bottom = 683.496 pts from top (page height: 756.0 pts)
2025-08-24 20:14:17,687 - INFO - Added annotation to page 14 at (163.152, 683.496)
2025-08-24 20:14:17,688 - INFO - Column 2 detected: Moving comment right 1.5 inches to 5.266 inches
2025-08-24 20:14:17,688 - INFO - BOTTOM: Page 14, 1.007 inches from bottom = 683.496 pts from top (page height: 756.0 pts)
2025-08-24 20:14:17,691 - INFO - Added annotation to page 14 at (379.152, 683.496)
2025-08-24 20:14:17,692 - INFO - Column 1 detected: Moving comment left 1.5 inches to 2.266 inches
2025-08-24 20:14:17,693 - INFO - BOTTOM: Page 15, 1.007 inches from bottom = 683.496 pts from top (page height: 756.0 pts)
2025-08-24 20:14:17,696 - INFO - Added annotation to page 15 at (163.152, 683.496)
2025-08-24 20:14:17,696 - INFO - Column 2 detected: Moving comment right 1.5 inches to 5.266 inches
2025-08-24 20:14:17,696 - INFO - BOTTOM: Page 15, 1.007 inches from bottom = 683.496 pts from top (page height: 756.0 pts)
2025-08-24 20:14:17,700 - INFO - Added annotation to page 15 at (379.152, 683.496)
2025-08-24 20:14:17,700 - INFO - No column reference detected: Using center position 3.766 inches
2025-08-24 20:14:17,701 - INFO - BOTTOM: Page 19, 1.007 inches from bottom = 683.496 pts from top (page height: 756.0 pts)
2025-08-24 20:14:17,704 - INFO - Added annotation to page 19 at (271.152, 683.496)
2025-08-24 20:14:17,705 - INFO - Column 1 detected: Moving comment left 1.5 inches to 2.266 inches
2025-08-24 20:14:17,705 - INFO - BOTTOM: Page 24, 1.444 inches from bottom = 652.032 pts from top (page height: 756.0 pts)
2025-08-24 20:14:17,711 - INFO - Added annotation to page 24 at (163.152, 652.032)
2025-08-24 20:14:17,712 - INFO - Column 2 detected: Moving comment right 1.5 inches to 5.266 inches
2025-08-24 20:14:17,713 - INFO - BOTTOM: Page 24, 1.444 inches from bottom = 652.032 pts from top (page height: 756.0 pts)
2025-08-24 20:14:17,718 - INFO - Added annotation to page 24 at (379.152, 652.032)
2025-08-24 20:14:17,719 - INFO - Column 1 detected: Moving comment left 1.5 inches to 2.266 inches
2025-08-24 20:14:17,719 - INFO - BOTTOM: Page 28, 1.007 inches from bottom = 683.496 pts from top (page height: 756.0 pts)
2025-08-24 20:14:17,726 - INFO - Added annotation to page 28 at (163.152, 683.496)
2025-08-24 20:14:17,727 - INFO - Column 2 detected: Moving comment right 1.5 inches to 5.266 inches
2025-08-24 20:14:17,727 - INFO - BOTTOM: Page 28, 1.007 inches from bottom = 683.496 pts from top (page height: 756.0 pts)
2025-08-24 20:14:17,732 - INFO - Added annotation to page 28 at (379.152, 683.496)
2025-08-24 20:14:17,733 - INFO - Column 1 detected: Moving comment left 1.5 inches to 2.266 inches
2025-08-24 20:14:17,734 - INFO - BOTTOM: Page 29, 1.007 inches from bottom = 683.496 pts from top (page height: 756.0 pts)
2025-08-24 20:14:17,739 - INFO - Added annotation to page 29 at (163.152, 683.496)
2025-08-24 20:14:17,740 - INFO - Column 2 detected: Moving comment right 1.5 inches to 5.266 inches
2025-08-24 20:14:17,741 - INFO - BOTTOM: Page 29, 1.007 inches from bottom = 683.496 pts from top (page height: 756.0 pts)
2025-08-24 20:14:17,747 - INFO - Added annotation to page 29 at (379.152, 683.496)
2025-08-24 20:14:17,747 - INFO - No column reference detected: Using center position 3.766 inches
2025-08-24 20:14:17,748 - INFO - BOTTOM: Page 31, 1.007 inches from bottom = 683.496 pts from top (page height: 756.0 pts)
2025-08-24 20:14:17,752 - INFO - Added annotation to page 31 at (271.152, 683.496)
2025-08-24 20:14:17,753 - INFO - Column 1 detected: Moving comment left 1.5 inches to 2.266 inches
2025-08-24 20:14:17,753 - INFO - BOTTOM: Page 32, 3.194 inches from bottom = 526.032 pts from top (page height: 756.0 pts)
2025-08-24 20:14:17,758 - INFO - Added annotation to page 32 at (163.152, 526.032)
2025-08-24 20:14:17,759 - INFO - Column 2 detected: Moving comment right 1.5 inches to 5.266 inches
2025-08-24 20:14:17,759 - INFO - BOTTOM: Page 32, 3.194 inches from bottom = 526.032 pts from top (page height: 756.0 pts)
2025-08-24 20:14:17,764 - INFO - Added annotation to page 32 at (379.152, 526.032)
2025-08-24 20:14:17,765 - INFO - Column 1 detected: Moving comment left 1.5 inches to 2.266 inches
2025-08-24 20:14:17,766 - INFO - BOTTOM: Page 34, 1.007 inches from bottom = 683.496 pts from top (page height: 756.0 pts)
2025-08-24 20:14:17,769 - INFO - Added annotation to page 34 at (163.152, 683.496)
2025-08-24 20:14:17,770 - INFO - Column 2 detected: Moving comment right 1.5 inches to 5.266 inches
2025-08-24 20:14:17,770 - INFO - BOTTOM: Page 34, 1.007 inches from bottom = 683.496 pts from top (page height: 756.0 pts)
2025-08-24 20:14:17,775 - INFO - Added annotation to page 34 at (379.152, 683.496)
2025-08-24 20:14:17,776 - INFO - No column reference detected: Using center position 3.766 inches
2025-08-24 20:14:17,776 - INFO - BOTTOM: Page 35, 5.25 inches from bottom = 378.0 pts from top (page height: 756.0 pts)
2025-08-24 20:14:17,780 - INFO - Added annotation to page 35 at (271.152, 378.0)
2025-08-24 20:14:17,781 - INFO - Column 1 detected: Moving comment left 1.5 inches to 2.266 inches
2025-08-24 20:14:17,781 - INFO - BOTTOM: Page 36, 3.34 inches from bottom = 515.52 pts from top (page height: 756.0 pts)
2025-08-24 20:14:17,786 - INFO - Added annotation to page 36 at (163.152, 515.52)
2025-08-24 20:14:17,787 - INFO - Column 2 detected: Moving comment right 1.5 inches to 5.266 inches
2025-08-24 20:14:17,788 - INFO - BOTTOM: Page 36, 3.34 inches from bottom = 515.52 pts from top (page height: 756.0 pts)
2025-08-24 20:14:17,794 - INFO - Added annotation to page 36 at (379.152, 515.52)
2025-08-24 20:14:17,795 - INFO - No column reference detected: Using center position 3.766 inches
2025-08-24 20:14:17,796 - INFO - BOTTOM: Page 36, 3.049 inches from bottom = 536.472 pts from top (page height: 756.0 pts)
2025-08-24 20:14:17,801 - INFO - Added annotation to page 36 at (271.152, 536.472)
2025-08-24 20:14:17,802 - INFO - Column 1 detected: Moving comment left 1.5 inches to 2.266 inches
2025-08-24 20:14:17,802 - INFO - BOTTOM: Page 37, 1.007 inches from bottom = 683.496 pts from top (page height: 756.0 pts)
2025-08-24 20:14:17,807 - INFO - Added annotation to page 37 at (163.152, 683.496)
2025-08-24 20:14:17,808 - INFO - Column 2 detected: Moving comment right 1.5 inches to 5.266 inches
2025-08-24 20:14:17,809 - INFO - BOTTOM: Page 37, 1.007 inches from bottom = 683.496 pts from top (page height: 756.0 pts)
2025-08-24 20:14:17,814 - INFO - Added annotation to page 37 at (379.152, 683.496)
2025-08-24 20:14:17,814 - INFO - Column 1 detected: Moving comment left 1.5 inches to 2.266 inches
2025-08-24 20:14:17,815 - INFO - BOTTOM: Page 39, 1.007 inches from bottom = 683.496 pts from top (page height: 756.0 pts)
2025-08-24 20:14:17,820 - INFO - Added annotation to page 39 at (163.152, 683.496)
2025-08-24 20:14:17,821 - INFO - Column 2 detected: Moving comment right 1.5 inches to 5.266 inches
2025-08-24 20:14:17,821 - INFO - BOTTOM: Page 39, 1.007 inches from bottom = 683.496 pts from top (page height: 756.0 pts)
2025-08-24 20:14:17,828 - INFO - Added annotation to page 39 at (379.152, 683.496)
2025-08-24 20:14:17,829 - INFO - Column 1 detected: Moving comment left 1.5 inches to 2.266 inches
2025-08-24 20:14:17,829 - INFO - TOP: Page 39, 2.802 inches from top = 201.744 pts from top
2025-08-24 20:14:17,835 - INFO - Added annotation to page 39 at (163.152, 201.744)
2025-08-24 20:14:17,837 - INFO - Column 1 detected: Moving comment left 1.5 inches to 2.266 inches
2025-08-24 20:14:17,837 - INFO - TOP: Page 39, 3.448 inches from top = 248.256 pts from top
2025-08-24 20:14:17,844 - INFO - Added annotation to page 39 at (163.152, 248.256)
2025-08-24 20:14:17,846 - INFO - Column 2 detected: Moving comment right 1.5 inches to 5.266 inches
2025-08-24 20:14:17,847 - INFO - TOP: Page 39, 2.898 inches from top = 208.656 pts from top
2025-08-24 20:14:17,853 - INFO - Added annotation to page 39 at (379.152, 208.656)
2025-08-24 20:14:17,853 - INFO - Column 2 detected: Moving comment right 1.5 inches to 5.266 inches
2025-08-24 20:14:17,854 - INFO - TOP: Page 39, 2.802 inches from top = 201.744 pts from top
2025-08-24 20:14:17,859 - INFO - Added annotation to page 39 at (379.152, 201.744)
2025-08-24 20:14:17,860 - INFO - Column 2 detected: Moving comment right 1.5 inches to 5.266 inches
2025-08-24 20:14:17,861 - INFO - TOP: Page 39, 1.801 inches from top = 129.672 pts from top
2025-08-24 20:14:17,867 - INFO - Added annotation to page 39 at (379.152, 129.672)
2025-08-24 20:14:17,868 - INFO - No column reference detected: Using center position 3.766 inches
2025-08-24 20:14:17,868 - INFO - TOP: Page 39, -1.801 inches from top = -129.672 pts from top
2025-08-24 20:14:17,868 - WARNING - Annotation Y coordinate -129.672 is above page, clamping to 0
2025-08-24 20:14:17,873 - INFO - Added annotation to page 39 at (271.152, 0)
2025-08-24 20:14:17,874 - INFO - Column 1 detected: Moving comment left 1.5 inches to 2.266 inches
2025-08-24 20:14:17,875 - INFO - BOTTOM: Page 41, 4.799 inches from bottom = 410.472 pts from top (page height: 756.0 pts)
2025-08-24 20:14:17,880 - INFO - Added annotation to page 41 at (163.152, 410.472)
2025-08-24 20:14:17,881 - INFO - Column 2 detected: Moving comment right 1.5 inches to 5.266 inches
2025-08-24 20:14:17,881 - INFO - BOTTOM: Page 41, 4.799 inches from bottom = 410.472 pts from top (page height: 756.0 pts)
2025-08-24 20:14:17,887 - INFO - Added annotation to page 41 at (379.152, 410.472)
2025-08-24 20:14:17,887 - INFO - No column reference detected: Using center position 3.766 inches
2025-08-24 20:14:17,888 - INFO - BOTTOM: Page 41, 4.507 inches from bottom = 431.49600000000004 pts from top (page height: 756.0 pts)
2025-08-24 20:14:17,893 - INFO - Added annotation to page 41 at (271.152, 431.49600000000004)
2025-08-24 20:14:17,894 - INFO - Column 1 detected: Moving comment left 1.5 inches to 2.266 inches
2025-08-24 20:14:17,895 - INFO - BOTTOM: Page 42, 1.007 inches from bottom = 683.496 pts from top (page height: 756.0 pts)
2025-08-24 20:14:17,899 - INFO - Added annotation to page 42 at (163.152, 683.496)
2025-08-24 20:14:17,900 - INFO - Column 2 detected: Moving comment right 1.5 inches to 5.266 inches
2025-08-24 20:14:17,900 - INFO - BOTTOM: Page 42, 1.007 inches from bottom = 683.496 pts from top (page height: 756.0 pts)
2025-08-24 20:14:17,904 - INFO - Added annotation to page 42 at (379.152, 683.496)
2025-08-24 20:14:17,905 - INFO - Column 1 detected: Moving comment left 1.5 inches to 2.266 inches
2025-08-24 20:14:17,905 - INFO - BOTTOM: Page 43, 1.007 inches from bottom = 683.496 pts from top (page height: 756.0 pts)
2025-08-24 20:14:17,912 - INFO - Added annotation to page 43 at (163.152, 683.496)
2025-08-24 20:14:17,913 - INFO - Column 2 detected: Moving comment right 1.5 inches to 5.266 inches
2025-08-24 20:14:17,914 - INFO - BOTTOM: Page 43, 1.007 inches from bottom = 683.496 pts from top (page height: 756.0 pts)
2025-08-24 20:14:17,918 - INFO - Added annotation to page 43 at (379.152, 683.496)
2025-08-24 20:14:17,919 - INFO - No column reference detected: Using center position 3.766 inches
2025-08-24 20:14:17,920 - INFO - BOTTOM: Page 44, 1.007 inches from bottom = 683.496 pts from top (page height: 756.0 pts)
2025-08-24 20:14:17,925 - INFO - Added annotation to page 44 at (271.152, 683.496)
2025-08-24 20:14:17,926 - INFO - Column 1 detected: Moving comment left 1.5 inches to 2.266 inches
2025-08-24 20:14:17,928 - INFO - BOTTOM: Page 48, 1.007 inches from bottom = 683.496 pts from top (page height: 756.0 pts)
2025-08-24 20:14:17,933 - INFO - Added annotation to page 48 at (163.152, 683.496)
2025-08-24 20:14:17,933 - INFO - Column 2 detected: Moving comment right 1.5 inches to 5.266 inches
2025-08-24 20:14:17,934 - INFO - BOTTOM: Page 48, 1.007 inches from bottom = 683.496 pts from top (page height: 756.0 pts)
2025-08-24 20:14:17,937 - INFO - Added annotation to page 48 at (379.152, 683.496)
2025-08-24 20:14:17,938 - INFO - Column 1 detected: Moving comment left 1.5 inches to 2.266 inches
2025-08-24 20:14:17,938 - INFO - BOTTOM: Page 49, 1.007 inches from bottom = 683.496 pts from top (page height: 756.0 pts)
2025-08-24 20:14:17,944 - INFO - Added annotation to page 49 at (163.152, 683.496)
2025-08-24 20:14:17,945 - INFO - Column 2 detected: Moving comment right 1.5 inches to 5.266 inches
2025-08-24 20:14:17,945 - INFO - BOTTOM: Page 49, 1.007 inches from bottom = 683.496 pts from top (page height: 756.0 pts)
2025-08-24 20:14:17,949 - INFO - Added annotation to page 49 at (379.152, 683.496)
2025-08-24 20:14:17,949 - INFO - Column 1 detected: Moving comment left 1.5 inches to 2.266 inches
2025-08-24 20:14:17,949 - INFO - BOTTOM: Page 52, 2.757 inches from bottom = 557.496 pts from top (page height: 756.0 pts)
2025-08-24 20:14:17,952 - INFO - Added annotation to page 52 at (163.152, 557.496)
2025-08-24 20:14:17,953 - INFO - Column 2 detected: Moving comment right 1.5 inches to 5.266 inches
2025-08-24 20:14:17,953 - INFO - BOTTOM: Page 52, 2.757 inches from bottom = 557.496 pts from top (page height: 756.0 pts)
2025-08-24 20:14:17,955 - INFO - Added annotation to page 52 at (379.152, 557.496)
2025-08-24 20:14:17,956 - INFO - Saving annotated PDF to: 02-Exodus_annotated.pdf
2025-08-24 20:14:18,059 - INFO - PDF saved successfully
2025-08-24 20:14:18,060 - INFO - === 02-Exodus Complete: 55 annotations added ===
2025-08-24 20:14:18,061 - INFO - === BATCH PROCESSING COMPLETE ===
2025-08-24 20:14:18,061 - INFO - Successfully processed: 1
2025-08-24 20:14:18,062 - INFO - Failed: 0
